37.0 APEX_CODE,FINEST;APEX_PROFILING,INFO;CALLOUT,INFO;DB,INFO;SYSTEM,DEBUG;VALIDATION,INFO;VISUALFORCE,INFO;WORKFLOW,INFO
08:27:08.0 (615669)|USER_INFO|[EXTERNAL]|00536000001rY1L|dscruggs@kocollaboration.demo|Eastern Standard Time|GMT-05:00
08:27:08.0 (671825)|EXECUTION_STARTED
08:27:08.0 (680146)|CODE_UNIT_STARTED|[EXTERNAL]|01p3600000Ax0Mi|News_AnnouncementsController.getNewsChannelNames
08:27:08.0 (808495)|VARIABLE_SCOPE_BEGIN|[2]|News_AnnouncementsController.firstNewsChannel|String|false|true
08:27:08.0 (1259501)|HEAP_ALLOCATE|[72]|Bytes:3
08:27:08.0 (1376004)|HEAP_ALLOCATE|[77]|Bytes:152
08:27:08.0 (1412895)|HEAP_ALLOCATE|[342]|Bytes:408
08:27:08.0 (1449623)|HEAP_ALLOCATE|[355]|Bytes:408
08:27:08.0 (1490661)|HEAP_ALLOCATE|[467]|Bytes:48
08:27:08.0 (1598629)|HEAP_ALLOCATE|[139]|Bytes:6
08:27:08.0 (1644529)|HEAP_ALLOCATE|[EXTERNAL]|Bytes:10
08:27:08.0 (1717507)|METHOD_ENTRY|[1]|01p3600000Ax0Mi|News_AnnouncementsController.News_AnnouncementsController()
08:27:08.0 (1723026)|STATEMENT_EXECUTE|[1]
08:27:08.0 (1729412)|STATEMENT_EXECUTE|[1]
08:27:08.0 (1750750)|METHOD_EXIT|[1]|News_AnnouncementsController
08:27:08.0 (1767728)|SYSTEM_MODE_ENTER|false
08:27:08.0 (1782386)|STATEMENT_EXECUTE|[5]
08:27:08.0 (1783925)|STATEMENT_EXECUTE|[6]
08:27:08.0 (1798352)|HEAP_ALLOCATE|[6]|Bytes:21
08:27:08.0 (1802688)|HEAP_ALLOCATE|[6]|Bytes:15
08:27:08.0 (1839995)|HEAP_ALLOCATE|[50]|Bytes:5
08:27:08.0 (1871582)|HEAP_ALLOCATE|[56]|Bytes:5
08:27:08.0 (1880638)|HEAP_ALLOCATE|[64]|Bytes:7
08:27:08.0 (9309282)|HEAP_ALLOCATE|[6]|Bytes:8
08:27:08.0 (9443100)|VARIABLE_SCOPE_BEGIN|[6]|fieldResult|Schema.DescribeFieldResult|true|false
08:27:08.0 (9618778)|VARIABLE_ASSIGNMENT|[6]|fieldResult|"common.api.soap.wsdl.Field@13b535f"|0x47e093ed
08:27:08.0 (9624686)|STATEMENT_EXECUTE|[7]
08:27:08.0 (10086374)|HEAP_ALLOCATE|[EXTERNAL]|Bytes:16
08:27:08.0 (10176143)|HEAP_ALLOCATE|[7]|Bytes:16
08:27:08.0 (10188201)|VARIABLE_SCOPE_BEGIN|[7]|ple|List<Schema.PicklistEntry>|true|false
08:27:08.0 (10222032)|VARIABLE_ASSIGNMENT|[7]|ple|{"s":1,"v":[News,Brand,Marketing]}|0x36576f0b
08:27:08.0 (10225501)|STATEMENT_EXECUTE|[8]
08:27:08.0 (10233215)|HEAP_ALLOCATE|[8]|Bytes:4
08:27:08.0 (10330557)|VARIABLE_SCOPE_BEGIN|[8]|newsChannelNames|List<String>|true|false
08:27:08.0 (10361620)|HEAP_ALLOCATE|[EXTERNAL]|Bytes:4
08:27:08.0 (10372892)|VARIABLE_ASSIGNMENT|[8]|newsChannelNames|{"s":1,"v":[]}|0x228fe8f5
08:27:08.0 (10686982)|HEAP_ALLOCATE|[9]|Bytes:5
08:27:08.0 (10790588)|HEAP_ALLOCATE|[9]|Bytes:4
08:27:08.0 (10838170)|VARIABLE_SCOPE_BEGIN|[9]|f|Schema.PicklistEntry|true|false
08:27:08.0 (10865878)|VARIABLE_ASSIGNMENT|[9]|f|News|0x4d602da
08:27:08.0 (10873759)|STATEMENT_EXECUTE|[9]
08:27:08.0 (10876079)|STATEMENT_EXECUTE|[10]
08:27:08.0 (10901395)|HEAP_ALLOCATE|[10]|Bytes:4
08:27:08.0 (10941842)|HEAP_ALLOCATE|[EXTERNAL]|Bytes:4
08:27:08.0 (10958392)|HEAP_ALLOCATE|[9]|Bytes:5
08:27:08.0 (10970471)|HEAP_ALLOCATE|[9]|Bytes:4
08:27:08.0 (10985463)|VARIABLE_SCOPE_BEGIN|[9]|f|Schema.PicklistEntry|true|false
08:27:08.0 (10996362)|VARIABLE_ASSIGNMENT|[9]|f|Brand|0x59c38af5
08:27:08.0 (10999352)|STATEMENT_EXECUTE|[9]
08:27:08.0 (11000542)|STATEMENT_EXECUTE|[10]
08:27:08.0 (11009831)|HEAP_ALLOCATE|[10]|Bytes:5
08:27:08.0 (11019964)|HEAP_ALLOCATE|[EXTERNAL]|Bytes:4
08:27:08.0 (11030947)|HEAP_ALLOCATE|[9]|Bytes:5
08:27:08.0 (11041247)|HEAP_ALLOCATE|[9]|Bytes:4
08:27:08.0 (11054771)|VARIABLE_SCOPE_BEGIN|[9]|f|Schema.PicklistEntry|true|false
08:27:08.0 (11064813)|VARIABLE_ASSIGNMENT|[9]|f|Marketing|0x57b14374
08:27:08.0 (11067455)|STATEMENT_EXECUTE|[9]
08:27:08.0 (11068636)|STATEMENT_EXECUTE|[10]
08:27:08.0 (11075977)|HEAP_ALLOCATE|[10]|Bytes:9
08:27:08.0 (11085572)|HEAP_ALLOCATE|[EXTERNAL]|Bytes:4
08:27:08.0 (11095777)|HEAP_ALLOCATE|[9]|Bytes:5
08:27:08.0 (11106200)|VARIABLE_ASSIGNMENT|[9]|f|null|
08:27:08.0 (11133586)|STATEMENT_EXECUTE|[12]
08:27:08.0 (11135390)|STATEMENT_EXECUTE|[13]
08:27:08.0 (11144164)|HEAP_ALLOCATE|[13]|Bytes:4
08:27:08.0 (11160054)|VARIABLE_ASSIGNMENT|[13]|News_AnnouncementsController.firstNewsChannel|"News"
08:27:08.0 (11163032)|STATEMENT_EXECUTE|[15]
08:27:08.0 (11184980)|SYSTEM_MODE_EXIT|false
08:27:08.11 (11232807)|CUMULATIVE_LIMIT_USAGE
08:27:08.11 (11232807)|LIMIT_USAGE_FOR_NS|(default)|
  Number of SOQL queries: 0 out of 100
  Number of query rows: 0 out of 50000
  Number of SOSL queries: 0 out of 20
  Number of DML statements: 0 out of 150
  Number of DML rows: 0 out of 10000
  Maximum CPU time: 0 out of 10000
  Maximum heap size: 0 out of 6000000
  Number of callouts: 0 out of 100
  Number of Email Invocations: 0 out of 10
  Number of future calls: 0 out of 50
  Number of queueable jobs added to the queue: 0 out of 50
  Number of Mobile Apex push calls: 0 out of 10

08:27:08.11 (11232807)|CUMULATIVE_LIMIT_USAGE_END

08:27:08.0 (11275951)|CODE_UNIT_FINISHED|News_AnnouncementsController.getNewsChannelNames
08:27:08.0 (13204773)|EXECUTION_FINISHED
08:27:08.15 (15558633)|USER_INFO|[EXTERNAL]|00536000001rY1L|dscruggs@kocollaboration.demo|Eastern Standard Time|GMT-05:00
08:27:08.15 (15572160)|EXECUTION_STARTED
08:27:08.15 (15575337)|CODE_UNIT_STARTED|[EXTERNAL]|01p3600000Ax0Mi|News_AnnouncementsController.getnumDocsByChannel
08:27:08.15 (15617813)|SYSTEM_MODE_ENTER|false
08:27:08.15 (15628341)|STATEMENT_EXECUTE|[18]
08:27:08.15 (15630207)|STATEMENT_EXECUTE|[19]
08:27:08.15 (15638294)|HEAP_ALLOCATE|[19]|Bytes:4
08:27:08.15 (15653027)|VARIABLE_SCOPE_BEGIN|[19]|numDocsByChannel|Map<String,Integer>|true|false
08:27:08.15 (15687569)|VARIABLE_ASSIGNMENT|[19]|numDocsByChannel|{"s":1,"v":{}}|0x4ac635df
08:27:08.15 (15691770)|STATEMENT_EXECUTE|[20]
08:27:08.15 (15696849)|HEAP_ALLOCATE|[20]|Bytes:4
08:27:08.15 (15722931)|VARIABLE_SCOPE_BEGIN|[20]|newsChannelNames|List<String>|true|false
08:27:08.15 (15739523)|HEAP_ALLOCATE|[EXTERNAL]|Bytes:4
08:27:08.15 (15752656)|VARIABLE_ASSIGNMENT|[20]|newsChannelNames|{"s":1,"v":[]}|0xf979a50
08:27:08.15 (15755945)|STATEMENT_EXECUTE|[21]
08:27:08.15 (15767709)|METHOD_ENTRY|[21]|01p3600000Ax0Mi|News_AnnouncementsController.getNewsChannelNames()
08:27:08.15 (15781493)|STATEMENT_EXECUTE|[5]
08:27:08.15 (15783062)|STATEMENT_EXECUTE|[6]
08:27:08.15 (15853340)|HEAP_ALLOCATE|[6]|Bytes:8
08:27:08.15 (15862465)|VARIABLE_SCOPE_BEGIN|[6]|fieldResult|Schema.DescribeFieldResult|true|false
08:27:08.15 (15963270)|VARIABLE_ASSIGNMENT|[6]|fieldResult|"common.api.soap.wsdl.Field@5b7fa2c3"|0x3dfd1a48
08:27:08.15 (15968294)|STATEMENT_EXECUTE|[7]
08:27:08.15 (15987488)|HEAP_ALLOCATE|[EXTERNAL]|Bytes:16
08:27:08.15 (16003756)|HEAP_ALLOCATE|[7]|Bytes:16
08:27:08.15 (16011743)|VARIABLE_SCOPE_BEGIN|[7]|ple|List<Schema.PicklistEntry>|true|false
08:27:08.15 (16029462)|VARIABLE_ASSIGNMENT|[7]|ple|{"s":1,"v":[News,Brand,Marketing]}|0x466eb8e5
08:27:08.15 (16032341)|STATEMENT_EXECUTE|[8]
08:27:08.15 (16036625)|HEAP_ALLOCATE|[8]|Bytes:4
08:27:08.15 (16047614)|VARIABLE_SCOPE_BEGIN|[8]|newsChannelNames|List<String>|true|false
08:27:08.15 (16061086)|HEAP_ALLOCATE|[EXTERNAL]|Bytes:4
08:27:08.15 (16069983)|VARIABLE_ASSIGNMENT|[8]|newsChannelNames|{"s":1,"v":[]}|0x7598ff62
08:27:08.15 (16089972)|HEAP_ALLOCATE|[9]|Bytes:5
08:27:08.15 (16101856)|HEAP_ALLOCATE|[9]|Bytes:4
08:27:08.15 (16117540)|VARIABLE_SCOPE_BEGIN|[9]|f|Schema.PicklistEntry|true|false
08:27:08.15 (16128049)|VARIABLE_ASSIGNMENT|[9]|f|News|0x213dfa9e
08:27:08.15 (16134008)|STATEMENT_EXECUTE|[9]
08:27:08.15 (16135218)|STATEMENT_EXECUTE|[10]
08:27:08.15 (16143916)|HEAP_ALLOCATE|[10]|Bytes:4
08:27:08.15 (16154329)|HEAP_ALLOCATE|[EXTERNAL]|Bytes:4
08:27:08.15 (16165409)|HEAP_ALLOCATE|[9]|Bytes:5
08:27:08.15 (16175258)|HEAP_ALLOCATE|[9]|Bytes:4
08:27:08.15 (16191490)|VARIABLE_SCOPE_BEGIN|[9]|f|Schema.PicklistEntry|true|false
08:27:08.15 (16201333)|VARIABLE_ASSIGNMENT|[9]|f|Brand|0x74c79bab
08:27:08.15 (16204112)|STATEMENT_EXECUTE|[9]
08:27:08.15 (16205174)|STATEMENT_EXECUTE|[10]
08:27:08.15 (16218322)|HEAP_ALLOCATE|[10]|Bytes:5
08:27:08.15 (16228749)|HEAP_ALLOCATE|[EXTERNAL]|Bytes:4
08:27:08.15 (16239188)|HEAP_ALLOCATE|[9]|Bytes:5
08:27:08.15 (16249176)|HEAP_ALLOCATE|[9]|Bytes:4
08:27:08.15 (16262633)|VARIABLE_SCOPE_BEGIN|[9]|f|Schema.PicklistEntry|true|false
08:27:08.15 (16272351)|VARIABLE_ASSIGNMENT|[9]|f|Marketing|0x47ddac46
08:27:08.15 (16275120)|STATEMENT_EXECUTE|[9]
08:27:08.15 (16276115)|STATEMENT_EXECUTE|[10]
08:27:08.15 (16283620)|HEAP_ALLOCATE|[10]|Bytes:9
08:27:08.15 (16292906)|HEAP_ALLOCATE|[EXTERNAL]|Bytes:4
08:27:08.15 (16302637)|HEAP_ALLOCATE|[9]|Bytes:5
08:27:08.15 (16311762)|VARIABLE_ASSIGNMENT|[9]|f|null|
08:27:08.15 (16320461)|STATEMENT_EXECUTE|[12]
08:27:08.15 (16321781)|STATEMENT_EXECUTE|[13]
08:27:08.15 (16325640)|HEAP_ALLOCATE|[13]|Bytes:4
08:27:08.15 (16334907)|VARIABLE_ASSIGNMENT|[13]|News_AnnouncementsController.firstNewsChannel|"News"
08:27:08.15 (16337378)|STATEMENT_EXECUTE|[15]
08:27:08.15 (16342348)|METHOD_EXIT|[21]|01p3600000Ax0Mi|News_AnnouncementsController.getNewsChannelNames()
08:27:08.15 (16354223)|VARIABLE_ASSIGNMENT|[21]|newsChannelNames|{"s":1,"v":["News","Brand","Marketing"]}|0x7598ff62
08:27:08.15 (16356484)|STATEMENT_EXECUTE|[22]
08:27:08.15 (16361627)|HEAP_ALLOCATE|[22]|Bytes:4
08:27:08.15 (16435824)|VARIABLE_SCOPE_BEGIN|[22]|newsChannelRecords|List<News_Announcements__c>|true|false
08:27:08.15 (16444665)|HEAP_ALLOCATE|[EXTERNAL]|Bytes:4
08:27:08.15 (16455596)|VARIABLE_ASSIGNMENT|[22]|newsChannelRecords|{"s":1,"v":[]}|0x750c3830
08:27:08.15 (16458443)|STATEMENT_EXECUTE|[23]
08:27:08.15 (16463381)|HEAP_ALLOCATE|[23]|Bytes:197
08:27:08.15 (16472603)|VARIABLE_SCOPE_BEGIN|[23]|QueryString|String|false|false
08:27:08.15 (16480955)|VARIABLE_ASSIGNMENT|[23]|QueryString|"SELECT Id, Title__c, (177 more) ..."
08:27:08.15 (16482782)|STATEMENT_EXECUTE|[24]
08:27:08.15 (16855630)|SOQL_EXECUTE_BEGIN|[24]|Aggregations:0|SELECT Id, Title__c, News_Channel__c, Source__c, Teaser__c, External_URL__c, URL__c, ImageAttachmentId__c, DisplayDate__c, LastModifiedDate FROM News_Announcements__c ORDER BY LastModifiedDate DESC
08:27:08.15 (40255788)|SOQL_EXECUTE_END|[24]|Rows:4
08:27:08.15 (40304451)|HEAP_ALLOCATE|[24]|Bytes:20
08:27:08.15 (40353125)|HEAP_ALLOCATE|[24]|Bytes:1673
08:27:08.15 (40420622)|HEAP_ALLOCATE|[24]|Bytes:20
08:27:08.15 (40569868)|VARIABLE_ASSIGNMENT|[24]|newsChannelRecords|{"s":1,"v":[{"s":2,"v":{"Id":"a0N36000003F8E2EAK","Title__c":"Here is a new articl (1 more) ...","News_Channel__c":"News;Marketing","Teaser__c":"Here is some great n (32 more) ...","External_URL__c":false,"DisplayDate__c":"July 1, 2016","LastModifiedDate":"2016-07-01T18:06:48.000Z"}},{"s":3,"v":{"Id":"a0N36000001uPCREA2","Title__c":"CHEERS! #SHAREACOKE  (37 more) ...","News_Channel__c":"News;Brand","Teaser__c":"...","External_URL__c":true,"URL__c":"http://www.coca-cola (89 more) ...","ImageAttachmentId__c":"00P36000001KTOnEAO","DisplayDate__c":"May 11, 2016","LastModifiedDate":"2016-05-12T00:02:17.000Z"}},{"s":4,"v":{"Id":"a0N36000001uP7zEAE","Title__c":"#AnyGivenTuesday: We (61 more) ...","News_Channel__c":"News;Marketing","Source__c":"http://www.coca-cola (160 more) ...","Teaser__c":"...","External_URL__c":true,"URL__c":"http://www.coca-cola (38 more) ...","ImageAttachmentId__c":"00P36000001KTO4EAO","DisplayDate__c":"May 11, 2016","LastModifiedDate":"2016-05-12T00:00:02.000Z"}},{"s":5,"v":{"Id":"a0N36000001u0zbEAA","Title__c":"Introducing: Our new (28 more) ...","News_Channel__c":"News","Source__c":"https://t1.ftcdn.net (68 more) ...","Teaser__c":"Cirrus Audio today r (105 more) ...","External_URL__c":true,"URL__c":"http://www.salesforc (5 more) ...","ImageAttachmentId__c":"00P36000001U58KEAS","DisplayDate__c":"May 9, 2016","LastModifiedDate":"2016-05-09T15:38:27.000Z"}}]}|0x25f2116f
08:27:08.15 (40679962)|HEAP_ALLOCATE|[25]|Bytes:5
08:27:08.15 (40698396)|HEAP_ALLOCATE|[25]|Bytes:4
08:27:08.15 (40714277)|VARIABLE_SCOPE_BEGIN|[25]|nChannel|String|false|false
08:27:08.15 (40723444)|VARIABLE_ASSIGNMENT|[25]|nChannel|"News"
08:27:08.15 (40728061)|STATEMENT_EXECUTE|[25]
08:27:08.15 (40730017)|STATEMENT_EXECUTE|[26]
08:27:08.15 (40734396)|VARIABLE_SCOPE_BEGIN|[26]|channelCount|Integer|false|false
08:27:08.15 (40738342)|HEAP_ALLOCATE|[26]|Bytes:4
08:27:08.15 (40742351)|VARIABLE_ASSIGNMENT|[26]|channelCount|0
08:27:08.15 (40910875)|HEAP_ALLOCATE|[27]|Bytes:5
08:27:08.15 (40957362)|HEAP_ALLOCATE|[27]|Bytes:32
08:27:08.15 (40967294)|VARIABLE_SCOPE_BEGIN|[27]|n|News_Announcements__c|true|false
08:27:08.15 (40993832)|VARIABLE_ASSIGNMENT|[27]|n|{"s":1,"v":{"Id":"a0N36000003F8E2EAK","Title__c":"Here is a new articl (1 more) ...","News_Channel__c":"News;Marketing","Teaser__c":"Here is some great n (32 more) ...","External_URL__c":false,"DisplayDate__c":"July 1, 2016","LastModifiedDate":"2016-07-01T18:06:48.000Z"}}|0x56ddcdd5
08:27:08.15 (40998870)|STATEMENT_EXECUTE|[27]
08:27:08.15 (41121729)|STATEMENT_EXECUTE|[28]
08:27:08.15 (41125636)|STATEMENT_EXECUTE|[29]
08:27:08.15 (41129138)|HEAP_ALLOCATE|[29]|Bytes:4
08:27:08.15 (41136394)|VARIABLE_ASSIGNMENT|[29]|channelCount|1
08:27:08.15 (41147992)|HEAP_ALLOCATE|[27]|Bytes:5
08:27:08.15 (41171534)|HEAP_ALLOCATE|[27]|Bytes:40
08:27:08.15 (41179509)|VARIABLE_SCOPE_BEGIN|[27]|n|News_Announcements__c|true|false
08:27:08.15 (41205872)|VARIABLE_ASSIGNMENT|[27]|n|{"s":1,"v":{"Id":"a0N36000001uPCREA2","Title__c":"CHEERS! #SHAREACOKE  (37 more) ...","News_Channel__c":"News;Brand","Teaser__c":"...","External_URL__c":true,"URL__c":"http://www.coca-cola (89 more) ...","ImageAttachmentId__c":"00P36000001KTOnEAO","DisplayDate__c":"May 11, 2016","LastModifiedDate":"2016-05-12T00:02:17.000Z"}}|0x1dc7e888
08:27:08.15 (41210637)|STATEMENT_EXECUTE|[27]
08:27:08.15 (41234813)|STATEMENT_EXECUTE|[28]
08:27:08.15 (41236419)|STATEMENT_EXECUTE|[29]
08:27:08.15 (41239012)|HEAP_ALLOCATE|[29]|Bytes:4
08:27:08.15 (41245319)|VARIABLE_ASSIGNMENT|[29]|channelCount|2
08:27:08.15 (41254641)|HEAP_ALLOCATE|[27]|Bytes:5
08:27:08.15 (41275955)|HEAP_ALLOCATE|[27]|Bytes:44
08:27:08.15 (41283218)|VARIABLE_SCOPE_BEGIN|[27]|n|News_Announcements__c|true|false
08:27:08.15 (41308017)|VARIABLE_ASSIGNMENT|[27]|n|{"s":1,"v":{"Id":"a0N36000001uP7zEAE","Title__c":"#AnyGivenTuesday: We (61 more) ...","News_Channel__c":"News;Marketing","Source__c":"http://www.coca-cola (160 more) ...","Teaser__c":"...","External_URL__c":true,"URL__c":"http://www.coca-cola (38 more) ...","ImageAttachmentId__c":"00P36000001KTO4EAO","DisplayDate__c":"May 11, 2016","LastModifiedDate":"2016-05-12T00:00:02.000Z"}}|0x5b18f189
08:27:08.15 (41312880)|STATEMENT_EXECUTE|[27]
08:27:08.15 (41334707)|STATEMENT_EXECUTE|[28]
08:27:08.15 (41336305)|STATEMENT_EXECUTE|[29]
08:27:08.15 (41338585)|HEAP_ALLOCATE|[29]|Bytes:4
08:27:08.15 (41344264)|VARIABLE_ASSIGNMENT|[29]|channelCount|3
08:27:08.15 (41353381)|HEAP_ALLOCATE|[27]|Bytes:5
08:27:08.15 (41373522)|HEAP_ALLOCATE|[27]|Bytes:44
08:27:08.15 (41380388)|VARIABLE_SCOPE_BEGIN|[27]|n|News_Announcements__c|true|false
08:27:08.15 (41405303)|VARIABLE_ASSIGNMENT|[27]|n|{"s":1,"v":{"Id":"a0N36000001u0zbEAA","Title__c":"Introducing: Our new (28 more) ...","News_Channel__c":"News","Source__c":"https://t1.ftcdn.net (68 more) ...","Teaser__c":"Cirrus Audio today r (105 more) ...","External_URL__c":true,"URL__c":"http://www.salesforc (5 more) ...","ImageAttachmentId__c":"00P36000001U58KEAS","DisplayDate__c":"May 9, 2016","LastModifiedDate":"2016-05-09T15:38:27.000Z"}}|0x51ee5a74
08:27:08.15 (41417316)|STATEMENT_EXECUTE|[27]
08:27:08.15 (41440177)|STATEMENT_EXECUTE|[28]
08:27:08.15 (41441843)|STATEMENT_EXECUTE|[29]
08:27:08.15 (41444174)|HEAP_ALLOCATE|[29]|Bytes:4
08:27:08.15 (41450225)|VARIABLE_ASSIGNMENT|[29]|channelCount|4
08:27:08.15 (41459446)|HEAP_ALLOCATE|[27]|Bytes:5
08:27:08.15 (41469585)|VARIABLE_ASSIGNMENT|[27]|n|null|
08:27:08.15 (41473180)|STATEMENT_EXECUTE|[32]
08:27:08.15 (41510987)|HEAP_ALLOCATE|[32]|Bytes:4
08:27:08.15 (41536610)|HEAP_ALLOCATE|[EXTERNAL]|Bytes:-4
08:27:08.15 (41553161)|HEAP_ALLOCATE|[25]|Bytes:5
08:27:08.15 (41561405)|HEAP_ALLOCATE|[25]|Bytes:5
08:27:08.15 (41567761)|VARIABLE_SCOPE_BEGIN|[25]|nChannel|String|false|false
08:27:08.15 (41574761)|VARIABLE_ASSIGNMENT|[25]|nChannel|"Brand"
08:27:08.15 (41577146)|STATEMENT_EXECUTE|[25]
08:27:08.15 (41578161)|STATEMENT_EXECUTE|[26]
08:27:08.15 (41580652)|VARIABLE_SCOPE_BEGIN|[26]|channelCount|Integer|false|false
08:27:08.15 (41583019)|HEAP_ALLOCATE|[26]|Bytes:4
08:27:08.15 (41586618)|VARIABLE_ASSIGNMENT|[26]|channelCount|0
08:27:08.15 (41600577)|HEAP_ALLOCATE|[27]|Bytes:5
08:27:08.15 (41609055)|HEAP_ALLOCATE|[27]|Bytes:32
08:27:08.15 (41614374)|VARIABLE_SCOPE_BEGIN|[27]|n|News_Announcements__c|true|false
08:27:08.15 (41636194)|VARIABLE_ASSIGNMENT|[27]|n|{"s":1,"v":{"Id":"a0N36000003F8E2EAK","Title__c":"Here is a new articl (1 more) ...","News_Channel__c":"News;Marketing","Teaser__c":"Here is some great n (32 more) ...","External_URL__c":false,"DisplayDate__c":"July 1, 2016","LastModifiedDate":"2016-07-01T18:06:48.000Z"}}|0x56ddcdd5
08:27:08.15 (41640631)|STATEMENT_EXECUTE|[27]
08:27:08.15 (41662232)|STATEMENT_EXECUTE|[28]
08:27:08.15 (41671385)|HEAP_ALLOCATE|[27]|Bytes:5
08:27:08.15 (41680571)|HEAP_ALLOCATE|[27]|Bytes:40
08:27:08.15 (41686379)|VARIABLE_SCOPE_BEGIN|[27]|n|News_Announcements__c|true|false
08:27:08.15 (41709628)|VARIABLE_ASSIGNMENT|[27]|n|{"s":1,"v":{"Id":"a0N36000001uPCREA2","Title__c":"CHEERS! #SHAREACOKE  (37 more) ...","News_Channel__c":"News;Brand","Teaser__c":"...","External_URL__c":true,"URL__c":"http://www.coca-cola (89 more) ...","ImageAttachmentId__c":"00P36000001KTOnEAO","DisplayDate__c":"May 11, 2016","LastModifiedDate":"2016-05-12T00:02:17.000Z"}}|0x1dc7e888
08:27:08.15 (41714276)|STATEMENT_EXECUTE|[27]
08:27:08.15 (41733375)|STATEMENT_EXECUTE|[28]
08:27:08.15 (41734943)|STATEMENT_EXECUTE|[29]
08:27:08.15 (41737148)|HEAP_ALLOCATE|[29]|Bytes:4
08:27:08.15 (41742719)|VARIABLE_ASSIGNMENT|[29]|channelCount|1
08:27:08.15 (41751288)|HEAP_ALLOCATE|[27]|Bytes:5
08:27:08.15 (41760127)|HEAP_ALLOCATE|[27]|Bytes:44
08:27:08.15 (41765814)|VARIABLE_SCOPE_BEGIN|[27]|n|News_Announcements__c|true|false
08:27:08.15 (41788974)|VARIABLE_ASSIGNMENT|[27]|n|{"s":1,"v":{"Id":"a0N36000001uP7zEAE","Title__c":"#AnyGivenTuesday: We (61 more) ...","News_Channel__c":"News;Marketing","Source__c":"http://www.coca-cola (160 more) ...","Teaser__c":"...","External_URL__c":true,"URL__c":"http://www.coca-cola (38 more) ...","ImageAttachmentId__c":"00P36000001KTO4EAO","DisplayDate__c":"May 11, 2016","LastModifiedDate":"2016-05-12T00:00:02.000Z"}}|0x5b18f189
08:27:08.15 (41794059)|STATEMENT_EXECUTE|[27]
08:27:08.15 (41812956)|STATEMENT_EXECUTE|[28]
08:27:08.15 (41822158)|HEAP_ALLOCATE|[27]|Bytes:5
08:27:08.15 (41831261)|HEAP_ALLOCATE|[27]|Bytes:44
08:27:08.15 (41836941)|VARIABLE_SCOPE_BEGIN|[27]|n|News_Announcements__c|true|false
08:27:08.15 (41861559)|VARIABLE_ASSIGNMENT|[27]|n|{"s":1,"v":{"Id":"a0N36000001u0zbEAA","Title__c":"Introducing: Our new (28 more) ...","News_Channel__c":"News","Source__c":"https://t1.ftcdn.net (68 more) ...","Teaser__c":"Cirrus Audio today r (105 more) ...","External_URL__c":true,"URL__c":"http://www.salesforc (5 more) ...","ImageAttachmentId__c":"00P36000001U58KEAS","DisplayDate__c":"May 9, 2016","LastModifiedDate":"2016-05-09T15:38:27.000Z"}}|0x51ee5a74
08:27:08.15 (41866876)|STATEMENT_EXECUTE|[27]
08:27:08.15 (41885670)|STATEMENT_EXECUTE|[28]
08:27:08.15 (41894378)|HEAP_ALLOCATE|[27]|Bytes:5
08:27:08.15 (41904157)|VARIABLE_ASSIGNMENT|[27]|n|null|
08:27:08.15 (41906531)|STATEMENT_EXECUTE|[32]
08:27:08.15 (41911795)|HEAP_ALLOCATE|[32]|Bytes:4
08:27:08.15 (41915456)|HEAP_ALLOCATE|[EXTERNAL]|Bytes:-4
08:27:08.15 (41924551)|HEAP_ALLOCATE|[25]|Bytes:5
08:27:08.15 (41931372)|HEAP_ALLOCATE|[25]|Bytes:9
08:27:08.15 (41936789)|VARIABLE_SCOPE_BEGIN|[25]|nChannel|String|false|false
08:27:08.15 (41942660)|VARIABLE_ASSIGNMENT|[25]|nChannel|"Marketing"
08:27:08.15 (41944776)|STATEMENT_EXECUTE|[25]
08:27:08.15 (41945722)|STATEMENT_EXECUTE|[26]
08:27:08.15 (41948040)|VARIABLE_SCOPE_BEGIN|[26]|channelCount|Integer|false|false
08:27:08.15 (41950229)|HEAP_ALLOCATE|[26]|Bytes:4
08:27:08.15 (41953794)|VARIABLE_ASSIGNMENT|[26]|channelCount|0
08:27:08.15 (41967493)|HEAP_ALLOCATE|[27]|Bytes:5
08:27:08.15 (41975613)|HEAP_ALLOCATE|[27]|Bytes:32
08:27:08.15 (41980761)|VARIABLE_SCOPE_BEGIN|[27]|n|News_Announcements__c|true|false
08:27:08.15 (42001255)|VARIABLE_ASSIGNMENT|[27]|n|{"s":1,"v":{"Id":"a0N36000003F8E2EAK","Title__c":"Here is a new articl (1 more) ...","News_Channel__c":"News;Marketing","Teaser__c":"Here is some great n (32 more) ...","External_URL__c":false,"DisplayDate__c":"July 1, 2016","LastModifiedDate":"2016-07-01T18:06:48.000Z"}}|0x56ddcdd5
08:27:08.15 (42006174)|STATEMENT_EXECUTE|[27]
08:27:08.15 (42025589)|STATEMENT_EXECUTE|[28]
08:27:08.15 (42027038)|STATEMENT_EXECUTE|[29]
08:27:08.15 (42029336)|HEAP_ALLOCATE|[29]|Bytes:4
08:27:08.15 (42034834)|VARIABLE_ASSIGNMENT|[29]|channelCount|1
08:27:08.15 (42043438)|HEAP_ALLOCATE|[27]|Bytes:5
08:27:08.15 (42052272)|HEAP_ALLOCATE|[27]|Bytes:40
08:27:08.15 (42057710)|VARIABLE_SCOPE_BEGIN|[27]|n|News_Announcements__c|true|false
08:27:08.15 (42079073)|VARIABLE_ASSIGNMENT|[27]|n|{"s":1,"v":{"Id":"a0N36000001uPCREA2","Title__c":"CHEERS! #SHAREACOKE  (37 more) ...","News_Channel__c":"News;Brand","Teaser__c":"...","External_URL__c":true,"URL__c":"http://www.coca-cola (89 more) ...","ImageAttachmentId__c":"00P36000001KTOnEAO","DisplayDate__c":"May 11, 2016","LastModifiedDate":"2016-05-12T00:02:17.000Z"}}|0x1dc7e888
08:27:08.15 (42084127)|STATEMENT_EXECUTE|[27]
08:27:08.15 (42103271)|STATEMENT_EXECUTE|[28]
08:27:08.15 (42111964)|HEAP_ALLOCATE|[27]|Bytes:5
08:27:08.15 (42120887)|HEAP_ALLOCATE|[27]|Bytes:44
08:27:08.15 (42126578)|VARIABLE_SCOPE_BEGIN|[27]|n|News_Announcements__c|true|false
08:27:08.15 (42149672)|VARIABLE_ASSIGNMENT|[27]|n|{"s":1,"v":{"Id":"a0N36000001uP7zEAE","Title__c":"#AnyGivenTuesday: We (61 more) ...","News_Channel__c":"News;Marketing","Source__c":"http://www.coca-cola (160 more) ...","Teaser__c":"...","External_URL__c":true,"URL__c":"http://www.coca-cola (38 more) ...","ImageAttachmentId__c":"00P36000001KTO4EAO","DisplayDate__c":"May 11, 2016","LastModifiedDate":"2016-05-12T00:00:02.000Z"}}|0x5b18f189
08:27:08.15 (42154909)|STATEMENT_EXECUTE|[27]
08:27:08.15 (42173586)|STATEMENT_EXECUTE|[28]
08:27:08.15 (42175090)|STATEMENT_EXECUTE|[29]
08:27:08.15 (42177283)|HEAP_ALLOCATE|[29]|Bytes:4
08:27:08.15 (42182607)|VARIABLE_ASSIGNMENT|[29]|channelCount|2
08:27:08.15 (42191026)|HEAP_ALLOCATE|[27]|Bytes:5
08:27:08.15 (42199591)|HEAP_ALLOCATE|[27]|Bytes:44
08:27:08.15 (42205186)|VARIABLE_SCOPE_BEGIN|[27]|n|News_Announcements__c|true|false
08:27:08.15 (42228627)|VARIABLE_ASSIGNMENT|[27]|n|{"s":1,"v":{"Id":"a0N36000001u0zbEAA","Title__c":"Introducing: Our new (28 more) ...","News_Channel__c":"News","Source__c":"https://t1.ftcdn.net (68 more) ...","Teaser__c":"Cirrus Audio today r (105 more) ...","External_URL__c":true,"URL__c":"http://www.salesforc (5 more) ...","ImageAttachmentId__c":"00P36000001U58KEAS","DisplayDate__c":"May 9, 2016","LastModifiedDate":"2016-05-09T15:38:27.000Z"}}|0x51ee5a74
08:27:08.15 (42233530)|STATEMENT_EXECUTE|[27]
08:27:08.15 (42252396)|STATEMENT_EXECUTE|[28]
08:27:08.15 (42261383)|HEAP_ALLOCATE|[27]|Bytes:5
08:27:08.15 (42270982)|VARIABLE_ASSIGNMENT|[27]|n|null|
08:27:08.15 (42273370)|STATEMENT_EXECUTE|[32]
08:27:08.15 (42278672)|HEAP_ALLOCATE|[32]|Bytes:4
08:27:08.15 (42282118)|HEAP_ALLOCATE|[EXTERNAL]|Bytes:-4
08:27:08.15 (42291180)|HEAP_ALLOCATE|[25]|Bytes:5
08:27:08.15 (42298861)|VARIABLE_ASSIGNMENT|[25]|nChannel|null
08:27:08.15 (42301384)|STATEMENT_EXECUTE|[34]
08:27:08.15 (42312065)|SYSTEM_MODE_EXIT|false
08:27:08.42 (42364323)|CUMULATIVE_LIMIT_USAGE
08:27:08.42 (42364323)|LIMIT_USAGE_FOR_NS|(default)|
  Number of SOQL queries: 1 out of 100
  Number of query rows: 4 out of 50000
  Number of SOSL queries: 0 out of 20
  Number of DML statements: 0 out of 150
  Number of DML rows: 0 out of 10000
  Maximum CPU time: 0 out of 10000
  Maximum heap size: 0 out of 6000000
  Number of callouts: 0 out of 100
  Number of Email Invocations: 0 out of 10
  Number of future calls: 0 out of 50
  Number of queueable jobs added to the queue: 0 out of 50
  Number of Mobile Apex push calls: 0 out of 10

08:27:08.42 (42364323)|CUMULATIVE_LIMIT_USAGE_END

08:27:08.15 (42410242)|CODE_UNIT_FINISHED|News_AnnouncementsController.getnumDocsByChannel
08:27:08.15 (45212107)|EXECUTION_FINISHED
08:27:08.47 (47303261)|USER_INFO|[EXTERNAL]|00536000001rY1L|dscruggs@kocollaboration.demo|Eastern Standard Time|GMT-05:00
08:27:08.47 (47320194)|EXECUTION_STARTED
08:27:08.47 (47324191)|CODE_UNIT_STARTED|[EXTERNAL]|01p3600000Ax0Mi|News_AnnouncementsController.getFirstNewsChannelRecords
08:27:08.47 (47403660)|HEAP_ALLOCATE|[EXTERNAL]|Bytes:28
08:27:08.47 (47417681)|SYSTEM_MODE_ENTER|false
08:27:08.47 (47431183)|VARIABLE_SCOPE_BEGIN|[37]|numDocs|Integer|false|false
08:27:08.47 (47460578)|VARIABLE_ASSIGNMENT|[37]|numDocs|5
08:27:08.47 (47476387)|STATEMENT_EXECUTE|[38]
08:27:08.47 (47478142)|STATEMENT_EXECUTE|[39]
08:27:08.47 (47487907)|HEAP_ALLOCATE|[39]|Bytes:4
08:27:08.47 (47529172)|VARIABLE_SCOPE_BEGIN|[39]|firstNewsChannelRecords|List<News_Announcements__c>|true|false
08:27:08.47 (47538340)|HEAP_ALLOCATE|[EXTERNAL]|Bytes:4
08:27:08.47 (47550446)|VARIABLE_ASSIGNMENT|[39]|firstNewsChannelRecords|{"s":1,"v":[]}|0x24099cc4
08:27:08.47 (47553407)|STATEMENT_EXECUTE|[40]
08:27:08.47 (47559381)|HEAP_ALLOCATE|[40]|Bytes:200
08:27:08.47 (47570931)|HEAP_ALLOCATE|[40]|Bytes:41
08:27:08.47 (47630010)|HEAP_ALLOCATE|[40]|Bytes:1
08:27:08.47 (47663892)|HEAP_ALLOCATE|[40]|Bytes:246
08:27:08.47 (47673158)|VARIABLE_SCOPE_BEGIN|[40]|QueryString|String|false|false
08:27:08.47 (47688374)|VARIABLE_ASSIGNMENT|[40]|QueryString|"SELECT Id, Title__c, (226 more) ..."
08:27:08.47 (47692801)|STATEMENT_EXECUTE|[41]
08:27:08.47 (48309864)|SOQL_EXECUTE_BEGIN|[41]|Aggregations:0|SELECT Id, Title__c, News_Channel__c, Source__c, Teaser__c, External_URL__c, URL__c, ImageAttachmentId__c, DisplayDate__c, LastModifiedDate FROM News_Announcements__c WHERE News_Channel__c includes ('News')  ORDER BY LastModifiedDate DESC LIMIT 5
08:27:08.47 (57319208)|SOQL_EXECUTE_END|[41]|Rows:4
08:27:08.47 (57364961)|HEAP_ALLOCATE|[41]|Bytes:20
08:27:08.47 (57410820)|HEAP_ALLOCATE|[41]|Bytes:1673
08:27:08.47 (57459873)|HEAP_ALLOCATE|[41]|Bytes:20
08:27:08.47 (57599997)|VARIABLE_ASSIGNMENT|[41]|firstNewsChannelRecords|{"s":1,"v":[{"s":2,"v":{"Id":"a0N36000003F8E2EAK","Title__c":"Here is a new articl (1 more) ...","News_Channel__c":"News;Marketing","Teaser__c":"Here is some great n (32 more) ...","External_URL__c":false,"DisplayDate__c":"July 1, 2016","LastModifiedDate":"2016-07-01T18:06:48.000Z"}},{"s":3,"v":{"Id":"a0N36000001uPCREA2","Title__c":"CHEERS! #SHAREACOKE  (37 more) ...","News_Channel__c":"News;Brand","Teaser__c":"...","External_URL__c":true,"URL__c":"http://www.coca-cola (89 more) ...","ImageAttachmentId__c":"00P36000001KTOnEAO","DisplayDate__c":"May 11, 2016","LastModifiedDate":"2016-05-12T00:02:17.000Z"}},{"s":4,"v":{"Id":"a0N36000001uP7zEAE","Title__c":"#AnyGivenTuesday: We (61 more) ...","News_Channel__c":"News;Marketing","Source__c":"http://www.coca-cola (160 more) ...","Teaser__c":"...","External_URL__c":true,"URL__c":"http://www.coca-cola (38 more) ...","ImageAttachmentId__c":"00P36000001KTO4EAO","DisplayDate__c":"May 11, 2016","LastModifiedDate":"2016-05-12T00:00:02.000Z"}},{"s":5,"v":{"Id":"a0N36000001u0zbEAA","Title__c":"Introducing: Our new (28 more) ...","News_Channel__c":"News","Source__c":"https://t1.ftcdn.net (68 more) ...","Teaser__c":"Cirrus Audio today r (105 more) ...","External_URL__c":true,"URL__c":"http://www.salesforc (5 more) ...","ImageAttachmentId__c":"00P36000001U58KEAS","DisplayDate__c":"May 9, 2016","LastModifiedDate":"2016-05-09T15:38:27.000Z"}}]}|0x2237eace
08:27:08.47 (57615452)|STATEMENT_EXECUTE|[42]
08:27:08.47 (57632093)|SYSTEM_MODE_EXIT|false
08:27:08.57 (57679435)|CUMULATIVE_LIMIT_USAGE
08:27:08.57 (57679435)|LIMIT_USAGE_FOR_NS|(default)|
  Number of SOQL queries: 2 out of 100
  Number of query rows: 8 out of 50000
  Number of SOSL queries: 0 out of 20
  Number of DML statements: 0 out of 150
  Number of DML rows: 0 out of 10000
  Maximum CPU time: 0 out of 10000
  Maximum heap size: 0 out of 6000000
  Number of callouts: 0 out of 100
  Number of Email Invocations: 0 out of 10
  Number of future calls: 0 out of 50
  Number of queueable jobs added to the queue: 0 out of 50
  Number of Mobile Apex push calls: 0 out of 10

08:27:08.57 (57679435)|CUMULATIVE_LIMIT_USAGE_END

08:27:08.47 (57723075)|CODE_UNIT_FINISHED|News_AnnouncementsController.getFirstNewsChannelRecords
08:27:08.47 (60854796)|EXECUTION_FINISHED
08:27:08.86 (86599674)|USER_INFO|[EXTERNAL]|00536000001rY1L|dscruggs@kocollaboration.demo|Eastern Standard Time|GMT-05:00
08:27:08.86 (86626175)|EXECUTION_STARTED
08:27:08.86 (86631546)|CODE_UNIT_STARTED|[EXTERNAL]|01p3600000ArnAD|WelcomeProfile.getHierarchy
08:27:08.86 (86736704)|HEAP_ALLOCATE|[EXTERNAL]|Bytes:4
08:27:08.86 (86764029)|METHOD_ENTRY|[1]|01p3600000ArnAD|WelcomeProfile.WelcomeProfile()
08:27:08.86 (86769120)|STATEMENT_EXECUTE|[1]
08:27:08.86 (86776662)|STATEMENT_EXECUTE|[1]
08:27:08.86 (86793914)|SYSTEM_MODE_ENTER|false
08:27:08.86 (86807853)|HEAP_ALLOCATE|[EXTERNAL]|Bytes:5
08:27:08.86 (86817236)|SYSTEM_MODE_EXIT|false
08:27:08.86 (86829122)|METHOD_EXIT|[1]|WelcomeProfile
08:27:08.86 (86840193)|SYSTEM_MODE_ENTER|false
08:27:08.86 (86854454)|VARIABLE_SCOPE_BEGIN|[3]|userid|String|false|false
08:27:08.86 (86888677)|VARIABLE_ASSIGNMENT|[3]|userid|null
08:27:08.86 (86903393)|HEAP_ALLOCATE|[4]|Bytes:5
08:27:08.86 (86907555)|STATEMENT_EXECUTE|[3]
08:27:08.86 (86914787)|STATEMENT_EXECUTE|[5]
08:27:08.86 (87008609)|HEAP_ALLOCATE|[5]|Bytes:85
08:27:08.86 (87020650)|SYSTEM_METHOD_ENTRY|[1]|UserInfo.UserInfo()
08:27:08.86 (87023721)|STATEMENT_EXECUTE|[1]
08:27:08.86 (87030326)|SYSTEM_METHOD_EXIT|[1]|UserInfo
08:27:08.86 (87061924)|METHOD_ENTRY|[5]||System.UserInfo.getUserId()
08:27:08.86 (87114174)|METHOD_EXIT|[5]||System.UserInfo.getUserId()
08:27:08.86 (87125765)|VARIABLE_ASSIGNMENT|[5]|userid|"00536000001rY1LAAU"
08:27:08.86 (87129166)|STATEMENT_EXECUTE|[6]
08:27:08.86 (87146039)|HEAP_ALLOCATE|[6]|Bytes:4
08:27:08.86 (87161482)|METHOD_ENTRY|[6]|01p3600000ArnAD|WelcomeProfile.getProfileUser(Id)
08:27:08.86 (87243575)|VARIABLE_SCOPE_BEGIN|[14]|userid|Id|false|false
08:27:08.86 (87359395)|VARIABLE_ASSIGNMENT|[14]|userid|"00536000001rY1LAAU"
08:27:08.86 (87370233)|HEAP_ALLOCATE|[15]|Bytes:5
08:27:08.86 (87374233)|STATEMENT_EXECUTE|[14]
08:27:08.86 (87375620)|STATEMENT_EXECUTE|[15]
08:27:08.86 (87381643)|HEAP_ALLOCATE|[15]|Bytes:101
08:27:08.86 (87395872)|HEAP_ALLOCATE|[15]|Bytes:4
08:27:08.86 (87410408)|HEAP_ALLOCATE|[15]|Bytes:7
08:27:08.86 (88818463)|SOQL_EXECUTE_BEGIN|[15]|Aggregations:0|SELECT Id, Name, FirstName, physicalDeliveryOfficeName__c, FullPhotoUrl FROM User WHERE Id = :tmpVar1
08:27:08.86 (109475048)|SOQL_EXECUTE_END|[15]|Rows:1
08:27:08.86 (109536385)|HEAP_ALLOCATE|[15]|Bytes:8
08:27:08.86 (109573458)|HEAP_ALLOCATE|[15]|Bytes:122
08:27:08.86 (109706282)|HEAP_ALLOCATE|[15]|Bytes:8
08:27:08.86 (109738066)|HEAP_ALLOCATE|[15]|Bytes:30
08:27:08.86 (109902724)|HEAP_ALLOCATE|[15]|Bytes:20
08:27:08.86 (109925369)|VARIABLE_SCOPE_BEGIN|[15]|u|User|true|false
08:27:08.86 (109986638)|VARIABLE_ASSIGNMENT|[15]|u|{"s":1,"v":{"Id":"00536000001rY1LAAU","Name":"David Scruggs","FirstName":"David","FullPhotoUrl":"/collab/profilephoto (18 more) ..."}}|0x121fa893
08:27:08.86 (109994913)|STATEMENT_EXECUTE|[16]
08:27:08.86 (110025274)|METHOD_EXIT|[6]|01p3600000ArnAD|WelcomeProfile.getProfileUser(Id)
08:27:08.86 (110037136)|VARIABLE_SCOPE_BEGIN|[6]|currentUser|User|true|false
08:27:08.86 (110062783)|VARIABLE_ASSIGNMENT|[6]|currentUser|{"s":1,"v":{"Id":"00536000001rY1LAAU","Name":"David Scruggs","FirstName":"David","FullPhotoUrl":"/collab/profilephoto (18 more) ..."}}|0x121fa893
08:27:08.86 (110068563)|STATEMENT_EXECUTE|[8]
08:27:08.86 (110083129)|HEAP_ALLOCATE|[8]|Bytes:4
08:27:08.86 (110102080)|VARIABLE_SCOPE_BEGIN|[8]|JSONHierarchy|Map<String,ANY>|true|false
08:27:08.86 (110129220)|VARIABLE_ASSIGNMENT|[8]|JSONHierarchy|{"s":1,"v":{}}|0x27f666c6
08:27:08.86 (110134544)|STATEMENT_EXECUTE|[9]
08:27:08.86 (110141532)|HEAP_ALLOCATE|[9]|Bytes:12
08:27:08.86 (110245492)|HEAP_ALLOCATE|[EXTERNAL]|Bytes:-4
08:27:08.86 (110259160)|STATEMENT_EXECUTE|[10]
08:27:08.86 (110275288)|SYSTEM_MODE_EXIT|false
08:27:08.110 (110344363)|CUMULATIVE_LIMIT_USAGE
08:27:08.110 (110344363)|LIMIT_USAGE_FOR_NS|(default)|
  Number of SOQL queries: 3 out of 100
  Number of query rows: 9 out of 50000
  Number of SOSL queries: 0 out of 20
  Number of DML statements: 0 out of 150
  Number of DML rows: 0 out of 10000
  Maximum CPU time: 0 out of 10000
  Maximum heap size: 0 out of 6000000
  Number of callouts: 0 out of 100
  Number of Email Invocations: 0 out of 10
  Number of future calls: 0 out of 50
  Number of queueable jobs added to the queue: 0 out of 50
  Number of Mobile Apex push calls: 0 out of 10

08:27:08.110 (110344363)|CUMULATIVE_LIMIT_USAGE_END

08:27:08.86 (110412423)|CODE_UNIT_FINISHED|WelcomeProfile.getHierarchy
08:27:08.86 (112746592)|EXECUTION_FINISHED
08:27:08.171 (171564977)|USER_INFO|[EXTERNAL]|00536000001rY1L|dscruggs@kocollaboration.demo|Eastern Standard Time|GMT-05:00
08:27:08.171 (171601029)|EXECUTION_STARTED
08:27:08.171 (171609082)|CODE_UNIT_STARTED|[EXTERNAL]|01p3600000BRqHE|communityChatterGroups.getUserGroups
08:27:08.171 (171730029)|VARIABLE_SCOPE_BEGIN|[2]|communityChatterGroups.sPrefixStr|String|false|true
08:27:08.171 (171790023)|HEAP_ALLOCATE|[EXTERNAL]|Bytes:184
08:27:08.171 (171804112)|HEAP_ALLOCATE|[EXTERNAL]|Bytes:15
08:27:08.171 (171829065)|METHOD_ENTRY|[1]|01p3600000BRqHE|communityChatterGroups.communityChatterGroups()
08:27:08.171 (171834891)|STATEMENT_EXECUTE|[1]
08:27:08.171 (171842297)|STATEMENT_EXECUTE|[1]
08:27:08.171 (171852711)|METHOD_EXIT|[1]|communityChatterGroups
08:27:08.171 (171871922)|SYSTEM_MODE_ENTER|false
08:27:08.171 (171888147)|STATEMENT_EXECUTE|[11]
08:27:08.171 (171890673)|STATEMENT_EXECUTE|[12]
08:27:08.171 (171951914)|VARIABLE_SCOPE_BEGIN|[12]|network|Network|true|false
08:27:08.171 (171999847)|VARIABLE_ASSIGNMENT|[12]|network|null|
08:27:08.171 (172005391)|STATEMENT_EXECUTE|[13]
08:27:08.171 (172012936)|VARIABLE_SCOPE_BEGIN|[13]|msg|String|false|false
08:27:08.171 (172020689)|VARIABLE_ASSIGNMENT|[13]|msg|null
08:27:08.171 (172024045)|STATEMENT_EXECUTE|[14]
08:27:08.171 (172028070)|VARIABLE_SCOPE_BEGIN|[14]|userID|String|false|false
08:27:08.171 (172034842)|VARIABLE_ASSIGNMENT|[14]|userID|null
08:27:08.171 (172037556)|STATEMENT_EXECUTE|[15]
08:27:08.171 (172041894)|VARIABLE_SCOPE_BEGIN|[15]|cGroups|List<CollaborationGroup>|true|false
08:27:08.171 (172048177)|VARIABLE_ASSIGNMENT|[15]|cGroups|null|
08:27:08.171 (172050526)|STATEMENT_EXECUTE|[16]
08:27:08.171 (172149932)|HEAP_ALLOCATE|[16]|Bytes:145
08:27:08.171 (172164485)|SYSTEM_METHOD_ENTRY|[1]|Site.Site()
08:27:08.171 (172167942)|STATEMENT_EXECUTE|[1]
08:27:08.171 (172177888)|SYSTEM_METHOD_EXIT|[1]|Site
08:27:08.171 (172196903)|METHOD_ENTRY|[16]||System.Site.getPathPrefix()
08:27:08.171 (172264083)|METHOD_EXIT|[16]||System.Site.getPathPrefix()
08:27:08.171 (172306464)|VARIABLE_ASSIGNMENT|[EXTERNAL]|value|"/collab/s"
08:27:08.171 (172324839)|VARIABLE_ASSIGNMENT|[2]|communityChatterGroups.sPrefixStr|"/collab/s"
08:27:08.171 (172333437)|STATEMENT_EXECUTE|[17]
08:27:08.171 (172370624)|VARIABLE_SCOPE_BEGIN|[17]|str|String|false|false
08:27:08.171 (172380985)|VARIABLE_ASSIGNMENT|[17]|str|"/collab/s"
08:27:08.171 (172384246)|STATEMENT_EXECUTE|[18]
08:27:08.171 (172391326)|HEAP_ALLOCATE|[18]|Bytes:12
08:27:08.171 (172447626)|HEAP_ALLOCATE|[18]|Bytes:24
08:27:08.171 (172460100)|SYSTEM_METHOD_ENTRY|[1]|Pattern.Pattern()
08:27:08.171 (172462973)|STATEMENT_EXECUTE|[1]
08:27:08.171 (172475732)|SYSTEM_METHOD_EXIT|[1]|Pattern
08:27:08.171 (172489986)|METHOD_ENTRY|[18]||System.Pattern.compile(String)
08:27:08.171 (172717512)|METHOD_EXIT|[18]||System.Pattern.compile(String)
08:27:08.171 (172724946)|VARIABLE_SCOPE_BEGIN|[18]|p|System.Pattern|true|false
08:27:08.171 (172802838)|VARIABLE_ASSIGNMENT|[18]|p|{"delegate":"0x26f79370"}|0x1a6e950b
08:27:08.171 (172810692)|STATEMENT_EXECUTE|[19]
08:27:08.171 (172828961)|METHOD_ENTRY|[19]||System.Pattern.matcher(String)
08:27:08.171 (173314650)|METHOD_EXIT|[19]||System.Pattern.matcher(String)
08:27:08.171 (173322878)|VARIABLE_SCOPE_BEGIN|[19]|m|System.Matcher|true|false
08:27:08.171 (173349951)|VARIABLE_ASSIGNMENT|[19]|m|{"delegate":"0x49144713"}|0x26c66466
08:27:08.171 (173368849)|METHOD_ENTRY|[20]||System.Matcher.find()
08:27:08.171 (173478479)|METHOD_EXIT|[20]||System.Matcher.find()
08:27:08.171 (173486450)|STATEMENT_EXECUTE|[20]
08:27:08.171 (173488217)|STATEMENT_EXECUTE|[22]
08:27:08.171 (173497970)|METHOD_ENTRY|[22]||System.Matcher.group()
08:27:08.171 (173575562)|METHOD_EXIT|[22]||System.Matcher.group()
08:27:08.171 (173593326)|VARIABLE_ASSIGNMENT|[EXTERNAL]|value|"collab"
08:27:08.171 (173604845)|VARIABLE_ASSIGNMENT|[2]|communityChatterGroups.sPrefixStr|"collab"
08:27:08.171 (173632077)|STATEMENT_EXECUTE|[24]
08:27:08.171 (173689598)|STATEMENT_EXECUTE|[25]
08:27:08.171 (173692604)|STATEMENT_EXECUTE|[26]
08:27:08.171 (173697942)|HEAP_ALLOCATE|[26]|Bytes:82
08:27:08.171 (173709681)|HEAP_ALLOCATE|[26]|Bytes:4
08:27:08.171 (174239236)|SOQL_EXECUTE_BEGIN|[26]|Aggregations:0|SELECT UrlPathPrefix, Name, Id FROM Network WHERE UrlPathPrefix = :tmpVar1 LIMIT 1
08:27:08.171 (178853726)|SOQL_EXECUTE_END|[26]|Rows:1
08:27:08.171 (178882474)|HEAP_ALLOCATE|[26]|Bytes:8
08:27:08.171 (178901597)|HEAP_ALLOCATE|[26]|Bytes:82
08:27:08.171 (178965334)|HEAP_ALLOCATE|[26]|Bytes:8
08:27:08.171 (178978771)|HEAP_ALLOCATE|[26]|Bytes:33
08:27:08.171 (179086778)|HEAP_ALLOCATE|[26]|Bytes:16
08:27:08.171 (179125583)|VARIABLE_ASSIGNMENT|[26]|network|{"s":1,"v":{"UrlPathPrefix":"collab","Name":"Employee Collaborati (2 more) ...","Id":"0DB36000000KzVyGAK"}}|0x739c8b5b
08:27:08.171 (179130339)|STATEMENT_EXECUTE|[30]
08:27:08.171 (179143472)|METHOD_ENTRY|[30]||System.UserInfo.getUserId()
08:27:08.171 (179172299)|METHOD_EXIT|[30]||System.UserInfo.getUserId()
08:27:08.171 (179181261)|VARIABLE_ASSIGNMENT|[30]|userID|"00536000001rY1LAAU"
08:27:08.171 (179183849)|STATEMENT_EXECUTE|[31]
08:27:08.171 (179190456)|HEAP_ALLOCATE|[31]|Bytes:4
08:27:08.171 (179277047)|HEAP_ALLOCATE|[EXTERNAL]|Bytes:4
08:27:08.171 (179297161)|VARIABLE_ASSIGNMENT|[31]|cGroups|{"s":1,"v":[]}|0x457cf623
08:27:08.171 (179303600)|STATEMENT_EXECUTE|[32]
08:27:08.171 (179310362)|HEAP_ALLOCATE|[33]|Bytes:87
08:27:08.171 (179317635)|HEAP_ALLOCATE|[33]|Bytes:4
08:27:08.171 (179670581)|SOQL_EXECUTE_BEGIN|[33]|Aggregations:0|SELECT Id, CollaborationGroupID FROM CollaborationGroupMember 
08:27:08.171 (184243678)|SOQL_EXECUTE_END|[33]|Rows:26
08:27:08.171 (184264720)|HEAP_ALLOCATE|[EXTERNAL]|Bytes:108
08:27:08.171 (184442131)|HEAP_ALLOCATE|[33]|Bytes:49
08:27:08.171 (184449637)|HEAP_ALLOCATE|[33]|Bytes:8
08:27:08.171 (184462568)|SYSTEM_METHOD_ENTRY|[7]|QueryLocatorIterator.QueryLocatorIterator()
08:27:08.171 (184465745)|STATEMENT_EXECUTE|[7]
08:27:08.171 (184477717)|SYSTEM_METHOD_EXIT|[7]|QueryLocatorIterator
08:27:08.171 (184486088)|HEAP_ALLOCATE|[33]|Bytes:28
08:27:08.171 (184556452)|HEAP_ALLOCATE|[33]|Bytes:108
08:27:08.171 (184573679)|HEAP_ALLOCATE|[33]|Bytes:8
08:27:08.171 (184576090)|HEAP_ALLOCATE|[33]|Bytes:8
08:27:08.171 (184582963)|VARIABLE_SCOPE_BEGIN|[15]|this|Database.QueryLocatorIterator|true|false
08:27:08.171 (184635848)|VARIABLE_ASSIGNMENT|[15]|this|{}|0x28a69b1e
08:27:08.171 (184640955)|VARIABLE_SCOPE_BEGIN|[15]|values|List<SObject>|true|false
08:27:08.171 (184654427)|VARIABLE_ASSIGNMENT|[15]|values|{"s":1,"v":"List of size 26 too large to display"}|0x1728b50b
08:27:08.171 (184657769)|VARIABLE_SCOPE_BEGIN|[15]|ql|Database.QueryLocator|true|false
08:27:08.171 (184676349)|VARIABLE_ASSIGNMENT|[15]|ql|{"query":"SELECT Id, Collabora (67 more) ..."}|0x2f8267d
08:27:08.171 (184679763)|VARIABLE_SCOPE_BEGIN|[15]|totalNumRecords|Integer|false|false
08:27:08.171 (184684435)|VARIABLE_ASSIGNMENT|[15]|totalNumRecords|26
08:27:08.171 (184686593)|VARIABLE_SCOPE_BEGIN|[15]|queryMoreSize|Integer|false|false
08:27:08.171 (184689059)|VARIABLE_ASSIGNMENT|[15]|queryMoreSize|49964
08:27:08.171 (184741335)|HEAP_ALLOCATE|[33]|Bytes:28
08:27:08.171 (184762593)|METHOD_ENTRY|[33]||Database.QueryLocatorIterator.hasNext()
08:27:08.171 (184856393)|METHOD_EXIT|[33]||Database.QueryLocatorIterator.hasNext()
08:27:08.171 (184864655)|METHOD_ENTRY|[33]||Database.QueryLocatorIterator.next()
08:27:08.171 (184970917)|METHOD_EXIT|[33]||Database.QueryLocatorIterator.next()
08:27:08.171 (184983482)|VARIABLE_SCOPE_BEGIN|[33]|cgm|CollaborationGroupMember|true|false
08:27:08.171 (185002267)|VARIABLE_ASSIGNMENT|[33]|cgm|{"s":1,"v":{"Id":"0FB36000000PVtCGAW","CollaborationGroupId":"0F936000000BXQICA4"}}|0x71ef6cea
08:27:08.171 (185008541)|STATEMENT_EXECUTE|[33]
08:27:08.171 (185010721)|STATEMENT_EXECUTE|[34]
08:27:08.171 (185016680)|HEAP_ALLOCATE|[34]|Bytes:128
08:27:08.171 (185026642)|HEAP_ALLOCATE|[34]|Bytes:4
08:27:08.171 (185447712)|SOQL_EXECUTE_BEGIN|[34]|Aggregations:0|SELECT Id, Name, FullPhotoUrl, NetworkID, MemberCount, InformationTitle, Description FROM CollaborationGroup WHERE Id = :tmpVar1
08:27:08.171 (207543569)|SOQL_EXECUTE_END|[34]|Rows:1
08:27:08.171 (207590004)|HEAP_ALLOCATE|[34]|Bytes:8
08:27:08.171 (207618653)|HEAP_ALLOCATE|[34]|Bytes:190
08:27:08.171 (207668142)|HEAP_ALLOCATE|[34]|Bytes:8
08:27:08.171 (207692067)|HEAP_ALLOCATE|[34]|Bytes:44
08:27:08.171 (207749345)|HEAP_ALLOCATE|[34]|Bytes:28
08:27:08.171 (207764268)|VARIABLE_SCOPE_BEGIN|[34]|cg|CollaborationGroup|true|false
08:27:08.171 (207812968)|VARIABLE_ASSIGNMENT|[34]|cg|{"s":1,"v":{"Id":"0F936000000BXQICA4","Name":"All Latam","FullPhotoUrl":"/collab/profilephoto (18 more) ...","NetworkId":"0DB36000000KzVyGAK","MemberCount":1,"Description":"Everyone in Latin Am (5 more) ..."}}|0x270977a6
08:27:08.171 (207943096)|STATEMENT_EXECUTE|[35]
08:27:08.171 (207945995)|STATEMENT_EXECUTE|[36]
08:27:08.171 (207978377)|HEAP_ALLOCATE|[EXTERNAL]|Bytes:4
08:27:08.171 (207997399)|METHOD_ENTRY|[33]||Database.QueryLocatorIterator.hasNext()
08:27:08.171 (208035400)|METHOD_EXIT|[33]||Database.QueryLocatorIterator.hasNext()
08:27:08.171 (208041820)|METHOD_ENTRY|[33]||Database.QueryLocatorIterator.next()
08:27:08.171 (208115723)|METHOD_EXIT|[33]||Database.QueryLocatorIterator.next()
08:27:08.171 (208123152)|VARIABLE_SCOPE_BEGIN|[33]|cgm|CollaborationGroupMember|true|false
08:27:08.171 (208140827)|VARIABLE_ASSIGNMENT|[33]|cgm|{"s":1,"v":{"Id":"0FB36000000PWqEGAW","CollaborationGroupId":"0F936000000BdyOCAS"}}|0x677dd52e
08:27:08.171 (208144633)|STATEMENT_EXECUTE|[33]
08:27:08.171 (208146000)|STATEMENT_EXECUTE|[34]
08:27:08.171 (208154134)|HEAP_ALLOCATE|[34]|Bytes:4
08:27:08.171 (208469443)|SOQL_EXECUTE_BEGIN|[34]|Aggregations:0|SELECT Id, Name, FullPhotoUrl, NetworkID, MemberCount, InformationTitle, Description FROM CollaborationGroup WHERE Id = :tmpVar1
08:27:08.171 (211379154)|SOQL_EXECUTE_END|[34]|Rows:1
08:27:08.171 (211400793)|HEAP_ALLOCATE|[34]|Bytes:8
08:27:08.171 (211413076)|HEAP_ALLOCATE|[34]|Bytes:230
08:27:08.171 (211428399)|HEAP_ALLOCATE|[34]|Bytes:8
08:27:08.171 (211461507)|HEAP_ALLOCATE|[34]|Bytes:28
08:27:08.171 (211475446)|VARIABLE_SCOPE_BEGIN|[34]|cg|CollaborationGroup|true|false
08:27:08.171 (211499727)|VARIABLE_ASSIGNMENT|[34]|cg|{"s":1,"v":{"Id":"0F936000000BdyOCAS","Name":"Intro to American Hi (5 more) ...","FullPhotoUrl":"/collab/profilephoto (6 more) ...","NetworkId":"0DB36000000KzVyGAK","MemberCount":2,"Description":"All materials and to (41 more) ..."}}|0x35a7de0b
08:27:08.171 (211534161)|STATEMENT_EXECUTE|[35]
08:27:08.171 (211536158)|STATEMENT_EXECUTE|[36]
08:27:08.171 (211542772)|HEAP_ALLOCATE|[EXTERNAL]|Bytes:4
08:27:08.171 (211552270)|METHOD_ENTRY|[33]||Database.QueryLocatorIterator.hasNext()
08:27:08.171 (211573500)|METHOD_EXIT|[33]||Database.QueryLocatorIterator.hasNext()
08:27:08.171 (211577994)|METHOD_ENTRY|[33]||Database.QueryLocatorIterator.next()
08:27:08.171 (211634200)|METHOD_EXIT|[33]||Database.QueryLocatorIterator.next()
08:27:08.171 (211640383)|VARIABLE_SCOPE_BEGIN|[33]|cgm|CollaborationGroupMember|true|false
08:27:08.171 (211659145)|VARIABLE_ASSIGNMENT|[33]|cgm|{"s":1,"v":{"Id":"0FB36000000CtW7GAK","CollaborationGroupId":"0F936000000FQkLCAW"}}|0x53f59712
08:27:08.171 (211662809)|STATEMENT_EXECUTE|[33]
08:27:08.171 (211663957)|STATEMENT_EXECUTE|[34]
08:27:08.171 (211671215)|HEAP_ALLOCATE|[34]|Bytes:4
08:27:08.171 (211907112)|SOQL_EXECUTE_BEGIN|[34]|Aggregations:0|SELECT Id, Name, FullPhotoUrl, NetworkID, MemberCount, InformationTitle, Description FROM CollaborationGroup WHERE Id = :tmpVar1
08:27:08.171 (214072907)|SOQL_EXECUTE_END|[34]|Rows:1
08:27:08.171 (214096609)|HEAP_ALLOCATE|[34]|Bytes:8
08:27:08.171 (214114953)|HEAP_ALLOCATE|[34]|Bytes:250
08:27:08.171 (214135692)|HEAP_ALLOCATE|[34]|Bytes:8
08:27:08.171 (214173173)|HEAP_ALLOCATE|[34]|Bytes:28
08:27:08.171 (214182386)|VARIABLE_SCOPE_BEGIN|[34]|cg|CollaborationGroup|true|false
08:27:08.171 (214205923)|VARIABLE_ASSIGNMENT|[34]|cg|{"s":1,"v":{"Id":"0F936000000FQkLCAW","Name":"Marketing Bootcamp","FullPhotoUrl":"/collab/profilephoto (6 more) ...","NetworkId":"0DB36000000KzVyGAK","MemberCount":1,"Description":"Where new marketers  (68 more) ..."}}|0x5d687caf
08:27:08.171 (214236946)|STATEMENT_EXECUTE|[35]
08:27:08.171 (214238997)|STATEMENT_EXECUTE|[36]
08:27:08.171 (214245299)|HEAP_ALLOCATE|[EXTERNAL]|Bytes:4
08:27:08.171 (214254290)|METHOD_ENTRY|[33]||Database.QueryLocatorIterator.hasNext()
08:27:08.171 (214275227)|METHOD_EXIT|[33]||Database.QueryLocatorIterator.hasNext()
08:27:08.171 (214279682)|METHOD_ENTRY|[33]||Database.QueryLocatorIterator.next()
08:27:08.171 (214338445)|METHOD_EXIT|[33]||Database.QueryLocatorIterator.next()
08:27:08.171 (214345044)|VARIABLE_SCOPE_BEGIN|[33]|cgm|CollaborationGroupMember|true|false
08:27:08.171 (214363857)|VARIABLE_ASSIGNMENT|[33]|cgm|{"s":1,"v":{"Id":"0FB36000000CtX0GAK","CollaborationGroupId":"0F936000000FQxDCAW"}}|0x7af824fa
08:27:08.171 (214367564)|STATEMENT_EXECUTE|[33]
08:27:08.171 (214368695)|STATEMENT_EXECUTE|[34]
08:27:08.171 (214373491)|HEAP_ALLOCATE|[34]|Bytes:4
08:27:08.171 (214595317)|SOQL_EXECUTE_BEGIN|[34]|Aggregations:0|SELECT Id, Name, FullPhotoUrl, NetworkID, MemberCount, InformationTitle, Description FROM CollaborationGroup WHERE Id = :tmpVar1
08:27:08.171 (216595932)|SOQL_EXECUTE_END|[34]|Rows:1
08:27:08.171 (216616659)|HEAP_ALLOCATE|[34]|Bytes:8
08:27:08.171 (216629235)|HEAP_ALLOCATE|[34]|Bytes:241
08:27:08.171 (216644548)|HEAP_ALLOCATE|[34]|Bytes:8
08:27:08.171 (216675422)|HEAP_ALLOCATE|[34]|Bytes:28
08:27:08.171 (216685882)|VARIABLE_SCOPE_BEGIN|[34]|cg|CollaborationGroup|true|false
08:27:08.171 (216709110)|VARIABLE_ASSIGNMENT|[34]|cg|{"s":1,"v":{"Id":"0F936000000FQxDCAW","Name":"Any Given Tuesday","FullPhotoUrl":"/collab/profilephoto (18 more) ...","NetworkId":"0DB36000000KzVyGAK","MemberCount":2,"Description":"Collaboration about  (48 more) ..."}}|0xf45deab
08:27:08.171 (216742439)|STATEMENT_EXECUTE|[35]
08:27:08.171 (216744599)|STATEMENT_EXECUTE|[36]
08:27:08.171 (216751499)|HEAP_ALLOCATE|[EXTERNAL]|Bytes:4
08:27:08.171 (216760885)|METHOD_ENTRY|[33]||Database.QueryLocatorIterator.hasNext()
08:27:08.171 (216781899)|METHOD_EXIT|[33]||Database.QueryLocatorIterator.hasNext()
08:27:08.171 (216786450)|METHOD_ENTRY|[33]||Database.QueryLocatorIterator.next()
08:27:08.171 (216843186)|METHOD_EXIT|[33]||Database.QueryLocatorIterator.next()
08:27:08.171 (216849436)|VARIABLE_SCOPE_BEGIN|[33]|cgm|CollaborationGroupMember|true|false
08:27:08.171 (216866091)|VARIABLE_ASSIGNMENT|[33]|cgm|{"s":1,"v":{"Id":"0FB36000000CtX5GAK","CollaborationGroupId":"0F936000000FQxICAW"}}|0x4c601ae2
08:27:08.171 (216869237)|STATEMENT_EXECUTE|[33]
08:27:08.171 (216870568)|STATEMENT_EXECUTE|[34]
08:27:08.171 (216875245)|HEAP_ALLOCATE|[34]|Bytes:4
08:27:08.171 (217084199)|SOQL_EXECUTE_BEGIN|[34]|Aggregations:0|SELECT Id, Name, FullPhotoUrl, NetworkID, MemberCount, InformationTitle, Description FROM CollaborationGroup WHERE Id = :tmpVar1
08:27:08.171 (219013375)|SOQL_EXECUTE_END|[34]|Rows:1
08:27:08.171 (219033689)|HEAP_ALLOCATE|[34]|Bytes:8
08:27:08.171 (219047194)|HEAP_ALLOCATE|[34]|Bytes:210
08:27:08.171 (219064008)|HEAP_ALLOCATE|[34]|Bytes:8
08:27:08.171 (219094351)|HEAP_ALLOCATE|[34]|Bytes:28
08:27:08.171 (219102704)|VARIABLE_SCOPE_BEGIN|[34]|cg|CollaborationGroup|true|false
08:27:08.171 (219131298)|VARIABLE_ASSIGNMENT|[34]|cg|{"s":1,"v":{"Id":"0F936000000FQxICAW","Name":"LATAM Marketing","FullPhotoUrl":"/collab/profilephoto (18 more) ...","NetworkId":"0DB36000000KzVyGAK","MemberCount":4,"Description":"Marketing with a foc (19 more) ..."}}|0x5a72891b
08:27:08.171 (219175506)|STATEMENT_EXECUTE|[35]
08:27:08.171 (219178071)|STATEMENT_EXECUTE|[36]
08:27:08.171 (219185592)|HEAP_ALLOCATE|[EXTERNAL]|Bytes:4
08:27:08.171 (219195077)|METHOD_ENTRY|[33]||Database.QueryLocatorIterator.hasNext()
08:27:08.171 (219216900)|METHOD_EXIT|[33]||Database.QueryLocatorIterator.hasNext()
08:27:08.171 (219221454)|METHOD_ENTRY|[33]||Database.QueryLocatorIterator.next()
08:27:08.171 (219277122)|METHOD_EXIT|[33]||Database.QueryLocatorIterator.next()
08:27:08.171 (219283375)|VARIABLE_SCOPE_BEGIN|[33]|cgm|CollaborationGroupMember|true|false
08:27:08.171 (219300537)|VARIABLE_ASSIGNMENT|[33]|cgm|{"s":1,"v":{"Id":"0FB36000000CtXAGA0","CollaborationGroupId":"0F936000000FQxNCAW"}}|0x4005eb14
08:27:08.171 (219303934)|STATEMENT_EXECUTE|[33]
08:27:08.171 (219305201)|STATEMENT_EXECUTE|[34]
08:27:08.171 (219310049)|HEAP_ALLOCATE|[34]|Bytes:4
08:27:08.171 (219524912)|SOQL_EXECUTE_BEGIN|[34]|Aggregations:0|SELECT Id, Name, FullPhotoUrl, NetworkID, MemberCount, InformationTitle, Description FROM CollaborationGroup WHERE Id = :tmpVar1
08:27:08.171 (222179993)|SOQL_EXECUTE_END|[34]|Rows:1
08:27:08.171 (222202030)|HEAP_ALLOCATE|[34]|Bytes:8
08:27:08.171 (222215796)|HEAP_ALLOCATE|[34]|Bytes:244
08:27:08.171 (222232514)|HEAP_ALLOCATE|[34]|Bytes:8
08:27:08.171 (222265374)|HEAP_ALLOCATE|[34]|Bytes:28
08:27:08.171 (222274204)|VARIABLE_SCOPE_BEGIN|[34]|cg|CollaborationGroup|true|false
08:27:08.171 (222299708)|VARIABLE_ASSIGNMENT|[34]|cg|{"s":1,"v":{"Id":"0F936000000FQxNCAW","Name":"Customer Interaction (8 more) ...","FullPhotoUrl":"/collab/profilephoto (18 more) ...","NetworkId":"0DB36000000KzVyGAK","MemberCount":1,"Description":"Planning for the fut (40 more) ..."}}|0x1c0f4202
08:27:08.171 (222334540)|STATEMENT_EXECUTE|[35]
08:27:08.171 (222336644)|STATEMENT_EXECUTE|[36]
08:27:08.171 (222343935)|HEAP_ALLOCATE|[EXTERNAL]|Bytes:4
08:27:08.171 (222354236)|METHOD_ENTRY|[33]||Database.QueryLocatorIterator.hasNext()
08:27:08.171 (222377202)|METHOD_EXIT|[33]||Database.QueryLocatorIterator.hasNext()
08:27:08.171 (222382005)|METHOD_ENTRY|[33]||Database.QueryLocatorIterator.next()
08:27:08.171 (222491209)|METHOD_EXIT|[33]||Database.QueryLocatorIterator.next()
08:27:08.171 (222503358)|VARIABLE_SCOPE_BEGIN|[33]|cgm|CollaborationGroupMember|true|false
08:27:08.171 (222530440)|VARIABLE_ASSIGNMENT|[33]|cgm|{"s":1,"v":{"Id":"0FB36000000CtfiGAC","CollaborationGroupId":"0F936000000FSYcCAO"}}|0x5d929ae
08:27:08.171 (222536645)|STATEMENT_EXECUTE|[33]
08:27:08.171 (222538984)|STATEMENT_EXECUTE|[34]
08:27:08.171 (222546724)|HEAP_ALLOCATE|[34]|Bytes:4
08:27:08.171 (223010505)|SOQL_EXECUTE_BEGIN|[34]|Aggregations:0|SELECT Id, Name, FullPhotoUrl, NetworkID, MemberCount, InformationTitle, Description FROM CollaborationGroup WHERE Id = :tmpVar1
08:27:08.171 (226003613)|SOQL_EXECUTE_END|[34]|Rows:1
08:27:08.171 (226029409)|HEAP_ALLOCATE|[34]|Bytes:8
08:27:08.171 (226045384)|HEAP_ALLOCATE|[34]|Bytes:245
08:27:08.171 (226066277)|HEAP_ALLOCATE|[34]|Bytes:8
08:27:08.171 (226103930)|HEAP_ALLOCATE|[34]|Bytes:28
08:27:08.171 (226114434)|VARIABLE_SCOPE_BEGIN|[34]|cg|CollaborationGroup|true|false
08:27:08.171 (226142403)|VARIABLE_ASSIGNMENT|[34]|cg|{"s":1,"v":{"Id":"0F936000000FSYcCAO","Name":"Aspect Design Group  (14 more) ...","FullPhotoUrl":"/collab/profilephoto (6 more) ...","NetworkId":"0DB36000000KzVyGAK","MemberCount":1,"Description":"Working with our adv (47 more) ..."}}|0x7f0f623b
08:27:08.171 (226182067)|STATEMENT_EXECUTE|[35]
08:27:08.171 (226184200)|STATEMENT_EXECUTE|[36]
08:27:08.171 (226193146)|HEAP_ALLOCATE|[EXTERNAL]|Bytes:4
08:27:08.171 (226205760)|METHOD_ENTRY|[33]||Database.QueryLocatorIterator.hasNext()
08:27:08.171 (226232937)|METHOD_EXIT|[33]||Database.QueryLocatorIterator.hasNext()
08:27:08.171 (226237616)|METHOD_ENTRY|[33]||Database.QueryLocatorIterator.next()
08:27:08.171 (226299647)|METHOD_EXIT|[33]||Database.QueryLocatorIterator.next()
08:27:08.171 (226306172)|VARIABLE_SCOPE_BEGIN|[33]|cgm|CollaborationGroupMember|true|false
08:27:08.171 (226322948)|VARIABLE_ASSIGNMENT|[33]|cgm|{"s":1,"v":{"Id":"0FB36000000CtnIGAS","CollaborationGroupId":"0F936000000FTOaCAO"}}|0x3ffaf809
08:27:08.171 (226326240)|STATEMENT_EXECUTE|[33]
08:27:08.171 (226327406)|STATEMENT_EXECUTE|[34]
08:27:08.171 (226333215)|HEAP_ALLOCATE|[34]|Bytes:4
08:27:08.171 (226575122)|SOQL_EXECUTE_BEGIN|[34]|Aggregations:0|SELECT Id, Name, FullPhotoUrl, NetworkID, MemberCount, InformationTitle, Description FROM CollaborationGroup WHERE Id = :tmpVar1
08:27:08.171 (228685443)|SOQL_EXECUTE_END|[34]|Rows:1
08:27:08.171 (228715008)|HEAP_ALLOCATE|[34]|Bytes:8
08:27:08.171 (228733620)|HEAP_ALLOCATE|[34]|Bytes:257
08:27:08.171 (228756389)|HEAP_ALLOCATE|[34]|Bytes:8
08:27:08.171 (228802456)|HEAP_ALLOCATE|[34]|Bytes:28
08:27:08.171 (228815765)|VARIABLE_SCOPE_BEGIN|[34]|cg|CollaborationGroup|true|false
08:27:08.171 (228849792)|VARIABLE_ASSIGNMENT|[34]|cg|{"s":1,"v":{"Id":"0F936000000FTOaCAO","Name":"FIFA WC Freestyle Eq (18 more) ...","FullPhotoUrl":"/collab/profilephoto (18 more) ...","NetworkId":"0DB36000000KzVyGAK","MemberCount":3,"Description":"Customizing the Free (43 more) ..."}}|0x245be30c
08:27:08.171 (228899185)|STATEMENT_EXECUTE|[35]
08:27:08.171 (228902522)|STATEMENT_EXECUTE|[36]
08:27:08.171 (228928867)|HEAP_ALLOCATE|[EXTERNAL]|Bytes:4
08:27:08.171 (228945428)|METHOD_ENTRY|[33]||Database.QueryLocatorIterator.hasNext()
08:27:08.171 (228983735)|METHOD_EXIT|[33]||Database.QueryLocatorIterator.hasNext()
08:27:08.171 (228989990)|METHOD_ENTRY|[33]||Database.QueryLocatorIterator.next()
08:27:08.171 (229106078)|METHOD_EXIT|[33]||Database.QueryLocatorIterator.next()
08:27:08.171 (229118748)|VARIABLE_SCOPE_BEGIN|[33]|cgm|CollaborationGroupMember|true|false
08:27:08.171 (229142464)|VARIABLE_ASSIGNMENT|[33]|cgm|{"s":1,"v":{"Id":"0FB36000000CtpOGAS","CollaborationGroupId":"0F936000000FTgJCAW"}}|0x18831851
08:27:08.171 (229147589)|STATEMENT_EXECUTE|[33]
08:27:08.171 (229149551)|STATEMENT_EXECUTE|[34]
08:27:08.171 (229156182)|HEAP_ALLOCATE|[34]|Bytes:4
08:27:08.171 (229454276)|SOQL_EXECUTE_BEGIN|[34]|Aggregations:0|SELECT Id, Name, FullPhotoUrl, NetworkID, MemberCount, InformationTitle, Description FROM CollaborationGroup WHERE Id = :tmpVar1
08:27:08.171 (232690032)|SOQL_EXECUTE_END|[34]|Rows:1
08:27:08.171 (232712767)|HEAP_ALLOCATE|[34]|Bytes:8
08:27:08.171 (232726757)|HEAP_ALLOCATE|[34]|Bytes:230
08:27:08.171 (232745008)|HEAP_ALLOCATE|[34]|Bytes:8
08:27:08.171 (232778959)|HEAP_ALLOCATE|[34]|Bytes:28
08:27:08.171 (232788022)|VARIABLE_SCOPE_BEGIN|[34]|cg|CollaborationGroup|true|false
08:27:08.171 (232812365)|VARIABLE_ASSIGNMENT|[34]|cg|{"s":1,"v":{"Id":"0F936000000FTgJCAW","Name":"RIO WC VIP Event Pla (5 more) ...","FullPhotoUrl":"/collab/profilephoto (18 more) ...","NetworkId":"0DB36000000KzVyGAK","MemberCount":1,"Description":"Customer Event Plann (29 more) ..."}}|0x57b4014b
08:27:08.171 (232877141)|STATEMENT_EXECUTE|[35]
08:27:08.171 (232881088)|STATEMENT_EXECUTE|[36]
08:27:08.171 (232893492)|HEAP_ALLOCATE|[EXTERNAL]|Bytes:4
08:27:08.171 (232910125)|METHOD_ENTRY|[33]||Database.QueryLocatorIterator.hasNext()
08:27:08.171 (232949450)|METHOD_EXIT|[33]||Database.QueryLocatorIterator.hasNext()
08:27:08.171 (232960255)|METHOD_ENTRY|[33]||Database.QueryLocatorIterator.next()
08:27:08.171 (233061495)|METHOD_EXIT|[33]||Database.QueryLocatorIterator.next()
08:27:08.171 (233073128)|VARIABLE_SCOPE_BEGIN|[33]|cgm|CollaborationGroupMember|true|false
08:27:08.171 (233097292)|VARIABLE_ASSIGNMENT|[33]|cgm|{"s":1,"v":{"Id":"0FB36000000J2nDGAS","CollaborationGroupId":"0F936000000RiS3CAK"}}|0x34a9c4c2
08:27:08.171 (233102602)|STATEMENT_EXECUTE|[33]
08:27:08.171 (233104401)|STATEMENT_EXECUTE|[34]
08:27:08.171 (233111722)|HEAP_ALLOCATE|[34]|Bytes:4
08:27:08.171 (233485424)|SOQL_EXECUTE_BEGIN|[34]|Aggregations:0|SELECT Id, Name, FullPhotoUrl, NetworkID, MemberCount, InformationTitle, Description FROM CollaborationGroup WHERE Id = :tmpVar1
08:27:08.171 (236065887)|SOQL_EXECUTE_END|[34]|Rows:1
08:27:08.171 (236095184)|HEAP_ALLOCATE|[34]|Bytes:8
08:27:08.171 (236113865)|HEAP_ALLOCATE|[34]|Bytes:750
08:27:08.171 (236137946)|HEAP_ALLOCATE|[34]|Bytes:8
08:27:08.171 (236184519)|HEAP_ALLOCATE|[34]|Bytes:24
08:27:08.171 (236197438)|VARIABLE_SCOPE_BEGIN|[34]|cg|CollaborationGroup|true|false
08:27:08.171 (236230867)|VARIABLE_ASSIGNMENT|[34]|cg|{"s":1,"v":{"Id":"0F936000000RiS3CAK","Name":"United Partners Glob (15 more) ...","FullPhotoUrl":"/collab/profilephoto (18 more) ...","MemberCount":6,"Description":"With this group the  (570 more) ..."}}|0x4c15c555
08:27:08.171 (236249953)|STATEMENT_EXECUTE|[35]
08:27:08.171 (236262271)|METHOD_ENTRY|[33]||Database.QueryLocatorIterator.hasNext()
08:27:08.171 (236302644)|METHOD_EXIT|[33]||Database.QueryLocatorIterator.hasNext()
08:27:08.171 (236312739)|METHOD_ENTRY|[33]||Database.QueryLocatorIterator.next()
08:27:08.171 (236410563)|METHOD_EXIT|[33]||Database.QueryLocatorIterator.next()
08:27:08.171 (236421154)|VARIABLE_SCOPE_BEGIN|[33]|cgm|CollaborationGroupMember|true|false
08:27:08.171 (236444881)|VARIABLE_ASSIGNMENT|[33]|cgm|{"s":1,"v":{"Id":"0FB36000000J2m4GAC","CollaborationGroupId":"0F936000000RiS4CAK"}}|0x7c1f47ac
08:27:08.171 (236450239)|STATEMENT_EXECUTE|[33]
08:27:08.171 (236452329)|STATEMENT_EXECUTE|[34]
08:27:08.171 (236459154)|HEAP_ALLOCATE|[34]|Bytes:4
08:27:08.171 (236840613)|SOQL_EXECUTE_BEGIN|[34]|Aggregations:0|SELECT Id, Name, FullPhotoUrl, NetworkID, MemberCount, InformationTitle, Description FROM CollaborationGroup WHERE Id = :tmpVar1
08:27:08.171 (239285993)|SOQL_EXECUTE_END|[34]|Rows:1
08:27:08.171 (239313470)|HEAP_ALLOCATE|[34]|Bytes:8
08:27:08.171 (239331118)|HEAP_ALLOCATE|[34]|Bytes:447
08:27:08.171 (239351433)|HEAP_ALLOCATE|[34]|Bytes:8
08:27:08.171 (239393160)|HEAP_ALLOCATE|[34]|Bytes:28
08:27:08.171 (239405832)|VARIABLE_SCOPE_BEGIN|[34]|cg|CollaborationGroup|true|false
08:27:08.171 (239439626)|VARIABLE_ASSIGNMENT|[34]|cg|{"s":1,"v":{"Id":"0F936000000RiS4CAK","Name":"Beta Program","FullPhotoUrl":"/collab/profilephoto (18 more) ...","NetworkId":"0DB36000000HTZuGAO","MemberCount":5,"Description":"Welcome to the Beta  (259 more) ..."}}|0x4afcb128
08:27:08.171 (239495265)|STATEMENT_EXECUTE|[35]
08:27:08.171 (239507076)|METHOD_ENTRY|[33]||Database.QueryLocatorIterator.hasNext()
08:27:08.171 (239545241)|METHOD_EXIT|[33]||Database.QueryLocatorIterator.hasNext()
08:27:08.171 (239555235)|METHOD_ENTRY|[33]||Database.QueryLocatorIterator.next()
08:27:08.171 (239664931)|METHOD_EXIT|[33]||Database.QueryLocatorIterator.next()
08:27:08.171 (239675980)|VARIABLE_SCOPE_BEGIN|[33]|cgm|CollaborationGroupMember|true|false
08:27:08.171 (239700432)|VARIABLE_ASSIGNMENT|[33]|cgm|{"s":1,"v":{"Id":"0FB36000000J2kIGAS","CollaborationGroupId":"0F936000000RiS9CAK"}}|0xf418061
08:27:08.171 (239705792)|STATEMENT_EXECUTE|[33]
08:27:08.171 (239707931)|STATEMENT_EXECUTE|[34]
08:27:08.171 (239714695)|HEAP_ALLOCATE|[34]|Bytes:4
08:27:08.171 (240085614)|SOQL_EXECUTE_BEGIN|[34]|Aggregations:0|SELECT Id, Name, FullPhotoUrl, NetworkID, MemberCount, InformationTitle, Description FROM CollaborationGroup WHERE Id = :tmpVar1
08:27:08.171 (243164849)|SOQL_EXECUTE_END|[34]|Rows:1
08:27:08.171 (243193311)|HEAP_ALLOCATE|[34]|Bytes:8
08:27:08.171 (243210770)|HEAP_ALLOCATE|[34]|Bytes:178
08:27:08.171 (243231620)|HEAP_ALLOCATE|[34]|Bytes:8
08:27:08.171 (243275123)|HEAP_ALLOCATE|[34]|Bytes:24
08:27:08.171 (243288232)|VARIABLE_SCOPE_BEGIN|[34]|cg|CollaborationGroup|true|false
08:27:08.171 (243320862)|VARIABLE_ASSIGNMENT|[34]|cg|{"s":1,"v":{"Id":"0F936000000RiS9CAK","Name":"Sales Strategy","FullPhotoUrl":"/collab/profilephoto (18 more) ...","MemberCount":7,"Description":"Get deal support fro (19 more) ..."}}|0x66e3829
08:27:08.171 (243339224)|STATEMENT_EXECUTE|[35]
08:27:08.171 (243352223)|METHOD_ENTRY|[33]||Database.QueryLocatorIterator.hasNext()
08:27:08.171 (243391764)|METHOD_EXIT|[33]||Database.QueryLocatorIterator.hasNext()
08:27:08.171 (243402188)|METHOD_ENTRY|[33]||Database.QueryLocatorIterator.next()
08:27:08.171 (243506605)|METHOD_EXIT|[33]||Database.QueryLocatorIterator.next()
08:27:08.171 (243517398)|VARIABLE_SCOPE_BEGIN|[33]|cgm|CollaborationGroupMember|true|false
08:27:08.171 (243542187)|VARIABLE_ASSIGNMENT|[33]|cgm|{"s":1,"v":{"Id":"0FB36000000J2l4GAC","CollaborationGroupId":"0F936000000RiSACA0"}}|0x71d7b42e
08:27:08.171 (243547504)|STATEMENT_EXECUTE|[33]
08:27:08.171 (243549606)|STATEMENT_EXECUTE|[34]
08:27:08.171 (243556151)|HEAP_ALLOCATE|[34]|Bytes:4
08:27:08.171 (243952641)|SOQL_EXECUTE_BEGIN|[34]|Aggregations:0|SELECT Id, Name, FullPhotoUrl, NetworkID, MemberCount, InformationTitle, Description FROM CollaborationGroup WHERE Id = :tmpVar1
08:27:08.171 (246588094)|SOQL_EXECUTE_END|[34]|Rows:1
08:27:08.171 (246619843)|HEAP_ALLOCATE|[34]|Bytes:8
08:27:08.171 (246637512)|HEAP_ALLOCATE|[34]|Bytes:319
08:27:08.171 (246658272)|HEAP_ALLOCATE|[34]|Bytes:8
08:27:08.171 (246701736)|HEAP_ALLOCATE|[34]|Bytes:32
08:27:08.171 (246714591)|VARIABLE_SCOPE_BEGIN|[34]|cg|CollaborationGroup|true|false
08:27:08.171 (246749126)|VARIABLE_ASSIGNMENT|[34]|cg|{"s":1,"v":{"Id":"0F936000000RiSACA0","Name":"Conferencing Solutio (2 more) ...","FullPhotoUrl":"/collab/profilephoto (18 more) ...","NetworkId":"0DB36000000HTZwGAO","MemberCount":8,"InformationTitle":"Important Links","Description":"Chat here about all  (86 more) ..."}}|0x2860c31b
08:27:08.171 (246801535)|STATEMENT_EXECUTE|[35]
08:27:08.171 (246813036)|METHOD_ENTRY|[33]||Database.QueryLocatorIterator.hasNext()
08:27:08.171 (246846457)|METHOD_EXIT|[33]||Database.QueryLocatorIterator.hasNext()
08:27:08.171 (246854883)|METHOD_ENTRY|[33]||Database.QueryLocatorIterator.next()
08:27:08.171 (246947467)|METHOD_EXIT|[33]||Database.QueryLocatorIterator.next()
08:27:08.171 (246957682)|VARIABLE_SCOPE_BEGIN|[33]|cgm|CollaborationGroupMember|true|false
08:27:08.171 (246980524)|VARIABLE_ASSIGNMENT|[33]|cgm|{"s":1,"v":{"Id":"0FB36000000J2lAGAS","CollaborationGroupId":"0F936000000RiSBCA0"}}|0x7e8de3ea
08:27:08.171 (246986144)|STATEMENT_EXECUTE|[33]
08:27:08.171 (246988001)|STATEMENT_EXECUTE|[34]
08:27:08.171 (246995054)|HEAP_ALLOCATE|[34]|Bytes:4
08:27:08.171 (247350888)|SOQL_EXECUTE_BEGIN|[34]|Aggregations:0|SELECT Id, Name, FullPhotoUrl, NetworkID, MemberCount, InformationTitle, Description FROM CollaborationGroup WHERE Id = :tmpVar1
08:27:08.171 (249905916)|SOQL_EXECUTE_END|[34]|Rows:1
08:27:08.171 (249935427)|HEAP_ALLOCATE|[34]|Bytes:8
08:27:08.171 (249955807)|HEAP_ALLOCATE|[34]|Bytes:336
08:27:08.171 (249980180)|HEAP_ALLOCATE|[34]|Bytes:8
08:27:08.171 (250023604)|HEAP_ALLOCATE|[34]|Bytes:32
08:27:08.171 (250036672)|VARIABLE_SCOPE_BEGIN|[34]|cg|CollaborationGroup|true|false
08:27:08.171 (250071045)|VARIABLE_ASSIGNMENT|[34]|cg|{"s":1,"v":{"Id":"0F936000000RiSBCA0","Name":"Speakers & Headphone (1 more) ...","FullPhotoUrl":"/collab/profilephoto (18 more) ...","NetworkId":"0DB36000000HTZwGAO","MemberCount":7,"InformationTitle":"Important Links","Description":"Chat about our speak (104 more) ..."}}|0xe9f8d01
08:27:08.171 (250119090)|STATEMENT_EXECUTE|[35]
08:27:08.171 (250130261)|METHOD_ENTRY|[33]||Database.QueryLocatorIterator.hasNext()
08:27:08.171 (250166683)|METHOD_EXIT|[33]||Database.QueryLocatorIterator.hasNext()
08:27:08.171 (250175230)|METHOD_ENTRY|[33]||Database.QueryLocatorIterator.next()
08:27:08.171 (250266917)|METHOD_EXIT|[33]||Database.QueryLocatorIterator.next()
08:27:08.171 (250277926)|VARIABLE_SCOPE_BEGIN|[33]|cgm|CollaborationGroupMember|true|false
08:27:08.171 (250300873)|VARIABLE_ASSIGNMENT|[33]|cgm|{"s":1,"v":{"Id":"0FB36000000J2lMGAS","CollaborationGroupId":"0F936000000RiSCCA0"}}|0x2711e710
08:27:08.171 (250305681)|STATEMENT_EXECUTE|[33]
08:27:08.171 (250307436)|STATEMENT_EXECUTE|[34]
08:27:08.171 (250314509)|HEAP_ALLOCATE|[34]|Bytes:4
08:27:08.171 (250683492)|SOQL_EXECUTE_BEGIN|[34]|Aggregations:0|SELECT Id, Name, FullPhotoUrl, NetworkID, MemberCount, InformationTitle, Description FROM CollaborationGroup WHERE Id = :tmpVar1
08:27:08.171 (252936738)|SOQL_EXECUTE_END|[34]|Rows:1
08:27:08.171 (252967742)|HEAP_ALLOCATE|[34]|Bytes:8
08:27:08.171 (252985852)|HEAP_ALLOCATE|[34]|Bytes:312
08:27:08.171 (253006878)|HEAP_ALLOCATE|[34]|Bytes:8
08:27:08.171 (253048220)|HEAP_ALLOCATE|[34]|Bytes:32
08:27:08.171 (253061406)|VARIABLE_SCOPE_BEGIN|[34]|cg|CollaborationGroup|true|false
08:27:08.171 (253097502)|VARIABLE_ASSIGNMENT|[34]|cg|{"s":1,"v":{"Id":"0F936000000RiSCCA0","Name":"Partner Connect Conf (6 more) ...","FullPhotoUrl":"/collab/profilephoto (18 more) ...","NetworkId":"0DB36000000HTZvGAO","MemberCount":6,"InformationTitle":"Conference Informati (2 more) ...","Description":"Get the latest news, (68 more) ..."}}|0x75672c05
08:27:08.171 (253143070)|STATEMENT_EXECUTE|[35]
08:27:08.171 (253153453)|METHOD_ENTRY|[33]||Database.QueryLocatorIterator.hasNext()
08:27:08.171 (253186657)|METHOD_EXIT|[33]||Database.QueryLocatorIterator.hasNext()
08:27:08.171 (253194576)|METHOD_ENTRY|[33]||Database.QueryLocatorIterator.next()
08:27:08.171 (253282664)|METHOD_EXIT|[33]||Database.QueryLocatorIterator.next()
08:27:08.171 (253292084)|VARIABLE_SCOPE_BEGIN|[33]|cgm|CollaborationGroupMember|true|false
08:27:08.171 (253315003)|VARIABLE_ASSIGNMENT|[33]|cgm|{"s":1,"v":{"Id":"0FB36000000J2lLGAS","CollaborationGroupId":"0F936000000RiSDCA0"}}|0x212d12db
08:27:08.171 (253320203)|STATEMENT_EXECUTE|[33]
08:27:08.171 (253322520)|STATEMENT_EXECUTE|[34]
08:27:08.171 (253328914)|HEAP_ALLOCATE|[34]|Bytes:4
08:27:08.171 (253697115)|SOQL_EXECUTE_BEGIN|[34]|Aggregations:0|SELECT Id, Name, FullPhotoUrl, NetworkID, MemberCount, InformationTitle, Description FROM CollaborationGroup WHERE Id = :tmpVar1
08:27:08.171 (255694504)|SOQL_EXECUTE_END|[34]|Rows:1
08:27:08.171 (255715304)|HEAP_ALLOCATE|[34]|Bytes:8
08:27:08.171 (255728829)|HEAP_ALLOCATE|[34]|Bytes:294
08:27:08.171 (255743363)|HEAP_ALLOCATE|[34]|Bytes:8
08:27:08.171 (255774268)|HEAP_ALLOCATE|[34]|Bytes:32
08:27:08.171 (255783746)|VARIABLE_SCOPE_BEGIN|[34]|cg|CollaborationGroup|true|false
08:27:08.171 (255808856)|VARIABLE_ASSIGNMENT|[34]|cg|{"s":1,"v":{"Id":"0F936000000RiSDCA0","Name":"Selling: Conference  (8 more) ...","FullPhotoUrl":"/collab/profilephoto (18 more) ...","NetworkId":"0DB36000000HTZvGAO","MemberCount":8,"InformationTitle":"Key Materials","Description":"Get advice and discu (57 more) ..."}}|0x2a8567c9
08:27:08.171 (255840358)|STATEMENT_EXECUTE|[35]
08:27:08.171 (255847972)|METHOD_ENTRY|[33]||Database.QueryLocatorIterator.hasNext()
08:27:08.171 (255870293)|METHOD_EXIT|[33]||Database.QueryLocatorIterator.hasNext()
08:27:08.171 (255874915)|METHOD_ENTRY|[33]||Database.QueryLocatorIterator.next()
08:27:08.171 (255930357)|METHOD_EXIT|[33]||Database.QueryLocatorIterator.next()
08:27:08.171 (255936510)|VARIABLE_SCOPE_BEGIN|[33]|cgm|CollaborationGroupMember|true|false
08:27:08.171 (255953088)|VARIABLE_ASSIGNMENT|[33]|cgm|{"s":1,"v":{"Id":"0FB36000000J2mZGAS","CollaborationGroupId":"0F936000000RiSGCA0"}}|0x190b9ec9
08:27:08.171 (255956496)|STATEMENT_EXECUTE|[33]
08:27:08.171 (255957676)|STATEMENT_EXECUTE|[34]
08:27:08.171 (255962569)|HEAP_ALLOCATE|[34]|Bytes:4
08:27:08.171 (256170026)|SOQL_EXECUTE_BEGIN|[34]|Aggregations:0|SELECT Id, Name, FullPhotoUrl, NetworkID, MemberCount, InformationTitle, Description FROM CollaborationGroup WHERE Id = :tmpVar1
08:27:08.171 (257990884)|SOQL_EXECUTE_END|[34]|Rows:1
08:27:08.171 (258011749)|HEAP_ALLOCATE|[34]|Bytes:8
08:27:08.171 (258024490)|HEAP_ALLOCATE|[34]|Bytes:254
08:27:08.171 (258038752)|HEAP_ALLOCATE|[34]|Bytes:8
08:27:08.171 (258070838)|HEAP_ALLOCATE|[34]|Bytes:28
08:27:08.171 (258079930)|VARIABLE_SCOPE_BEGIN|[34]|cg|CollaborationGroup|true|false
08:27:08.171 (258103082)|VARIABLE_ASSIGNMENT|[34]|cg|{"s":1,"v":{"Id":"0F936000000RiSGCA0","Name":"Home Theater Design","FullPhotoUrl":"/collab/profilephoto (18 more) ...","NetworkId":"0DB36000000HTZsGAO","MemberCount":6,"Description":"A group dedicated to (59 more) ..."}}|0x1044ce39
08:27:08.171 (258135153)|STATEMENT_EXECUTE|[35]
08:27:08.171 (258142434)|METHOD_ENTRY|[33]||Database.QueryLocatorIterator.hasNext()
08:27:08.171 (258164283)|METHOD_EXIT|[33]||Database.QueryLocatorIterator.hasNext()
08:27:08.171 (258168634)|METHOD_ENTRY|[33]||Database.QueryLocatorIterator.next()
08:27:08.171 (258223345)|METHOD_EXIT|[33]||Database.QueryLocatorIterator.next()
08:27:08.171 (258229374)|VARIABLE_SCOPE_BEGIN|[33]|cgm|CollaborationGroupMember|true|false
08:27:08.171 (258245767)|VARIABLE_ASSIGNMENT|[33]|cgm|{"s":1,"v":{"Id":"0FB36000000J2kmGAC","CollaborationGroupId":"0F936000000RiSHCA0"}}|0x348ffa5c
08:27:08.171 (258249093)|STATEMENT_EXECUTE|[33]
08:27:08.171 (258250423)|STATEMENT_EXECUTE|[34]
08:27:08.171 (258255078)|HEAP_ALLOCATE|[34]|Bytes:4
08:27:08.171 (258460919)|SOQL_EXECUTE_BEGIN|[34]|Aggregations:0|SELECT Id, Name, FullPhotoUrl, NetworkID, MemberCount, InformationTitle, Description FROM CollaborationGroup WHERE Id = :tmpVar1
08:27:08.171 (260402273)|SOQL_EXECUTE_END|[34]|Rows:1
08:27:08.171 (260422872)|HEAP_ALLOCATE|[34]|Bytes:8
08:27:08.171 (260434528)|HEAP_ALLOCATE|[34]|Bytes:133
08:27:08.171 (260449231)|HEAP_ALLOCATE|[34]|Bytes:8
08:27:08.171 (260485529)|HEAP_ALLOCATE|[34]|Bytes:20
08:27:08.171 (260494380)|VARIABLE_SCOPE_BEGIN|[34]|cg|CollaborationGroup|true|false
08:27:08.171 (260516340)|VARIABLE_ASSIGNMENT|[34]|cg|{"s":1,"v":{"Id":"0F936000000RiSHCA0","Name":"Support Management T (3 more) ...","FullPhotoUrl":"/collab/profilephoto (18 more) ...","MemberCount":6}}|0x10ed4f4a
08:27:08.171 (260529196)|STATEMENT_EXECUTE|[35]
08:27:08.171 (260537927)|METHOD_ENTRY|[33]||Database.QueryLocatorIterator.hasNext()
08:27:08.171 (260565264)|METHOD_EXIT|[33]||Database.QueryLocatorIterator.hasNext()
08:27:08.171 (260570280)|METHOD_ENTRY|[33]||Database.QueryLocatorIterator.next()
08:27:08.171 (260626086)|METHOD_EXIT|[33]||Database.QueryLocatorIterator.next()
08:27:08.171 (260632246)|VARIABLE_SCOPE_BEGIN|[33]|cgm|CollaborationGroupMember|true|false
08:27:08.171 (260648469)|VARIABLE_ASSIGNMENT|[33]|cgm|{"s":1,"v":{"Id":"0FB36000000J2nIGAS","CollaborationGroupId":"0F936000000RiSICA0"}}|0x7eee2170
08:27:08.171 (260652534)|STATEMENT_EXECUTE|[33]
08:27:08.171 (260654914)|STATEMENT_EXECUTE|[34]
08:27:08.171 (260660870)|HEAP_ALLOCATE|[34]|Bytes:4
08:27:08.171 (260869671)|SOQL_EXECUTE_BEGIN|[34]|Aggregations:0|SELECT Id, Name, FullPhotoUrl, NetworkID, MemberCount, InformationTitle, Description FROM CollaborationGroup WHERE Id = :tmpVar1
08:27:08.171 (262896559)|SOQL_EXECUTE_END|[34]|Rows:1
08:27:08.171 (262916826)|HEAP_ALLOCATE|[34]|Bytes:8
08:27:08.171 (262929320)|HEAP_ALLOCATE|[34]|Bytes:293
08:27:08.171 (262943593)|HEAP_ALLOCATE|[34]|Bytes:8
08:27:08.171 (262973344)|HEAP_ALLOCATE|[34]|Bytes:28
08:27:08.171 (262981529)|VARIABLE_SCOPE_BEGIN|[34]|cg|CollaborationGroup|true|false
08:27:08.171 (263005153)|VARIABLE_ASSIGNMENT|[34]|cg|{"s":1,"v":{"Id":"0F936000000RiSICA0","Name":"Product Help","FullPhotoUrl":"/collab/profilephoto (18 more) ...","NetworkId":"0DB36000000HTZwGAO","MemberCount":10,"Description":"This is the place to (105 more) ..."}}|0x3dd437c1
08:27:08.171 (263043216)|STATEMENT_EXECUTE|[35]
08:27:08.171 (263054478)|METHOD_ENTRY|[33]||Database.QueryLocatorIterator.hasNext()
08:27:08.171 (263092361)|METHOD_EXIT|[33]||Database.QueryLocatorIterator.hasNext()
08:27:08.171 (263103382)|METHOD_ENTRY|[33]||Database.QueryLocatorIterator.next()
08:27:08.171 (263211927)|METHOD_EXIT|[33]||Database.QueryLocatorIterator.next()
08:27:08.171 (263223867)|VARIABLE_SCOPE_BEGIN|[33]|cgm|CollaborationGroupMember|true|false
08:27:08.171 (263248982)|VARIABLE_ASSIGNMENT|[33]|cgm|{"s":1,"v":{"Id":"0FB36000000J2nJGAS","CollaborationGroupId":"0F936000000RiSJCA0"}}|0x52b35430
08:27:08.171 (263255119)|STATEMENT_EXECUTE|[33]
08:27:08.171 (263257394)|STATEMENT_EXECUTE|[34]
08:27:08.171 (263264079)|HEAP_ALLOCATE|[34]|Bytes:4
08:27:08.171 (263492285)|SOQL_EXECUTE_BEGIN|[34]|Aggregations:0|SELECT Id, Name, FullPhotoUrl, NetworkID, MemberCount, InformationTitle, Description FROM CollaborationGroup WHERE Id = :tmpVar1
08:27:08.171 (265593306)|SOQL_EXECUTE_END|[34]|Rows:1
08:27:08.171 (265613672)|HEAP_ALLOCATE|[34]|Bytes:8
08:27:08.171 (265627457)|HEAP_ALLOCATE|[34]|Bytes:451
08:27:08.171 (265642132)|HEAP_ALLOCATE|[34]|Bytes:8
08:27:08.171 (265672297)|HEAP_ALLOCATE|[34]|Bytes:28
08:27:08.171 (265683046)|VARIABLE_SCOPE_BEGIN|[34]|cg|CollaborationGroup|true|false
08:27:08.171 (265707453)|VARIABLE_ASSIGNMENT|[34]|cg|{"s":1,"v":{"Id":"0F936000000RiSJCA0","Name":"Beta Program","FullPhotoUrl":"/collab/profilephoto (18 more) ...","NetworkId":"0DB36000000HTZwGAO","MemberCount":5,"Description":"Welcome to the Beta  (263 more) ..."}}|0x5d11517c
08:27:08.171 (265739446)|STATEMENT_EXECUTE|[35]
08:27:08.171 (265747070)|METHOD_ENTRY|[33]||Database.QueryLocatorIterator.hasNext()
08:27:08.171 (265769588)|METHOD_EXIT|[33]||Database.QueryLocatorIterator.hasNext()
08:27:08.171 (265774136)|METHOD_ENTRY|[33]||Database.QueryLocatorIterator.next()
08:27:08.171 (265830692)|METHOD_EXIT|[33]||Database.QueryLocatorIterator.next()
08:27:08.171 (265836828)|VARIABLE_SCOPE_BEGIN|[33]|cgm|CollaborationGroupMember|true|false
08:27:08.171 (265853011)|VARIABLE_ASSIGNMENT|[33]|cgm|{"s":1,"v":{"Id":"0FB36000000J2kJGAS","CollaborationGroupId":"0F936000000RiSLCA0"}}|0x7157d6c8
08:27:08.171 (265856386)|STATEMENT_EXECUTE|[33]
08:27:08.171 (265857570)|STATEMENT_EXECUTE|[34]
08:27:08.171 (265862162)|HEAP_ALLOCATE|[34]|Bytes:4
08:27:08.171 (266076819)|SOQL_EXECUTE_BEGIN|[34]|Aggregations:0|SELECT Id, Name, FullPhotoUrl, NetworkID, MemberCount, InformationTitle, Description FROM CollaborationGroup WHERE Id = :tmpVar1
08:27:08.171 (268001366)|SOQL_EXECUTE_END|[34]|Rows:1
08:27:08.171 (268021572)|HEAP_ALLOCATE|[34]|Bytes:8
08:27:08.171 (268034119)|HEAP_ALLOCATE|[34]|Bytes:189
08:27:08.171 (268048619)|HEAP_ALLOCATE|[34]|Bytes:8
08:27:08.171 (268078180)|HEAP_ALLOCATE|[34]|Bytes:24
08:27:08.171 (268086536)|VARIABLE_SCOPE_BEGIN|[34]|cg|CollaborationGroup|true|false
08:27:08.171 (268109137)|VARIABLE_ASSIGNMENT|[34]|cg|{"s":1,"v":{"Id":"0F936000000RiSLCA0","Name":"Competitive Experts","FullPhotoUrl":"/collab/profilephoto (18 more) ...","MemberCount":11,"Description":"Get deal support fro (25 more) ..."}}|0x1ec4940e
08:27:08.171 (268124467)|STATEMENT_EXECUTE|[35]
08:27:08.171 (268133780)|METHOD_ENTRY|[33]||Database.QueryLocatorIterator.hasNext()
08:27:08.171 (268160771)|METHOD_EXIT|[33]||Database.QueryLocatorIterator.hasNext()
08:27:08.171 (268169619)|METHOD_ENTRY|[33]||Database.QueryLocatorIterator.next()
08:27:08.171 (268290229)|METHOD_EXIT|[33]||Database.QueryLocatorIterator.next()
08:27:08.171 (268302541)|VARIABLE_SCOPE_BEGIN|[33]|cgm|CollaborationGroupMember|true|false
08:27:08.171 (268328338)|VARIABLE_ASSIGNMENT|[33]|cgm|{"s":1,"v":{"Id":"0FB36000000J2ndGAC","CollaborationGroupId":"0F936000000RiSNCA0"}}|0x705ade29
08:27:08.171 (268334352)|STATEMENT_EXECUTE|[33]
08:27:08.171 (268336455)|STATEMENT_EXECUTE|[34]
08:27:08.171 (268341729)|HEAP_ALLOCATE|[34]|Bytes:4
08:27:08.171 (268566029)|SOQL_EXECUTE_BEGIN|[34]|Aggregations:0|SELECT Id, Name, FullPhotoUrl, NetworkID, MemberCount, InformationTitle, Description FROM CollaborationGroup WHERE Id = :tmpVar1
08:27:08.171 (270522613)|SOQL_EXECUTE_END|[34]|Rows:1
08:27:08.171 (270543158)|HEAP_ALLOCATE|[34]|Bytes:8
08:27:08.171 (270556395)|HEAP_ALLOCATE|[34]|Bytes:464
08:27:08.171 (270570874)|HEAP_ALLOCATE|[34]|Bytes:8
08:27:08.171 (270600584)|HEAP_ALLOCATE|[34]|Bytes:28
08:27:08.171 (270608722)|VARIABLE_SCOPE_BEGIN|[34]|cg|CollaborationGroup|true|false
08:27:08.171 (270632050)|VARIABLE_ASSIGNMENT|[34]|cg|{"s":1,"v":{"Id":"0F936000000RiSNCA0","Name":"Community MVPs","FullPhotoUrl":"/collab/profilephoto (18 more) ...","NetworkId":"0DB36000000HTZuGAO","MemberCount":8,"Description":"This program recogni (274 more) ..."}}|0x7e761c6f
08:27:08.171 (270664377)|STATEMENT_EXECUTE|[35]
08:27:08.171 (270671970)|METHOD_ENTRY|[33]||Database.QueryLocatorIterator.hasNext()
08:27:08.171 (270694211)|METHOD_EXIT|[33]||Database.QueryLocatorIterator.hasNext()
08:27:08.171 (270698471)|METHOD_ENTRY|[33]||Database.QueryLocatorIterator.next()
08:27:08.171 (270753149)|METHOD_EXIT|[33]||Database.QueryLocatorIterator.next()
08:27:08.171 (270759073)|VARIABLE_SCOPE_BEGIN|[33]|cgm|CollaborationGroupMember|true|false
08:27:08.171 (270775132)|VARIABLE_ASSIGNMENT|[33]|cgm|{"s":1,"v":{"Id":"0FB36000000J2kNGAS","CollaborationGroupId":"0F936000000RiSPCA0"}}|0x7e6d969
08:27:08.171 (270778362)|STATEMENT_EXECUTE|[33]
08:27:08.171 (270779556)|STATEMENT_EXECUTE|[34]
08:27:08.171 (270784285)|HEAP_ALLOCATE|[34]|Bytes:4
08:27:08.171 (271014378)|SOQL_EXECUTE_BEGIN|[34]|Aggregations:0|SELECT Id, Name, FullPhotoUrl, NetworkID, MemberCount, InformationTitle, Description FROM CollaborationGroup WHERE Id = :tmpVar1
08:27:08.171 (273111680)|SOQL_EXECUTE_END|[34]|Rows:1
08:27:08.171 (273131980)|HEAP_ALLOCATE|[34]|Bytes:8
08:27:08.171 (273144033)|HEAP_ALLOCATE|[34]|Bytes:176
08:27:08.171 (273158671)|HEAP_ALLOCATE|[34]|Bytes:8
08:27:08.171 (273187929)|HEAP_ALLOCATE|[34]|Bytes:24
08:27:08.171 (273196287)|VARIABLE_SCOPE_BEGIN|[34]|cg|CollaborationGroup|true|false
08:27:08.171 (273218189)|VARIABLE_ASSIGNMENT|[34]|cg|{"s":1,"v":{"Id":"0F936000000RiSPCA0","Name":"Product Experts","FullPhotoUrl":"/collab/profilephoto (18 more) ...","MemberCount":9,"Description":"Get product support  (16 more) ..."}}|0x3e5bee0
08:27:08.171 (273230923)|STATEMENT_EXECUTE|[35]
08:27:08.171 (273239514)|METHOD_ENTRY|[33]||Database.QueryLocatorIterator.hasNext()
08:27:08.171 (273263369)|METHOD_EXIT|[33]||Database.QueryLocatorIterator.hasNext()
08:27:08.171 (273267903)|METHOD_ENTRY|[33]||Database.QueryLocatorIterator.next()
08:27:08.171 (273323374)|METHOD_EXIT|[33]||Database.QueryLocatorIterator.next()
08:27:08.171 (273329368)|VARIABLE_SCOPE_BEGIN|[33]|cgm|CollaborationGroupMember|true|false
08:27:08.171 (273345544)|VARIABLE_ASSIGNMENT|[33]|cgm|{"s":1,"v":{"Id":"0FB36000000J2kcGAC","CollaborationGroupId":"0F936000000RiSQCA0"}}|0x334e563c
08:27:08.171 (273348802)|STATEMENT_EXECUTE|[33]
08:27:08.171 (273349958)|STATEMENT_EXECUTE|[34]
08:27:08.171 (273354504)|HEAP_ALLOCATE|[34]|Bytes:4
08:27:08.171 (273565348)|SOQL_EXECUTE_BEGIN|[34]|Aggregations:0|SELECT Id, Name, FullPhotoUrl, NetworkID, MemberCount, InformationTitle, Description FROM CollaborationGroup WHERE Id = :tmpVar1
08:27:08.171 (275827027)|SOQL_EXECUTE_END|[34]|Rows:1
08:27:08.171 (275855122)|HEAP_ALLOCATE|[34]|Bytes:8
08:27:08.171 (275869325)|HEAP_ALLOCATE|[34]|Bytes:212
08:27:08.171 (275885136)|HEAP_ALLOCATE|[34]|Bytes:8
08:27:08.171 (275915736)|HEAP_ALLOCATE|[34]|Bytes:24
08:27:08.171 (275924190)|VARIABLE_SCOPE_BEGIN|[34]|cg|CollaborationGroup|true|false
08:27:08.171 (275947209)|VARIABLE_ASSIGNMENT|[34]|cg|{"s":1,"v":{"Id":"0F936000000RiSQCA0","Name":"Customer Collaborati (2 more) ...","FullPhotoUrl":"/collab/profilephoto (18 more) ...","MemberCount":9,"Description":"This Group is used t (45 more) ..."}}|0x9ab98fe
08:27:08.171 (275959927)|STATEMENT_EXECUTE|[35]
08:27:08.171 (275968880)|METHOD_ENTRY|[33]||Database.QueryLocatorIterator.hasNext()
08:27:08.171 (276001117)|METHOD_EXIT|[33]||Database.QueryLocatorIterator.hasNext()
08:27:08.171 (276007913)|METHOD_ENTRY|[33]||Database.QueryLocatorIterator.next()
08:27:08.171 (276066782)|METHOD_EXIT|[33]||Database.QueryLocatorIterator.next()
08:27:08.171 (276072787)|VARIABLE_SCOPE_BEGIN|[33]|cgm|CollaborationGroupMember|true|false
08:27:08.171 (276089394)|VARIABLE_ASSIGNMENT|[33]|cgm|{"s":1,"v":{"Id":"0FB36000000J2lGGAS","CollaborationGroupId":"0F936000000RiSSCA0"}}|0x18adc884
08:27:08.171 (276092731)|STATEMENT_EXECUTE|[33]
08:27:08.171 (276093968)|STATEMENT_EXECUTE|[34]
08:27:08.171 (276098780)|HEAP_ALLOCATE|[34]|Bytes:4
08:27:08.171 (276306360)|SOQL_EXECUTE_BEGIN|[34]|Aggregations:0|SELECT Id, Name, FullPhotoUrl, NetworkID, MemberCount, InformationTitle, Description FROM CollaborationGroup WHERE Id = :tmpVar1
08:27:08.171 (278494259)|SOQL_EXECUTE_END|[34]|Rows:1
08:27:08.171 (278514630)|HEAP_ALLOCATE|[34]|Bytes:8
08:27:08.171 (278528097)|HEAP_ALLOCATE|[34]|Bytes:334
08:27:08.171 (278543343)|HEAP_ALLOCATE|[34]|Bytes:8
08:27:08.171 (278573779)|HEAP_ALLOCATE|[34]|Bytes:32
08:27:08.171 (278582156)|VARIABLE_SCOPE_BEGIN|[34]|cg|CollaborationGroup|true|false
08:27:08.171 (278605836)|VARIABLE_ASSIGNMENT|[34]|cg|{"s":1,"v":{"Id":"0F936000000RiSSCA0","Name":"Hotspot Services","FullPhotoUrl":"/collab/profilephoto (18 more) ...","NetworkId":"0DB36000000HTZwGAO","MemberCount":5,"InformationTitle":"Service Plans","Description":"Own one of our conne (109 more) ..."}}|0x74feb024
08:27:08.171 (278641456)|STATEMENT_EXECUTE|[35]
08:27:08.171 (278648904)|METHOD_ENTRY|[33]||Database.QueryLocatorIterator.hasNext()
08:27:08.171 (278671103)|METHOD_EXIT|[33]||Database.QueryLocatorIterator.hasNext()
08:27:08.171 (278677883)|METHOD_ENTRY|[33]||Database.QueryLocatorIterator.next()
08:27:08.171 (278738276)|METHOD_EXIT|[33]||Database.QueryLocatorIterator.next()
08:27:08.171 (278744234)|VARIABLE_SCOPE_BEGIN|[33]|cgm|CollaborationGroupMember|true|false
08:27:08.171 (278760739)|VARIABLE_ASSIGNMENT|[33]|cgm|{"s":1,"v":{"Id":"0FB36000000J2lkGAC","CollaborationGroupId":"0F936000000RiSTCA0"}}|0x48553fd8
08:27:08.171 (278764112)|STATEMENT_EXECUTE|[33]
08:27:08.171 (278765376)|STATEMENT_EXECUTE|[34]
08:27:08.171 (278770064)|HEAP_ALLOCATE|[34]|Bytes:4
08:27:08.171 (278977581)|SOQL_EXECUTE_BEGIN|[34]|Aggregations:0|SELECT Id, Name, FullPhotoUrl, NetworkID, MemberCount, InformationTitle, Description FROM CollaborationGroup WHERE Id = :tmpVar1
08:27:08.171 (280926150)|SOQL_EXECUTE_END|[34]|Rows:1
08:27:08.171 (280947107)|HEAP_ALLOCATE|[34]|Bytes:8
08:27:08.171 (280959730)|HEAP_ALLOCATE|[34]|Bytes:120
08:27:08.171 (280974533)|HEAP_ALLOCATE|[34]|Bytes:8
08:27:08.171 (281004047)|HEAP_ALLOCATE|[34]|Bytes:20
08:27:08.171 (281013229)|VARIABLE_SCOPE_BEGIN|[34]|cg|CollaborationGroup|true|false
08:27:08.171 (281034471)|VARIABLE_ASSIGNMENT|[34]|cg|{"s":1,"v":{"Id":"0F936000000RiSTCA0","Name":"Chatter Marquee Aler (2 more) ...","FullPhotoUrl":"/collab/profilephoto (6 more) ...","MemberCount":15}}|0x13b745d2
08:27:08.171 (281047564)|STATEMENT_EXECUTE|[35]
08:27:08.171 (281056820)|METHOD_ENTRY|[33]||Database.QueryLocatorIterator.hasNext()
08:27:08.171 (281073970)|METHOD_EXIT|[33]||Database.QueryLocatorIterator.hasNext()
08:27:08.171 (281081811)|VARIABLE_ASSIGNMENT|[33]|cgm|null|
08:27:08.171 (281105814)|STATEMENT_EXECUTE|[46]
08:27:08.171 (281114172)|SYSTEM_MODE_EXIT|false
08:27:08.281 (281163723)|CUMULATIVE_LIMIT_USAGE
08:27:08.281 (281163723)|LIMIT_USAGE_FOR_NS|(default)|
  Number of SOQL queries: 31 out of 100
  Number of query rows: 62 out of 50000
  Number of SOSL queries: 0 out of 20
  Number of DML statements: 0 out of 150
  Number of DML rows: 0 out of 10000
  Maximum CPU time: 0 out of 10000
  Maximum heap size: 0 out of 6000000
  Number of callouts: 0 out of 100
  Number of Email Invocations: 0 out of 10
  Number of future calls: 0 out of 50
  Number of queueable jobs added to the queue: 0 out of 50
  Number of Mobile Apex push calls: 0 out of 10

08:27:08.281 (281163723)|CUMULATIVE_LIMIT_USAGE_END

08:27:08.171 (281216926)|CODE_UNIT_FINISHED|communityChatterGroups.getUserGroups
08:27:08.171 (283563838)|EXECUTION_FINISHED
08:27:08.316 (316527530)|USER_INFO|[EXTERNAL]|00536000001rY1L|dscruggs@kocollaboration.demo|Eastern Standard Time|GMT-05:00
08:27:08.316 (316559265)|EXECUTION_STARTED
08:27:08.316 (316564545)|CODE_UNIT_STARTED|[EXTERNAL]|01p3600000Armth|MyTeamController.getHierarchy
08:27:08.316 (316680136)|HEAP_ALLOCATE|[EXTERNAL]|Bytes:10
08:27:08.316 (316697747)|HEAP_ALLOCATE|[EXTERNAL]|Bytes:2
08:27:08.316 (316721311)|METHOD_ENTRY|[1]|01p3600000Armth|MyTeamController.MyTeamController()
08:27:08.316 (316728061)|STATEMENT_EXECUTE|[1]
08:27:08.316 (316737163)|STATEMENT_EXECUTE|[1]
08:27:08.316 (316751457)|SYSTEM_MODE_ENTER|false
08:27:08.316 (316768350)|HEAP_ALLOCATE|[EXTERNAL]|Bytes:5
08:27:08.316 (316781994)|SYSTEM_MODE_EXIT|false
08:27:08.316 (316797981)|METHOD_EXIT|[1]|MyTeamController
08:27:08.316 (316809256)|HEAP_ALLOCATE|[EXTERNAL]|Bytes:5
08:27:08.316 (316821912)|SYSTEM_MODE_ENTER|false
08:27:08.316 (316837680)|VARIABLE_SCOPE_BEGIN|[3]|userid|String|false|false
08:27:08.316 (316878555)|VARIABLE_ASSIGNMENT|[3]|userid|null
08:27:08.316 (316887839)|VARIABLE_SCOPE_BEGIN|[3]|useContacts|Boolean|false|false
08:27:08.316 (316896419)|VARIABLE_ASSIGNMENT|[3]|useContacts|true
08:27:08.316 (316913378)|HEAP_ALLOCATE|[4]|Bytes:5
08:27:08.316 (316920195)|STATEMENT_EXECUTE|[3]
08:27:08.316 (316926491)|STATEMENT_EXECUTE|[5]
08:27:08.316 (316948220)|METHOD_ENTRY|[5]||System.UserInfo.getUserId()
08:27:08.316 (317000607)|METHOD_EXIT|[5]||System.UserInfo.getUserId()
08:27:08.316 (317017326)|VARIABLE_ASSIGNMENT|[5]|userid|"00536000001rY1LAAU"
08:27:08.316 (317021233)|STATEMENT_EXECUTE|[6]
08:27:08.316 (317034722)|HEAP_ALLOCATE|[6]|Bytes:4
08:27:08.316 (317053762)|METHOD_ENTRY|[6]|01p3600000Armth|MyTeamController.getFocusUser(Id)
08:27:08.316 (317077952)|VARIABLE_SCOPE_BEGIN|[23]|currentFocusUserId|Id|false|false
08:27:08.316 (317203139)|VARIABLE_ASSIGNMENT|[23]|currentFocusUserId|"00536000001rY1LAAU"
08:27:08.316 (317213840)|HEAP_ALLOCATE|[24]|Bytes:5
08:27:08.316 (317218001)|STATEMENT_EXECUTE|[23]
08:27:08.316 (317219349)|STATEMENT_EXECUTE|[24]
08:27:08.316 (317224639)|HEAP_ALLOCATE|[24]|Bytes:279
08:27:08.316 (317237055)|HEAP_ALLOCATE|[24]|Bytes:4
08:27:08.316 (318034089)|SOQL_EXECUTE_BEGIN|[24]|Aggregations:0|SELECT Id, Name, ContactId, ReportsToContact__c, FirstName, LastName, UserRoleId, UserRole.Name, Title, ProfileId, ManagerId, Manager.Name, Manager.Email, Manager.Phone, Manager.Title, Manager.SmallPhotoUrl, FullPhotoUrl, SmallPhotoUrl, Phone, Email FROM User WHERE Id = :tmpVar1
08:27:08.316 (361056460)|SOQL_EXECUTE_END|[24]|Rows:1
08:27:08.316 (361112512)|HEAP_ALLOCATE|[24]|Bytes:8
08:27:08.316 (361152573)|HEAP_ALLOCATE|[24]|Bytes:606
08:27:08.316 (361177461)|HEAP_ALLOCATE|[24]|Bytes:8
08:27:08.316 (361238022)|HEAP_ALLOCATE|[24]|Bytes:56
08:27:08.316 (361255446)|VARIABLE_SCOPE_BEGIN|[24]|u|User|true|false
08:27:08.316 (361323375)|VARIABLE_ASSIGNMENT|[24]|u|{"s":1,"v":{"Id":"00536000001rY1LAAU","Name":"David Scruggs","FirstName":"David","LastName":"Scruggs","UserRoleId":"00E36000000fTqqEAE","Title":"VP Marketing, Coca-C (11 more) ...","ProfileId":"00e36000001H2QqAAK","ManagerId":"00536000001zklcAAA","FullPhotoUrl":"/collab/profilephoto (18 more) ...","SmallPhotoUrl":"/collab/profilephoto (18 more) ...","Email":"dscruggs@salesforce. (3 more) ...","UserRole":{"s":2,"v":{"Name":"VP of Sales","Id":"00E36000000fTqqEAE"}},"Manager":{"s":3,"v":{"Name":"Elliot Executive","Email":"eexec@example.com","Phone":"(187) 555-0197","Title":"SVP Sales","SmallPhotoUrl":"/collab/profilephoto (18 more) ...","Id":"00536000001zklcAAA"}}}}|0xe280837
08:27:08.316 (361333213)|STATEMENT_EXECUTE|[27]
08:27:08.316 (361352667)|METHOD_EXIT|[6]|01p3600000Armth|MyTeamController.getFocusUser(Id)
08:27:08.316 (361359828)|VARIABLE_SCOPE_BEGIN|[6]|currentUser|User|true|false
08:27:08.316 (361386413)|VARIABLE_ASSIGNMENT|[6]|currentUser|{"s":1,"v":{"Id":"00536000001rY1LAAU","Name":"David Scruggs","FirstName":"David","LastName":"Scruggs","UserRoleId":"00E36000000fTqqEAE","Title":"VP Marketing, Coca-C (11 more) ...","ProfileId":"00e36000001H2QqAAK","ManagerId":"00536000001zklcAAA","FullPhotoUrl":"/collab/profilephoto (18 more) ...","SmallPhotoUrl":"/collab/profilephoto (18 more) ...","Email":"dscruggs@salesforce. (3 more) ...","UserRole":{"s":2,"v":{"Name":"VP of Sales","Id":"00E36000000fTqqEAE"}},"Manager":{"s":3,"v":{"Name":"Elliot Executive","Email":"eexec@example.com","Phone":"(187) 555-0197","Title":"SVP Sales","SmallPhotoUrl":"/collab/profilephoto (18 more) ...","Id":"00536000001zklcAAA"}}}}|0xe280837
08:27:08.316 (361391784)|STATEMENT_EXECUTE|[7]
08:27:08.316 (361402350)|HEAP_ALLOCATE|[7]|Bytes:4
08:27:08.316 (361413920)|VARIABLE_SCOPE_BEGIN|[7]|JSONHierarchy|Map<String,ANY>|true|false
08:27:08.316 (361431150)|VARIABLE_ASSIGNMENT|[7]|JSONHierarchy|{"s":1,"v":{}}|0x1dc0af5d
08:27:08.316 (361450884)|STATEMENT_EXECUTE|[8]
08:27:08.316 (361452624)|STATEMENT_EXECUTE|[17]
08:27:08.316 (361468034)|SYSTEM_MODE_EXIT|false
08:27:08.361 (361518529)|CUMULATIVE_LIMIT_USAGE
08:27:08.361 (361518529)|LIMIT_USAGE_FOR_NS|(default)|
  Number of SOQL queries: 32 out of 100
  Number of query rows: 63 out of 50000
  Number of SOSL queries: 0 out of 20
  Number of DML statements: 0 out of 150
  Number of DML rows: 0 out of 10000
  Maximum CPU time: 0 out of 10000
  Maximum heap size: 0 out of 6000000
  Number of callouts: 0 out of 100
  Number of Email Invocations: 0 out of 10
  Number of future calls: 0 out of 50
  Number of queueable jobs added to the queue: 0 out of 50
  Number of Mobile Apex push calls: 0 out of 10

08:27:08.361 (361518529)|CUMULATIVE_LIMIT_USAGE_END

08:27:08.316 (361568712)|CODE_UNIT_FINISHED|MyTeamController.getHierarchy
08:27:08.316 (364104369)|EXECUTION_FINISHED
