37.0 APEX_CODE,FINEST;APEX_PROFILING,INFO;CALLOUT,INFO;DB,INFO;SYSTEM,DEBUG;VALIDATION,INFO;VISUALFORCE,INFO;WORKFLOW,INFO
08:23:34.0 (550975)|USER_INFO|[EXTERNAL]|00536000001rY1L|dscruggs@kocollaboration.demo|Eastern Standard Time|GMT-05:00
08:23:34.0 (600580)|EXECUTION_STARTED
08:23:34.0 (609187)|CODE_UNIT_STARTED|[EXTERNAL]|01p3600000Ax0Mi|News_AnnouncementsController.getNewsChannelNames
08:23:34.0 (689629)|VARIABLE_SCOPE_BEGIN|[2]|News_AnnouncementsController.firstNewsChannel|String|false|true
08:23:34.0 (881946)|HEAP_ALLOCATE|[72]|Bytes:3
08:23:34.0 (942314)|HEAP_ALLOCATE|[77]|Bytes:152
08:23:34.0 (970868)|HEAP_ALLOCATE|[342]|Bytes:408
08:23:34.0 (1007921)|HEAP_ALLOCATE|[355]|Bytes:408
08:23:34.0 (1043273)|HEAP_ALLOCATE|[467]|Bytes:48
08:23:34.0 (1090851)|HEAP_ALLOCATE|[139]|Bytes:6
08:23:34.0 (1130275)|HEAP_ALLOCATE|[EXTERNAL]|Bytes:10
08:23:34.0 (1149475)|METHOD_ENTRY|[1]|01p3600000Ax0Mi|News_AnnouncementsController.News_AnnouncementsController()
08:23:34.0 (1155893)|STATEMENT_EXECUTE|[1]
08:23:34.0 (1163115)|STATEMENT_EXECUTE|[1]
08:23:34.0 (1170118)|METHOD_EXIT|[1]|News_AnnouncementsController
08:23:34.0 (1189735)|SYSTEM_MODE_ENTER|false
08:23:34.0 (1207350)|STATEMENT_EXECUTE|[5]
08:23:34.0 (1210333)|STATEMENT_EXECUTE|[6]
08:23:34.0 (1216436)|HEAP_ALLOCATE|[6]|Bytes:21
08:23:34.0 (1222569)|HEAP_ALLOCATE|[6]|Bytes:15
08:23:34.0 (1263452)|HEAP_ALLOCATE|[50]|Bytes:5
08:23:34.0 (1295815)|HEAP_ALLOCATE|[56]|Bytes:5
08:23:34.0 (1310779)|HEAP_ALLOCATE|[64]|Bytes:7
08:23:34.0 (46309992)|HEAP_ALLOCATE|[6]|Bytes:8
08:23:34.0 (46375551)|VARIABLE_SCOPE_BEGIN|[6]|fieldResult|Schema.DescribeFieldResult|true|false
08:23:34.0 (46539072)|VARIABLE_ASSIGNMENT|[6]|fieldResult|"common.api.soap.wsdl.Field@10101ec4"|0x3c8321d1
08:23:34.0 (46547019)|STATEMENT_EXECUTE|[7]
08:23:34.0 (59902746)|HEAP_ALLOCATE|[EXTERNAL]|Bytes:16
08:23:34.0 (60012102)|HEAP_ALLOCATE|[7]|Bytes:16
08:23:34.0 (60037636)|VARIABLE_SCOPE_BEGIN|[7]|ple|List<Schema.PicklistEntry>|true|false
08:23:34.0 (60085753)|VARIABLE_ASSIGNMENT|[7]|ple|{"s":1,"v":[News,Brand,Marketing]}|0x6fb090fb
08:23:34.0 (60093509)|STATEMENT_EXECUTE|[8]
08:23:34.0 (60102377)|HEAP_ALLOCATE|[8]|Bytes:4
08:23:34.0 (60164209)|VARIABLE_SCOPE_BEGIN|[8]|newsChannelNames|List<String>|true|false
08:23:34.0 (60203987)|HEAP_ALLOCATE|[EXTERNAL]|Bytes:4
08:23:34.0 (60218817)|VARIABLE_ASSIGNMENT|[8]|newsChannelNames|{"s":1,"v":[]}|0x4d44ff7
08:23:34.0 (60559859)|HEAP_ALLOCATE|[9]|Bytes:5
08:23:34.0 (60663366)|HEAP_ALLOCATE|[9]|Bytes:4
08:23:34.0 (60690313)|VARIABLE_SCOPE_BEGIN|[9]|f|Schema.PicklistEntry|true|false
08:23:34.0 (60706870)|VARIABLE_ASSIGNMENT|[9]|f|News|0x34f4baa0
08:23:34.0 (60710848)|STATEMENT_EXECUTE|[9]
08:23:34.0 (60712370)|STATEMENT_EXECUTE|[10]
08:23:34.0 (60731253)|HEAP_ALLOCATE|[10]|Bytes:4
08:23:34.0 (60770362)|HEAP_ALLOCATE|[EXTERNAL]|Bytes:4
08:23:34.0 (60787318)|HEAP_ALLOCATE|[9]|Bytes:5
08:23:34.0 (60799571)|HEAP_ALLOCATE|[9]|Bytes:4
08:23:34.0 (60814786)|VARIABLE_SCOPE_BEGIN|[9]|f|Schema.PicklistEntry|true|false
08:23:34.0 (60825525)|VARIABLE_ASSIGNMENT|[9]|f|Brand|0x1279f03e
08:23:34.0 (60828550)|STATEMENT_EXECUTE|[9]
08:23:34.0 (60829779)|STATEMENT_EXECUTE|[10]
08:23:34.0 (60837147)|HEAP_ALLOCATE|[10]|Bytes:5
08:23:34.0 (60847615)|HEAP_ALLOCATE|[EXTERNAL]|Bytes:4
08:23:34.0 (60859037)|HEAP_ALLOCATE|[9]|Bytes:5
08:23:34.0 (60869234)|HEAP_ALLOCATE|[9]|Bytes:4
08:23:34.0 (60882553)|VARIABLE_SCOPE_BEGIN|[9]|f|Schema.PicklistEntry|true|false
08:23:34.0 (60891834)|VARIABLE_ASSIGNMENT|[9]|f|Marketing|0x509f95b7
08:23:34.0 (60894612)|STATEMENT_EXECUTE|[9]
08:23:34.0 (60895799)|STATEMENT_EXECUTE|[10]
08:23:34.0 (60902164)|HEAP_ALLOCATE|[10]|Bytes:9
08:23:34.0 (60911935)|HEAP_ALLOCATE|[EXTERNAL]|Bytes:4
08:23:34.0 (60922884)|HEAP_ALLOCATE|[9]|Bytes:5
08:23:34.0 (60934112)|VARIABLE_ASSIGNMENT|[9]|f|null|
08:23:34.0 (60973331)|STATEMENT_EXECUTE|[12]
08:23:34.0 (60976989)|STATEMENT_EXECUTE|[13]
08:23:34.0 (60990797)|HEAP_ALLOCATE|[13]|Bytes:4
08:23:34.0 (61014193)|VARIABLE_ASSIGNMENT|[13]|News_AnnouncementsController.firstNewsChannel|"News"
08:23:34.0 (61020672)|STATEMENT_EXECUTE|[15]
08:23:34.0 (61112285)|SYSTEM_MODE_EXIT|false
08:23:34.61 (61172405)|CUMULATIVE_LIMIT_USAGE
08:23:34.61 (61172405)|LIMIT_USAGE_FOR_NS|(default)|
  Number of SOQL queries: 0 out of 100
  Number of query rows: 0 out of 50000
  Number of SOSL queries: 0 out of 20
  Number of DML statements: 0 out of 150
  Number of DML rows: 0 out of 10000
  Maximum CPU time: 0 out of 10000
  Maximum heap size: 0 out of 6000000
  Number of callouts: 0 out of 100
  Number of Email Invocations: 0 out of 10
  Number of future calls: 0 out of 50
  Number of queueable jobs added to the queue: 0 out of 50
  Number of Mobile Apex push calls: 0 out of 10

08:23:34.61 (61172405)|CUMULATIVE_LIMIT_USAGE_END

08:23:34.0 (61234907)|CODE_UNIT_FINISHED|News_AnnouncementsController.getNewsChannelNames
08:23:34.0 (64264512)|EXECUTION_FINISHED
08:23:34.68 (68012969)|USER_INFO|[EXTERNAL]|00536000001rY1L|dscruggs@kocollaboration.demo|Eastern Standard Time|GMT-05:00
08:23:34.68 (68031162)|EXECUTION_STARTED
08:23:34.68 (68039876)|CODE_UNIT_STARTED|[EXTERNAL]|01p3600000Ax0Mi|News_AnnouncementsController.getnumDocsByChannel
08:23:34.68 (68104753)|SYSTEM_MODE_ENTER|false
08:23:34.68 (68116148)|STATEMENT_EXECUTE|[18]
08:23:34.68 (68118083)|STATEMENT_EXECUTE|[19]
08:23:34.68 (68127978)|HEAP_ALLOCATE|[19]|Bytes:4
08:23:34.68 (68143428)|VARIABLE_SCOPE_BEGIN|[19]|numDocsByChannel|Map<String,Integer>|true|false
08:23:34.68 (68185405)|VARIABLE_ASSIGNMENT|[19]|numDocsByChannel|{"s":1,"v":{}}|0x5869ac9d
08:23:34.68 (68189711)|STATEMENT_EXECUTE|[20]
08:23:34.68 (68194478)|HEAP_ALLOCATE|[20]|Bytes:4
08:23:34.68 (68222694)|VARIABLE_SCOPE_BEGIN|[20]|newsChannelNames|List<String>|true|false
08:23:34.68 (68239367)|HEAP_ALLOCATE|[EXTERNAL]|Bytes:4
08:23:34.68 (68249384)|VARIABLE_ASSIGNMENT|[20]|newsChannelNames|{"s":1,"v":[]}|0x5cc5fae
08:23:34.68 (68252474)|STATEMENT_EXECUTE|[21]
08:23:34.68 (68266551)|METHOD_ENTRY|[21]|01p3600000Ax0Mi|News_AnnouncementsController.getNewsChannelNames()
08:23:34.68 (68280457)|STATEMENT_EXECUTE|[5]
08:23:34.68 (68282070)|STATEMENT_EXECUTE|[6]
08:23:34.68 (68410598)|HEAP_ALLOCATE|[6]|Bytes:8
08:23:34.68 (68425595)|VARIABLE_SCOPE_BEGIN|[6]|fieldResult|Schema.DescribeFieldResult|true|false
08:23:34.68 (68579494)|VARIABLE_ASSIGNMENT|[6]|fieldResult|"common.api.soap.wsdl.Field@6a546e28"|0x29feb745
08:23:34.68 (68586640)|STATEMENT_EXECUTE|[7]
08:23:34.68 (68619586)|HEAP_ALLOCATE|[EXTERNAL]|Bytes:16
08:23:34.68 (68639487)|HEAP_ALLOCATE|[7]|Bytes:16
08:23:34.68 (68650204)|VARIABLE_SCOPE_BEGIN|[7]|ple|List<Schema.PicklistEntry>|true|false
08:23:34.68 (68675877)|VARIABLE_ASSIGNMENT|[7]|ple|{"s":1,"v":[News,Brand,Marketing]}|0x3ce6eba3
08:23:34.68 (68681721)|STATEMENT_EXECUTE|[8]
08:23:34.68 (68687869)|HEAP_ALLOCATE|[8]|Bytes:4
08:23:34.68 (68705119)|VARIABLE_SCOPE_BEGIN|[8]|newsChannelNames|List<String>|true|false
08:23:34.68 (68725695)|HEAP_ALLOCATE|[EXTERNAL]|Bytes:4
08:23:34.68 (68740489)|VARIABLE_ASSIGNMENT|[8]|newsChannelNames|{"s":1,"v":[]}|0x5bb0e2be
08:23:34.68 (68776917)|HEAP_ALLOCATE|[9]|Bytes:5
08:23:34.68 (68800090)|HEAP_ALLOCATE|[9]|Bytes:4
08:23:34.68 (68826602)|VARIABLE_SCOPE_BEGIN|[9]|f|Schema.PicklistEntry|true|false
08:23:34.68 (68841823)|VARIABLE_ASSIGNMENT|[9]|f|News|0x60dd076d
08:23:34.68 (68846636)|STATEMENT_EXECUTE|[9]
08:23:34.68 (68848424)|STATEMENT_EXECUTE|[10]
08:23:34.68 (68861036)|HEAP_ALLOCATE|[10]|Bytes:4
08:23:34.68 (68877438)|HEAP_ALLOCATE|[EXTERNAL]|Bytes:4
08:23:34.68 (68891300)|HEAP_ALLOCATE|[9]|Bytes:5
08:23:34.68 (68902961)|HEAP_ALLOCATE|[9]|Bytes:4
08:23:34.68 (68924338)|VARIABLE_SCOPE_BEGIN|[9]|f|Schema.PicklistEntry|true|false
08:23:34.68 (68934805)|VARIABLE_ASSIGNMENT|[9]|f|Brand|0x3cc5d0ac
08:23:34.68 (68937866)|STATEMENT_EXECUTE|[9]
08:23:34.68 (68939014)|STATEMENT_EXECUTE|[10]
08:23:34.68 (68946328)|HEAP_ALLOCATE|[10]|Bytes:5
08:23:34.68 (68956722)|HEAP_ALLOCATE|[EXTERNAL]|Bytes:4
08:23:34.68 (68968296)|HEAP_ALLOCATE|[9]|Bytes:5
08:23:34.68 (68978876)|HEAP_ALLOCATE|[9]|Bytes:4
08:23:34.68 (68992047)|VARIABLE_SCOPE_BEGIN|[9]|f|Schema.PicklistEntry|true|false
08:23:34.68 (69001302)|VARIABLE_ASSIGNMENT|[9]|f|Marketing|0x37f59f64
08:23:34.68 (69005017)|STATEMENT_EXECUTE|[9]
08:23:34.68 (69006227)|STATEMENT_EXECUTE|[10]
08:23:34.68 (69013062)|HEAP_ALLOCATE|[10]|Bytes:9
08:23:34.68 (69022781)|HEAP_ALLOCATE|[EXTERNAL]|Bytes:4
08:23:34.68 (69033996)|HEAP_ALLOCATE|[9]|Bytes:5
08:23:34.68 (69046492)|VARIABLE_ASSIGNMENT|[9]|f|null|
08:23:34.68 (69067256)|STATEMENT_EXECUTE|[12]
08:23:34.68 (69070210)|STATEMENT_EXECUTE|[13]
08:23:34.68 (69077494)|HEAP_ALLOCATE|[13]|Bytes:4
08:23:34.68 (69095950)|VARIABLE_ASSIGNMENT|[13]|News_AnnouncementsController.firstNewsChannel|"News"
08:23:34.68 (69100503)|STATEMENT_EXECUTE|[15]
08:23:34.68 (69108951)|METHOD_EXIT|[21]|01p3600000Ax0Mi|News_AnnouncementsController.getNewsChannelNames()
08:23:34.68 (69127082)|VARIABLE_ASSIGNMENT|[21]|newsChannelNames|{"s":1,"v":["News","Brand","Marketing"]}|0x5bb0e2be
08:23:34.68 (69130230)|STATEMENT_EXECUTE|[22]
08:23:34.68 (69135727)|HEAP_ALLOCATE|[22]|Bytes:4
08:23:34.68 (69213339)|VARIABLE_SCOPE_BEGIN|[22]|newsChannelRecords|List<News_Announcements__c>|true|false
08:23:34.68 (69223297)|HEAP_ALLOCATE|[EXTERNAL]|Bytes:4
08:23:34.68 (69238703)|VARIABLE_ASSIGNMENT|[22]|newsChannelRecords|{"s":1,"v":[]}|0x6b0c3e36
08:23:34.68 (69243863)|STATEMENT_EXECUTE|[23]
08:23:34.68 (69250552)|HEAP_ALLOCATE|[23]|Bytes:197
08:23:34.68 (69258231)|VARIABLE_SCOPE_BEGIN|[23]|QueryString|String|false|false
08:23:34.68 (69271707)|VARIABLE_ASSIGNMENT|[23]|QueryString|"SELECT Id, Title__c, (177 more) ..."
08:23:34.68 (69275683)|STATEMENT_EXECUTE|[24]
08:23:34.68 (69948351)|SOQL_EXECUTE_BEGIN|[24]|Aggregations:0|SELECT Id, Title__c, News_Channel__c, Source__c, Teaser__c, External_URL__c, URL__c, ImageAttachmentId__c, DisplayDate__c, LastModifiedDate FROM News_Announcements__c ORDER BY LastModifiedDate DESC
08:23:34.68 (137829085)|SOQL_EXECUTE_END|[24]|Rows:4
08:23:34.68 (137890918)|HEAP_ALLOCATE|[24]|Bytes:20
08:23:34.68 (137948783)|HEAP_ALLOCATE|[24]|Bytes:1673
08:23:34.68 (138016961)|HEAP_ALLOCATE|[24]|Bytes:20
08:23:34.68 (138218544)|VARIABLE_ASSIGNMENT|[24]|newsChannelRecords|{"s":1,"v":[{"s":2,"v":{"Id":"a0N36000003F8E2EAK","Title__c":"Here is a new articl (1 more) ...","News_Channel__c":"News;Marketing","Teaser__c":"Here is some great n (32 more) ...","External_URL__c":false,"DisplayDate__c":"July 1, 2016","LastModifiedDate":"2016-07-01T18:06:48.000Z"}},{"s":3,"v":{"Id":"a0N36000001uPCREA2","Title__c":"CHEERS! #SHAREACOKE  (37 more) ...","News_Channel__c":"News;Brand","Teaser__c":"...","External_URL__c":true,"URL__c":"http://www.coca-cola (89 more) ...","ImageAttachmentId__c":"00P36000001KTOnEAO","DisplayDate__c":"May 11, 2016","LastModifiedDate":"2016-05-12T00:02:17.000Z"}},{"s":4,"v":{"Id":"a0N36000001uP7zEAE","Title__c":"#AnyGivenTuesday: We (61 more) ...","News_Channel__c":"News;Marketing","Source__c":"http://www.coca-cola (160 more) ...","Teaser__c":"...","External_URL__c":true,"URL__c":"http://www.coca-cola (38 more) ...","ImageAttachmentId__c":"00P36000001KTO4EAO","DisplayDate__c":"May 11, 2016","LastModifiedDate":"2016-05-12T00:00:02.000Z"}},{"s":5,"v":{"Id":"a0N36000001u0zbEAA","Title__c":"Introducing: Our new (28 more) ...","News_Channel__c":"News","Source__c":"https://t1.ftcdn.net (68 more) ...","Teaser__c":"Cirrus Audio today r (105 more) ...","External_URL__c":true,"URL__c":"http://www.salesforc (5 more) ...","ImageAttachmentId__c":"00P36000001U58KEAS","DisplayDate__c":"May 9, 2016","LastModifiedDate":"2016-05-09T15:38:27.000Z"}}]}|0x20246e71
08:23:34.68 (138352821)|HEAP_ALLOCATE|[25]|Bytes:5
08:23:34.68 (138380614)|HEAP_ALLOCATE|[25]|Bytes:4
08:23:34.68 (138404815)|VARIABLE_SCOPE_BEGIN|[25]|nChannel|String|false|false
08:23:34.68 (138418990)|VARIABLE_ASSIGNMENT|[25]|nChannel|"News"
08:23:34.68 (138426103)|STATEMENT_EXECUTE|[25]
08:23:34.68 (138428828)|STATEMENT_EXECUTE|[26]
08:23:34.68 (138436616)|VARIABLE_SCOPE_BEGIN|[26]|channelCount|Integer|false|false
08:23:34.68 (138443098)|HEAP_ALLOCATE|[26]|Bytes:4
08:23:34.68 (138450928)|VARIABLE_ASSIGNMENT|[26]|channelCount|0
08:23:34.68 (138758656)|HEAP_ALLOCATE|[27]|Bytes:5
08:23:34.68 (138806952)|HEAP_ALLOCATE|[27]|Bytes:32
08:23:34.68 (138818549)|VARIABLE_SCOPE_BEGIN|[27]|n|News_Announcements__c|true|false
08:23:34.68 (138847192)|VARIABLE_ASSIGNMENT|[27]|n|{"s":1,"v":{"Id":"a0N36000003F8E2EAK","Title__c":"Here is a new articl (1 more) ...","News_Channel__c":"News;Marketing","Teaser__c":"Here is some great n (32 more) ...","External_URL__c":false,"DisplayDate__c":"July 1, 2016","LastModifiedDate":"2016-07-01T18:06:48.000Z"}}|0x7813cb1
08:23:34.68 (138851807)|STATEMENT_EXECUTE|[27]
08:23:34.68 (138967006)|STATEMENT_EXECUTE|[28]
08:23:34.68 (138971198)|STATEMENT_EXECUTE|[29]
08:23:34.68 (138975875)|HEAP_ALLOCATE|[29]|Bytes:4
08:23:34.68 (138986991)|VARIABLE_ASSIGNMENT|[29]|channelCount|1
08:23:34.68 (139008652)|HEAP_ALLOCATE|[27]|Bytes:5
08:23:34.68 (139052549)|HEAP_ALLOCATE|[27]|Bytes:40
08:23:34.68 (139067476)|VARIABLE_SCOPE_BEGIN|[27]|n|News_Announcements__c|true|false
08:23:34.68 (139108689)|VARIABLE_ASSIGNMENT|[27]|n|{"s":1,"v":{"Id":"a0N36000001uPCREA2","Title__c":"CHEERS! #SHAREACOKE  (37 more) ...","News_Channel__c":"News;Brand","Teaser__c":"...","External_URL__c":true,"URL__c":"http://www.coca-cola (89 more) ...","ImageAttachmentId__c":"00P36000001KTOnEAO","DisplayDate__c":"May 11, 2016","LastModifiedDate":"2016-05-12T00:02:17.000Z"}}|0xe79fb82
08:23:34.68 (139116102)|STATEMENT_EXECUTE|[27]
08:23:34.68 (139153535)|STATEMENT_EXECUTE|[28]
08:23:34.68 (139155903)|STATEMENT_EXECUTE|[29]
08:23:34.68 (139158441)|HEAP_ALLOCATE|[29]|Bytes:4
08:23:34.68 (139165904)|VARIABLE_ASSIGNMENT|[29]|channelCount|2
08:23:34.68 (139177878)|HEAP_ALLOCATE|[27]|Bytes:5
08:23:34.68 (139202328)|HEAP_ALLOCATE|[27]|Bytes:44
08:23:34.68 (139210607)|VARIABLE_SCOPE_BEGIN|[27]|n|News_Announcements__c|true|false
08:23:34.68 (139238516)|VARIABLE_ASSIGNMENT|[27]|n|{"s":1,"v":{"Id":"a0N36000001uP7zEAE","Title__c":"#AnyGivenTuesday: We (61 more) ...","News_Channel__c":"News;Marketing","Source__c":"http://www.coca-cola (160 more) ...","Teaser__c":"...","External_URL__c":true,"URL__c":"http://www.coca-cola (38 more) ...","ImageAttachmentId__c":"00P36000001KTO4EAO","DisplayDate__c":"May 11, 2016","LastModifiedDate":"2016-05-12T00:00:02.000Z"}}|0x6c2ba7f
08:23:34.68 (139243695)|STATEMENT_EXECUTE|[27]
08:23:34.68 (139269650)|STATEMENT_EXECUTE|[28]
08:23:34.68 (139271468)|STATEMENT_EXECUTE|[29]
08:23:34.68 (139273719)|HEAP_ALLOCATE|[29]|Bytes:4
08:23:34.68 (139279958)|VARIABLE_ASSIGNMENT|[29]|channelCount|3
08:23:34.68 (139290508)|HEAP_ALLOCATE|[27]|Bytes:5
08:23:34.68 (139312833)|HEAP_ALLOCATE|[27]|Bytes:44
08:23:34.68 (139320614)|VARIABLE_SCOPE_BEGIN|[27]|n|News_Announcements__c|true|false
08:23:34.68 (139348362)|VARIABLE_ASSIGNMENT|[27]|n|{"s":1,"v":{"Id":"a0N36000001u0zbEAA","Title__c":"Introducing: Our new (28 more) ...","News_Channel__c":"News","Source__c":"https://t1.ftcdn.net (68 more) ...","Teaser__c":"Cirrus Audio today r (105 more) ...","External_URL__c":true,"URL__c":"http://www.salesforc (5 more) ...","ImageAttachmentId__c":"00P36000001U58KEAS","DisplayDate__c":"May 9, 2016","LastModifiedDate":"2016-05-09T15:38:27.000Z"}}|0x74e34f82
08:23:34.68 (139353039)|STATEMENT_EXECUTE|[27]
08:23:34.68 (139377494)|STATEMENT_EXECUTE|[28]
08:23:34.68 (139379445)|STATEMENT_EXECUTE|[29]
08:23:34.68 (139381736)|HEAP_ALLOCATE|[29]|Bytes:4
08:23:34.68 (139387655)|VARIABLE_ASSIGNMENT|[29]|channelCount|4
08:23:34.68 (139398013)|HEAP_ALLOCATE|[27]|Bytes:5
08:23:34.68 (139409359)|VARIABLE_ASSIGNMENT|[27]|n|null|
08:23:34.68 (139413297)|STATEMENT_EXECUTE|[32]
08:23:34.68 (139461016)|HEAP_ALLOCATE|[32]|Bytes:4
08:23:34.68 (139472206)|HEAP_ALLOCATE|[EXTERNAL]|Bytes:-4
08:23:34.68 (139499762)|HEAP_ALLOCATE|[25]|Bytes:5
08:23:34.68 (139517616)|HEAP_ALLOCATE|[25]|Bytes:5
08:23:34.68 (139529540)|VARIABLE_SCOPE_BEGIN|[25]|nChannel|String|false|false
08:23:34.68 (139539968)|VARIABLE_ASSIGNMENT|[25]|nChannel|"Brand"
08:23:34.68 (139544574)|STATEMENT_EXECUTE|[25]
08:23:34.68 (139546705)|STATEMENT_EXECUTE|[26]
08:23:34.68 (139552537)|VARIABLE_SCOPE_BEGIN|[26]|channelCount|Integer|false|false
08:23:34.68 (139557184)|HEAP_ALLOCATE|[26]|Bytes:4
08:23:34.68 (139565497)|VARIABLE_ASSIGNMENT|[26]|channelCount|0
08:23:34.68 (139597220)|HEAP_ALLOCATE|[27]|Bytes:5
08:23:34.68 (139616845)|HEAP_ALLOCATE|[27]|Bytes:32
08:23:34.68 (139627847)|VARIABLE_SCOPE_BEGIN|[27]|n|News_Announcements__c|true|false
08:23:34.68 (139664683)|VARIABLE_ASSIGNMENT|[27]|n|{"s":1,"v":{"Id":"a0N36000003F8E2EAK","Title__c":"Here is a new articl (1 more) ...","News_Channel__c":"News;Marketing","Teaser__c":"Here is some great n (32 more) ...","External_URL__c":false,"DisplayDate__c":"July 1, 2016","LastModifiedDate":"2016-07-01T18:06:48.000Z"}}|0x7813cb1
08:23:34.68 (139672054)|STATEMENT_EXECUTE|[27]
08:23:34.68 (139716987)|STATEMENT_EXECUTE|[28]
08:23:34.68 (139735870)|HEAP_ALLOCATE|[27]|Bytes:5
08:23:34.68 (139756098)|HEAP_ALLOCATE|[27]|Bytes:40
08:23:34.68 (139768661)|VARIABLE_SCOPE_BEGIN|[27]|n|News_Announcements__c|true|false
08:23:34.68 (139807147)|VARIABLE_ASSIGNMENT|[27]|n|{"s":1,"v":{"Id":"a0N36000001uPCREA2","Title__c":"CHEERS! #SHAREACOKE  (37 more) ...","News_Channel__c":"News;Brand","Teaser__c":"...","External_URL__c":true,"URL__c":"http://www.coca-cola (89 more) ...","ImageAttachmentId__c":"00P36000001KTOnEAO","DisplayDate__c":"May 11, 2016","LastModifiedDate":"2016-05-12T00:02:17.000Z"}}|0xe79fb82
08:23:34.68 (139814005)|STATEMENT_EXECUTE|[27]
08:23:34.68 (139839174)|STATEMENT_EXECUTE|[28]
08:23:34.68 (139840826)|STATEMENT_EXECUTE|[29]
08:23:34.68 (139843177)|HEAP_ALLOCATE|[29]|Bytes:4
08:23:34.68 (139850162)|VARIABLE_ASSIGNMENT|[29]|channelCount|1
08:23:34.68 (139860950)|HEAP_ALLOCATE|[27]|Bytes:5
08:23:34.68 (139871673)|HEAP_ALLOCATE|[27]|Bytes:44
08:23:34.68 (139878464)|VARIABLE_SCOPE_BEGIN|[27]|n|News_Announcements__c|true|false
08:23:34.68 (139904172)|VARIABLE_ASSIGNMENT|[27]|n|{"s":1,"v":{"Id":"a0N36000001uP7zEAE","Title__c":"#AnyGivenTuesday: We (61 more) ...","News_Channel__c":"News;Marketing","Source__c":"http://www.coca-cola (160 more) ...","Teaser__c":"...","External_URL__c":true,"URL__c":"http://www.coca-cola (38 more) ...","ImageAttachmentId__c":"00P36000001KTO4EAO","DisplayDate__c":"May 11, 2016","LastModifiedDate":"2016-05-12T00:00:02.000Z"}}|0x6c2ba7f
08:23:34.68 (139909035)|STATEMENT_EXECUTE|[27]
08:23:34.68 (139930810)|STATEMENT_EXECUTE|[28]
08:23:34.68 (139940391)|HEAP_ALLOCATE|[27]|Bytes:5
08:23:34.68 (139950711)|HEAP_ALLOCATE|[27]|Bytes:44
08:23:34.68 (139956594)|VARIABLE_SCOPE_BEGIN|[27]|n|News_Announcements__c|true|false
08:23:34.68 (139982021)|VARIABLE_ASSIGNMENT|[27]|n|{"s":1,"v":{"Id":"a0N36000001u0zbEAA","Title__c":"Introducing: Our new (28 more) ...","News_Channel__c":"News","Source__c":"https://t1.ftcdn.net (68 more) ...","Teaser__c":"Cirrus Audio today r (105 more) ...","External_URL__c":true,"URL__c":"http://www.salesforc (5 more) ...","ImageAttachmentId__c":"00P36000001U58KEAS","DisplayDate__c":"May 9, 2016","LastModifiedDate":"2016-05-09T15:38:27.000Z"}}|0x74e34f82
08:23:34.68 (139987218)|STATEMENT_EXECUTE|[27]
08:23:34.68 (140012159)|STATEMENT_EXECUTE|[28]
08:23:34.68 (140030020)|HEAP_ALLOCATE|[27]|Bytes:5
08:23:34.68 (140050102)|VARIABLE_ASSIGNMENT|[27]|n|null|
08:23:34.68 (140055337)|STATEMENT_EXECUTE|[32]
08:23:34.68 (140067635)|HEAP_ALLOCATE|[32]|Bytes:4
08:23:34.68 (140075272)|HEAP_ALLOCATE|[EXTERNAL]|Bytes:-4
08:23:34.68 (140097197)|HEAP_ALLOCATE|[25]|Bytes:5
08:23:34.68 (140115249)|HEAP_ALLOCATE|[25]|Bytes:9
08:23:34.68 (140126312)|VARIABLE_SCOPE_BEGIN|[25]|nChannel|String|false|false
08:23:34.68 (140137674)|VARIABLE_ASSIGNMENT|[25]|nChannel|"Marketing"
08:23:34.68 (140141874)|STATEMENT_EXECUTE|[25]
08:23:34.68 (140143548)|STATEMENT_EXECUTE|[26]
08:23:34.68 (140148875)|VARIABLE_SCOPE_BEGIN|[26]|channelCount|Integer|false|false
08:23:34.68 (140153730)|HEAP_ALLOCATE|[26]|Bytes:4
08:23:34.68 (140162782)|VARIABLE_ASSIGNMENT|[26]|channelCount|0
08:23:34.68 (140192818)|HEAP_ALLOCATE|[27]|Bytes:5
08:23:34.68 (140211748)|HEAP_ALLOCATE|[27]|Bytes:32
08:23:34.68 (140221238)|VARIABLE_SCOPE_BEGIN|[27]|n|News_Announcements__c|true|false
08:23:34.68 (140246095)|VARIABLE_ASSIGNMENT|[27]|n|{"s":1,"v":{"Id":"a0N36000003F8E2EAK","Title__c":"Here is a new articl (1 more) ...","News_Channel__c":"News;Marketing","Teaser__c":"Here is some great n (32 more) ...","External_URL__c":false,"DisplayDate__c":"July 1, 2016","LastModifiedDate":"2016-07-01T18:06:48.000Z"}}|0x7813cb1
08:23:34.68 (140250364)|STATEMENT_EXECUTE|[27]
08:23:34.68 (140273673)|STATEMENT_EXECUTE|[28]
08:23:34.68 (140275401)|STATEMENT_EXECUTE|[29]
08:23:34.68 (140277704)|HEAP_ALLOCATE|[29]|Bytes:4
08:23:34.68 (140283905)|VARIABLE_ASSIGNMENT|[29]|channelCount|1
08:23:34.68 (140293975)|HEAP_ALLOCATE|[27]|Bytes:5
08:23:34.68 (140304092)|HEAP_ALLOCATE|[27]|Bytes:40
08:23:34.68 (140310099)|VARIABLE_SCOPE_BEGIN|[27]|n|News_Announcements__c|true|false
08:23:34.68 (140333194)|VARIABLE_ASSIGNMENT|[27]|n|{"s":1,"v":{"Id":"a0N36000001uPCREA2","Title__c":"CHEERS! #SHAREACOKE  (37 more) ...","News_Channel__c":"News;Brand","Teaser__c":"...","External_URL__c":true,"URL__c":"http://www.coca-cola (89 more) ...","ImageAttachmentId__c":"00P36000001KTOnEAO","DisplayDate__c":"May 11, 2016","LastModifiedDate":"2016-05-12T00:02:17.000Z"}}|0xe79fb82
08:23:34.68 (140338064)|STATEMENT_EXECUTE|[27]
08:23:34.68 (140359121)|STATEMENT_EXECUTE|[28]
08:23:34.68 (140368626)|HEAP_ALLOCATE|[27]|Bytes:5
08:23:34.68 (140378909)|HEAP_ALLOCATE|[27]|Bytes:44
08:23:34.68 (140384560)|VARIABLE_SCOPE_BEGIN|[27]|n|News_Announcements__c|true|false
08:23:34.68 (140408422)|VARIABLE_ASSIGNMENT|[27]|n|{"s":1,"v":{"Id":"a0N36000001uP7zEAE","Title__c":"#AnyGivenTuesday: We (61 more) ...","News_Channel__c":"News;Marketing","Source__c":"http://www.coca-cola (160 more) ...","Teaser__c":"...","External_URL__c":true,"URL__c":"http://www.coca-cola (38 more) ...","ImageAttachmentId__c":"00P36000001KTO4EAO","DisplayDate__c":"May 11, 2016","LastModifiedDate":"2016-05-12T00:00:02.000Z"}}|0x6c2ba7f
08:23:34.68 (140413517)|STATEMENT_EXECUTE|[27]
08:23:34.68 (140434437)|STATEMENT_EXECUTE|[28]
08:23:34.68 (140436068)|STATEMENT_EXECUTE|[29]
08:23:34.68 (140438191)|HEAP_ALLOCATE|[29]|Bytes:4
08:23:34.68 (140443909)|VARIABLE_ASSIGNMENT|[29]|channelCount|2
08:23:34.68 (140453502)|HEAP_ALLOCATE|[27]|Bytes:5
08:23:34.68 (140463305)|HEAP_ALLOCATE|[27]|Bytes:44
08:23:34.68 (140469075)|VARIABLE_SCOPE_BEGIN|[27]|n|News_Announcements__c|true|false
08:23:34.68 (140493919)|VARIABLE_ASSIGNMENT|[27]|n|{"s":1,"v":{"Id":"a0N36000001u0zbEAA","Title__c":"Introducing: Our new (28 more) ...","News_Channel__c":"News","Source__c":"https://t1.ftcdn.net (68 more) ...","Teaser__c":"Cirrus Audio today r (105 more) ...","External_URL__c":true,"URL__c":"http://www.salesforc (5 more) ...","ImageAttachmentId__c":"00P36000001U58KEAS","DisplayDate__c":"May 9, 2016","LastModifiedDate":"2016-05-09T15:38:27.000Z"}}|0x74e34f82
08:23:34.68 (140499161)|STATEMENT_EXECUTE|[27]
08:23:34.68 (140519882)|STATEMENT_EXECUTE|[28]
08:23:34.68 (140529237)|HEAP_ALLOCATE|[27]|Bytes:5
08:23:34.68 (140540781)|VARIABLE_ASSIGNMENT|[27]|n|null|
08:23:34.68 (140543367)|STATEMENT_EXECUTE|[32]
08:23:34.68 (140549702)|HEAP_ALLOCATE|[32]|Bytes:4
08:23:34.68 (140554119)|HEAP_ALLOCATE|[EXTERNAL]|Bytes:-4
08:23:34.68 (140565128)|HEAP_ALLOCATE|[25]|Bytes:5
08:23:34.68 (140575082)|VARIABLE_ASSIGNMENT|[25]|nChannel|null
08:23:34.68 (140579293)|STATEMENT_EXECUTE|[34]
08:23:34.68 (140593434)|SYSTEM_MODE_EXIT|false
08:23:34.140 (140664943)|CUMULATIVE_LIMIT_USAGE
08:23:34.140 (140664943)|LIMIT_USAGE_FOR_NS|(default)|
  Number of SOQL queries: 1 out of 100
  Number of query rows: 4 out of 50000
  Number of SOSL queries: 0 out of 20
  Number of DML statements: 0 out of 150
  Number of DML rows: 0 out of 10000
  Maximum CPU time: 0 out of 10000
  Maximum heap size: 0 out of 6000000
  Number of callouts: 0 out of 100
  Number of Email Invocations: 0 out of 10
  Number of future calls: 0 out of 50
  Number of queueable jobs added to the queue: 0 out of 50
  Number of Mobile Apex push calls: 0 out of 10

08:23:34.140 (140664943)|CUMULATIVE_LIMIT_USAGE_END

08:23:34.68 (140742114)|CODE_UNIT_FINISHED|News_AnnouncementsController.getnumDocsByChannel
08:23:34.68 (143571375)|EXECUTION_FINISHED
08:23:34.145 (145526675)|USER_INFO|[EXTERNAL]|00536000001rY1L|dscruggs@kocollaboration.demo|Eastern Standard Time|GMT-05:00
08:23:34.145 (145541311)|EXECUTION_STARTED
08:23:34.145 (145547230)|CODE_UNIT_STARTED|[EXTERNAL]|01p3600000Ax0Mi|News_AnnouncementsController.getFirstNewsChannelRecords
08:23:34.145 (145620168)|HEAP_ALLOCATE|[EXTERNAL]|Bytes:28
08:23:34.145 (145634202)|SYSTEM_MODE_ENTER|false
08:23:34.145 (145645095)|VARIABLE_SCOPE_BEGIN|[37]|numDocs|Integer|false|false
08:23:34.145 (145671714)|VARIABLE_ASSIGNMENT|[37]|numDocs|5
08:23:34.145 (145680197)|STATEMENT_EXECUTE|[38]
08:23:34.145 (145681958)|STATEMENT_EXECUTE|[39]
08:23:34.145 (145686764)|HEAP_ALLOCATE|[39]|Bytes:4
08:23:34.145 (145722477)|VARIABLE_SCOPE_BEGIN|[39]|firstNewsChannelRecords|List<News_Announcements__c>|true|false
08:23:34.145 (145729889)|HEAP_ALLOCATE|[EXTERNAL]|Bytes:4
08:23:34.145 (145740900)|VARIABLE_ASSIGNMENT|[39]|firstNewsChannelRecords|{"s":1,"v":[]}|0x547bf80a
08:23:34.145 (145744081)|STATEMENT_EXECUTE|[40]
08:23:34.145 (145749040)|HEAP_ALLOCATE|[40]|Bytes:200
08:23:34.145 (145760802)|HEAP_ALLOCATE|[40]|Bytes:41
08:23:34.145 (145817944)|HEAP_ALLOCATE|[40]|Bytes:1
08:23:34.145 (145857527)|HEAP_ALLOCATE|[40]|Bytes:246
08:23:34.145 (145868089)|VARIABLE_SCOPE_BEGIN|[40]|QueryString|String|false|false
08:23:34.145 (145882388)|VARIABLE_ASSIGNMENT|[40]|QueryString|"SELECT Id, Title__c, (226 more) ..."
08:23:34.145 (145887285)|STATEMENT_EXECUTE|[41]
08:23:34.145 (146387794)|SOQL_EXECUTE_BEGIN|[41]|Aggregations:0|SELECT Id, Title__c, News_Channel__c, Source__c, Teaser__c, External_URL__c, URL__c, ImageAttachmentId__c, DisplayDate__c, LastModifiedDate FROM News_Announcements__c WHERE News_Channel__c includes ('News')  ORDER BY LastModifiedDate DESC LIMIT 5
08:23:34.145 (170238047)|SOQL_EXECUTE_END|[41]|Rows:4
08:23:34.145 (170277351)|HEAP_ALLOCATE|[41]|Bytes:20
08:23:34.145 (170325840)|HEAP_ALLOCATE|[41]|Bytes:1673
08:23:34.145 (170358719)|HEAP_ALLOCATE|[41]|Bytes:20
08:23:34.145 (170519610)|VARIABLE_ASSIGNMENT|[41]|firstNewsChannelRecords|{"s":1,"v":[{"s":2,"v":{"Id":"a0N36000003F8E2EAK","Title__c":"Here is a new articl (1 more) ...","News_Channel__c":"News;Marketing","Teaser__c":"Here is some great n (32 more) ...","External_URL__c":false,"DisplayDate__c":"July 1, 2016","LastModifiedDate":"2016-07-01T18:06:48.000Z"}},{"s":3,"v":{"Id":"a0N36000001uPCREA2","Title__c":"CHEERS! #SHAREACOKE  (37 more) ...","News_Channel__c":"News;Brand","Teaser__c":"...","External_URL__c":true,"URL__c":"http://www.coca-cola (89 more) ...","ImageAttachmentId__c":"00P36000001KTOnEAO","DisplayDate__c":"May 11, 2016","LastModifiedDate":"2016-05-12T00:02:17.000Z"}},{"s":4,"v":{"Id":"a0N36000001uP7zEAE","Title__c":"#AnyGivenTuesday: We (61 more) ...","News_Channel__c":"News;Marketing","Source__c":"http://www.coca-cola (160 more) ...","Teaser__c":"...","External_URL__c":true,"URL__c":"http://www.coca-cola (38 more) ...","ImageAttachmentId__c":"00P36000001KTO4EAO","DisplayDate__c":"May 11, 2016","LastModifiedDate":"2016-05-12T00:00:02.000Z"}},{"s":5,"v":{"Id":"a0N36000001u0zbEAA","Title__c":"Introducing: Our new (28 more) ...","News_Channel__c":"News","Source__c":"https://t1.ftcdn.net (68 more) ...","Teaser__c":"Cirrus Audio today r (105 more) ...","External_URL__c":true,"URL__c":"http://www.salesforc (5 more) ...","ImageAttachmentId__c":"00P36000001U58KEAS","DisplayDate__c":"May 9, 2016","LastModifiedDate":"2016-05-09T15:38:27.000Z"}}]}|0x728923e6
08:23:34.145 (170536143)|STATEMENT_EXECUTE|[42]
08:23:34.145 (170551171)|SYSTEM_MODE_EXIT|false
08:23:34.170 (170609528)|CUMULATIVE_LIMIT_USAGE
08:23:34.170 (170609528)|LIMIT_USAGE_FOR_NS|(default)|
  Number of SOQL queries: 2 out of 100
  Number of query rows: 8 out of 50000
  Number of SOSL queries: 0 out of 20
  Number of DML statements: 0 out of 150
  Number of DML rows: 0 out of 10000
  Maximum CPU time: 0 out of 10000
  Maximum heap size: 0 out of 6000000
  Number of callouts: 0 out of 100
  Number of Email Invocations: 0 out of 10
  Number of future calls: 0 out of 50
  Number of queueable jobs added to the queue: 0 out of 50
  Number of Mobile Apex push calls: 0 out of 10

08:23:34.170 (170609528)|CUMULATIVE_LIMIT_USAGE_END

08:23:34.145 (170669626)|CODE_UNIT_FINISHED|News_AnnouncementsController.getFirstNewsChannelRecords
08:23:34.145 (173671002)|EXECUTION_FINISHED
08:23:34.201 (201313534)|USER_INFO|[EXTERNAL]|00536000001rY1L|dscruggs@kocollaboration.demo|Eastern Standard Time|GMT-05:00
08:23:34.201 (201337518)|EXECUTION_STARTED
08:23:34.201 (201346622)|CODE_UNIT_STARTED|[EXTERNAL]|01p3600000ArnAD|WelcomeProfile.getHierarchy
08:23:34.201 (201437475)|HEAP_ALLOCATE|[EXTERNAL]|Bytes:4
08:23:34.201 (201464587)|METHOD_ENTRY|[1]|01p3600000ArnAD|WelcomeProfile.WelcomeProfile()
08:23:34.201 (201469980)|STATEMENT_EXECUTE|[1]
08:23:34.201 (201477144)|STATEMENT_EXECUTE|[1]
08:23:34.201 (201494960)|SYSTEM_MODE_ENTER|false
08:23:34.201 (201503152)|HEAP_ALLOCATE|[EXTERNAL]|Bytes:5
08:23:34.201 (201511896)|SYSTEM_MODE_EXIT|false
08:23:34.201 (201524845)|METHOD_EXIT|[1]|WelcomeProfile
08:23:34.201 (201539032)|SYSTEM_MODE_ENTER|false
08:23:34.201 (201555244)|VARIABLE_SCOPE_BEGIN|[3]|userid|String|false|false
08:23:34.201 (201592062)|VARIABLE_ASSIGNMENT|[3]|userid|null
08:23:34.201 (201605960)|HEAP_ALLOCATE|[4]|Bytes:5
08:23:34.201 (201611260)|STATEMENT_EXECUTE|[3]
08:23:34.201 (201617925)|STATEMENT_EXECUTE|[5]
08:23:34.201 (201720131)|HEAP_ALLOCATE|[5]|Bytes:85
08:23:34.201 (201733963)|SYSTEM_METHOD_ENTRY|[1]|UserInfo.UserInfo()
08:23:34.201 (201737460)|STATEMENT_EXECUTE|[1]
08:23:34.201 (201747630)|SYSTEM_METHOD_EXIT|[1]|UserInfo
08:23:34.201 (201766249)|METHOD_ENTRY|[5]||System.UserInfo.getUserId()
08:23:34.201 (201821393)|METHOD_EXIT|[5]||System.UserInfo.getUserId()
08:23:34.201 (201840484)|VARIABLE_ASSIGNMENT|[5]|userid|"00536000001rY1LAAU"
08:23:34.201 (201846134)|STATEMENT_EXECUTE|[6]
08:23:34.201 (201865031)|HEAP_ALLOCATE|[6]|Bytes:4
08:23:34.201 (201888016)|METHOD_ENTRY|[6]|01p3600000ArnAD|WelcomeProfile.getProfileUser(Id)
08:23:34.201 (201951904)|VARIABLE_SCOPE_BEGIN|[14]|userid|Id|false|false
08:23:34.201 (202073290)|VARIABLE_ASSIGNMENT|[14]|userid|"00536000001rY1LAAU"
08:23:34.201 (202087731)|HEAP_ALLOCATE|[15]|Bytes:5
08:23:34.201 (202093976)|STATEMENT_EXECUTE|[14]
08:23:34.201 (202096552)|STATEMENT_EXECUTE|[15]
08:23:34.201 (202102169)|HEAP_ALLOCATE|[15]|Bytes:101
08:23:34.201 (202111818)|HEAP_ALLOCATE|[15]|Bytes:4
08:23:34.201 (202126951)|HEAP_ALLOCATE|[15]|Bytes:7
08:23:34.201 (203969207)|SOQL_EXECUTE_BEGIN|[15]|Aggregations:0|SELECT Id, Name, FirstName, physicalDeliveryOfficeName__c, FullPhotoUrl FROM User WHERE Id = :tmpVar1
08:23:34.201 (225954845)|SOQL_EXECUTE_END|[15]|Rows:1
08:23:34.201 (225993959)|HEAP_ALLOCATE|[15]|Bytes:8
08:23:34.201 (226017509)|HEAP_ALLOCATE|[15]|Bytes:125
08:23:34.201 (226100625)|HEAP_ALLOCATE|[15]|Bytes:8
08:23:34.201 (226121011)|HEAP_ALLOCATE|[15]|Bytes:30
08:23:34.201 (226216234)|HEAP_ALLOCATE|[15]|Bytes:20
08:23:34.201 (226229969)|VARIABLE_SCOPE_BEGIN|[15]|u|User|true|false
08:23:34.201 (226274230)|VARIABLE_ASSIGNMENT|[15]|u|{"s":1,"v":{"Id":"00536000001rY1LAAU","Name":"David Scruggs","FirstName":"David","FullPhotoUrl":"/sfsites/c/profileph (21 more) ..."}}|0x4f0b1006
08:23:34.201 (226279869)|STATEMENT_EXECUTE|[16]
08:23:34.201 (226300710)|METHOD_EXIT|[6]|01p3600000ArnAD|WelcomeProfile.getProfileUser(Id)
08:23:34.201 (226307823)|VARIABLE_SCOPE_BEGIN|[6]|currentUser|User|true|false
08:23:34.201 (226320677)|VARIABLE_ASSIGNMENT|[6]|currentUser|{"s":1,"v":{"Id":"00536000001rY1LAAU","Name":"David Scruggs","FirstName":"David","FullPhotoUrl":"/sfsites/c/profileph (21 more) ..."}}|0x4f0b1006
08:23:34.201 (226324288)|STATEMENT_EXECUTE|[8]
08:23:34.201 (226333112)|HEAP_ALLOCATE|[8]|Bytes:4
08:23:34.201 (226345058)|VARIABLE_SCOPE_BEGIN|[8]|JSONHierarchy|Map<String,ANY>|true|false
08:23:34.201 (226366969)|VARIABLE_ASSIGNMENT|[8]|JSONHierarchy|{"s":1,"v":{}}|0x377305f8
08:23:34.201 (226370261)|STATEMENT_EXECUTE|[9]
08:23:34.201 (226373913)|HEAP_ALLOCATE|[9]|Bytes:12
08:23:34.201 (226438015)|HEAP_ALLOCATE|[EXTERNAL]|Bytes:-4
08:23:34.201 (226448355)|STATEMENT_EXECUTE|[10]
08:23:34.201 (226458841)|SYSTEM_MODE_EXIT|false
08:23:34.226 (226505455)|CUMULATIVE_LIMIT_USAGE
08:23:34.226 (226505455)|LIMIT_USAGE_FOR_NS|(default)|
  Number of SOQL queries: 3 out of 100
  Number of query rows: 9 out of 50000
  Number of SOSL queries: 0 out of 20
  Number of DML statements: 0 out of 150
  Number of DML rows: 0 out of 10000
  Maximum CPU time: 0 out of 10000
  Maximum heap size: 0 out of 6000000
  Number of callouts: 0 out of 100
  Number of Email Invocations: 0 out of 10
  Number of future calls: 0 out of 50
  Number of queueable jobs added to the queue: 0 out of 50
  Number of Mobile Apex push calls: 0 out of 10

08:23:34.226 (226505455)|CUMULATIVE_LIMIT_USAGE_END

08:23:34.201 (226551672)|CODE_UNIT_FINISHED|WelcomeProfile.getHierarchy
08:23:34.201 (229043132)|EXECUTION_FINISHED
08:23:34.368 (368815149)|USER_INFO|[EXTERNAL]|00536000001rY1L|dscruggs@kocollaboration.demo|Eastern Standard Time|GMT-05:00
08:23:34.368 (368839533)|EXECUTION_STARTED
08:23:34.368 (368846309)|CODE_UNIT_STARTED|[EXTERNAL]|01p3600000BRqHE|communityChatterGroups.getUserGroups
08:23:34.368 (368925419)|VARIABLE_SCOPE_BEGIN|[2]|communityChatterGroups.sPrefixStr|String|false|true
08:23:34.368 (368972785)|HEAP_ALLOCATE|[EXTERNAL]|Bytes:184
08:23:34.368 (368987164)|HEAP_ALLOCATE|[EXTERNAL]|Bytes:15
08:23:34.368 (369011467)|METHOD_ENTRY|[1]|01p3600000BRqHE|communityChatterGroups.communityChatterGroups()
08:23:34.368 (369017254)|STATEMENT_EXECUTE|[1]
08:23:34.368 (369025828)|STATEMENT_EXECUTE|[1]
08:23:34.368 (369035805)|METHOD_EXIT|[1]|communityChatterGroups
08:23:34.368 (369056155)|SYSTEM_MODE_ENTER|false
08:23:34.368 (369070497)|STATEMENT_EXECUTE|[11]
08:23:34.368 (369073026)|STATEMENT_EXECUTE|[12]
08:23:34.368 (369125310)|VARIABLE_SCOPE_BEGIN|[12]|network|Network|true|false
08:23:34.368 (369168875)|VARIABLE_ASSIGNMENT|[12]|network|null|
08:23:34.368 (369173668)|STATEMENT_EXECUTE|[13]
08:23:34.368 (369179172)|VARIABLE_SCOPE_BEGIN|[13]|msg|String|false|false
08:23:34.368 (369186950)|VARIABLE_ASSIGNMENT|[13]|msg|null
08:23:34.368 (369189954)|STATEMENT_EXECUTE|[14]
08:23:34.368 (369193660)|VARIABLE_SCOPE_BEGIN|[14]|userID|String|false|false
08:23:34.368 (369199900)|VARIABLE_ASSIGNMENT|[14]|userID|null
08:23:34.368 (369202759)|STATEMENT_EXECUTE|[15]
08:23:34.368 (369206873)|VARIABLE_SCOPE_BEGIN|[15]|cGroups|List<CollaborationGroup>|true|false
08:23:34.368 (369213482)|VARIABLE_ASSIGNMENT|[15]|cGroups|null|
08:23:34.368 (369216358)|STATEMENT_EXECUTE|[16]
08:23:34.368 (369309641)|HEAP_ALLOCATE|[16]|Bytes:145
08:23:34.368 (369323714)|SYSTEM_METHOD_ENTRY|[1]|Site.Site()
08:23:34.368 (369327401)|STATEMENT_EXECUTE|[1]
08:23:34.368 (369337501)|SYSTEM_METHOD_EXIT|[1]|Site
08:23:34.368 (369358186)|METHOD_ENTRY|[16]||System.Site.getPathPrefix()
08:23:34.368 (369430947)|METHOD_EXIT|[16]||System.Site.getPathPrefix()
08:23:34.368 (369471437)|VARIABLE_ASSIGNMENT|[EXTERNAL]|value|"/collab/s"
08:23:34.368 (369488420)|VARIABLE_ASSIGNMENT|[2]|communityChatterGroups.sPrefixStr|"/collab/s"
08:23:34.368 (369499681)|STATEMENT_EXECUTE|[17]
08:23:34.368 (369538837)|VARIABLE_SCOPE_BEGIN|[17]|str|String|false|false
08:23:34.368 (369549229)|VARIABLE_ASSIGNMENT|[17]|str|"/collab/s"
08:23:34.368 (369553043)|STATEMENT_EXECUTE|[18]
08:23:34.368 (369558982)|HEAP_ALLOCATE|[18]|Bytes:12
08:23:34.368 (369614150)|HEAP_ALLOCATE|[18]|Bytes:24
08:23:34.368 (369627667)|SYSTEM_METHOD_ENTRY|[1]|Pattern.Pattern()
08:23:34.368 (369630967)|STATEMENT_EXECUTE|[1]
08:23:34.368 (369639652)|SYSTEM_METHOD_EXIT|[1]|Pattern
08:23:34.368 (369655191)|METHOD_ENTRY|[18]||System.Pattern.compile(String)
08:23:34.368 (369865486)|METHOD_EXIT|[18]||System.Pattern.compile(String)
08:23:34.368 (369874332)|VARIABLE_SCOPE_BEGIN|[18]|p|System.Pattern|true|false
08:23:34.368 (369916556)|VARIABLE_ASSIGNMENT|[18]|p|{"delegate":"0x45f6f79b"}|0x243462fc
08:23:34.368 (369922045)|STATEMENT_EXECUTE|[19]
08:23:34.368 (369940602)|METHOD_ENTRY|[19]||System.Pattern.matcher(String)
08:23:34.368 (370181478)|METHOD_EXIT|[19]||System.Pattern.matcher(String)
08:23:34.368 (370190902)|VARIABLE_SCOPE_BEGIN|[19]|m|System.Matcher|true|false
08:23:34.368 (370218406)|VARIABLE_ASSIGNMENT|[19]|m|{"delegate":"0x4194139e"}|0x2656fc9a
08:23:34.368 (370239054)|METHOD_ENTRY|[20]||System.Matcher.find()
08:23:34.368 (370338648)|METHOD_EXIT|[20]||System.Matcher.find()
08:23:34.368 (370346507)|STATEMENT_EXECUTE|[20]
08:23:34.368 (370348868)|STATEMENT_EXECUTE|[22]
08:23:34.368 (370360768)|METHOD_ENTRY|[22]||System.Matcher.group()
08:23:34.368 (370435868)|METHOD_EXIT|[22]||System.Matcher.group()
08:23:34.368 (370454015)|VARIABLE_ASSIGNMENT|[EXTERNAL]|value|"collab"
08:23:34.368 (370465503)|VARIABLE_ASSIGNMENT|[2]|communityChatterGroups.sPrefixStr|"collab"
08:23:34.368 (370496293)|STATEMENT_EXECUTE|[24]
08:23:34.368 (370560054)|STATEMENT_EXECUTE|[25]
08:23:34.368 (370563509)|STATEMENT_EXECUTE|[26]
08:23:34.368 (370569147)|HEAP_ALLOCATE|[26]|Bytes:82
08:23:34.368 (370579429)|HEAP_ALLOCATE|[26]|Bytes:4
08:23:34.368 (371068672)|SOQL_EXECUTE_BEGIN|[26]|Aggregations:0|SELECT UrlPathPrefix, Name, Id FROM Network WHERE UrlPathPrefix = :tmpVar1 LIMIT 1
08:23:34.368 (384787692)|SOQL_EXECUTE_END|[26]|Rows:1
08:23:34.368 (384817502)|HEAP_ALLOCATE|[26]|Bytes:8
08:23:34.368 (384833504)|HEAP_ALLOCATE|[26]|Bytes:82
08:23:34.368 (384894792)|HEAP_ALLOCATE|[26]|Bytes:8
08:23:34.368 (384909333)|HEAP_ALLOCATE|[26]|Bytes:33
08:23:34.368 (385003524)|HEAP_ALLOCATE|[26]|Bytes:16
08:23:34.368 (385049999)|VARIABLE_ASSIGNMENT|[26]|network|{"s":1,"v":{"UrlPathPrefix":"collab","Name":"Employee Collaborati (2 more) ...","Id":"0DB36000000KzVyGAK"}}|0x6dff5b43
08:23:34.368 (385055995)|STATEMENT_EXECUTE|[30]
08:23:34.368 (385072867)|METHOD_ENTRY|[30]||System.UserInfo.getUserId()
08:23:34.368 (385109854)|METHOD_EXIT|[30]||System.UserInfo.getUserId()
08:23:34.368 (385119982)|VARIABLE_ASSIGNMENT|[30]|userID|"00536000001rY1LAAU"
08:23:34.368 (385123239)|STATEMENT_EXECUTE|[31]
08:23:34.368 (385130302)|HEAP_ALLOCATE|[31]|Bytes:4
08:23:34.368 (385198792)|HEAP_ALLOCATE|[EXTERNAL]|Bytes:4
08:23:34.368 (385213800)|VARIABLE_ASSIGNMENT|[31]|cGroups|{"s":1,"v":[]}|0x27581d72
08:23:34.368 (385217476)|STATEMENT_EXECUTE|[32]
08:23:34.368 (385222234)|HEAP_ALLOCATE|[33]|Bytes:87
08:23:34.368 (385229554)|HEAP_ALLOCATE|[33]|Bytes:4
08:23:34.368 (385612087)|SOQL_EXECUTE_BEGIN|[33]|Aggregations:0|SELECT Id, CollaborationGroupID FROM CollaborationGroupMember 
08:23:34.368 (409678691)|SOQL_EXECUTE_END|[33]|Rows:26
08:23:34.368 (409715666)|HEAP_ALLOCATE|[EXTERNAL]|Bytes:108
08:23:34.368 (409928111)|HEAP_ALLOCATE|[33]|Bytes:49
08:23:34.368 (409937417)|HEAP_ALLOCATE|[33]|Bytes:8
08:23:34.368 (409950553)|SYSTEM_METHOD_ENTRY|[7]|QueryLocatorIterator.QueryLocatorIterator()
08:23:34.368 (409954586)|STATEMENT_EXECUTE|[7]
08:23:34.368 (409966857)|SYSTEM_METHOD_EXIT|[7]|QueryLocatorIterator
08:23:34.368 (409975176)|HEAP_ALLOCATE|[33]|Bytes:28
08:23:34.368 (410049399)|HEAP_ALLOCATE|[33]|Bytes:108
08:23:34.368 (410066866)|HEAP_ALLOCATE|[33]|Bytes:8
08:23:34.368 (410069023)|HEAP_ALLOCATE|[33]|Bytes:8
08:23:34.368 (410076836)|VARIABLE_SCOPE_BEGIN|[15]|this|Database.QueryLocatorIterator|true|false
08:23:34.368 (410117282)|VARIABLE_ASSIGNMENT|[15]|this|{}|0x578f4ea9
08:23:34.368 (410120986)|VARIABLE_SCOPE_BEGIN|[15]|values|List<SObject>|true|false
08:23:34.368 (410138937)|VARIABLE_ASSIGNMENT|[15]|values|{"s":1,"v":"List of size 26 too large to display"}|0x21461051
08:23:34.368 (410141877)|VARIABLE_SCOPE_BEGIN|[15]|ql|Database.QueryLocator|true|false
08:23:34.368 (410157281)|VARIABLE_ASSIGNMENT|[15]|ql|{"query":"SELECT Id, Collabora (67 more) ..."}|0x2a350419
08:23:34.368 (410160095)|VARIABLE_SCOPE_BEGIN|[15]|totalNumRecords|Integer|false|false
08:23:34.368 (410164380)|VARIABLE_ASSIGNMENT|[15]|totalNumRecords|26
08:23:34.368 (410166536)|VARIABLE_SCOPE_BEGIN|[15]|queryMoreSize|Integer|false|false
08:23:34.368 (410169163)|VARIABLE_ASSIGNMENT|[15]|queryMoreSize|49964
08:23:34.368 (410227035)|HEAP_ALLOCATE|[33]|Bytes:28
08:23:34.368 (410253996)|METHOD_ENTRY|[33]||Database.QueryLocatorIterator.hasNext()
08:23:34.368 (410359702)|METHOD_EXIT|[33]||Database.QueryLocatorIterator.hasNext()
08:23:34.368 (410369451)|METHOD_ENTRY|[33]||Database.QueryLocatorIterator.next()
08:23:34.368 (410470326)|METHOD_EXIT|[33]||Database.QueryLocatorIterator.next()
08:23:34.368 (410481128)|VARIABLE_SCOPE_BEGIN|[33]|cgm|CollaborationGroupMember|true|false
08:23:34.368 (410501677)|VARIABLE_ASSIGNMENT|[33]|cgm|{"s":1,"v":{"Id":"0FB36000000PVtCGAW","CollaborationGroupId":"0F936000000BXQICA4"}}|0xe369f68
08:23:34.368 (410506043)|STATEMENT_EXECUTE|[33]
08:23:34.368 (410507545)|STATEMENT_EXECUTE|[34]
08:23:34.368 (410512384)|HEAP_ALLOCATE|[34]|Bytes:128
08:23:34.368 (410520093)|HEAP_ALLOCATE|[34]|Bytes:4
08:23:34.368 (411011337)|SOQL_EXECUTE_BEGIN|[34]|Aggregations:0|SELECT Id, Name, FullPhotoUrl, NetworkID, MemberCount, InformationTitle, Description FROM CollaborationGroup WHERE Id = :tmpVar1
08:23:34.368 (442642127)|SOQL_EXECUTE_END|[34]|Rows:1
08:23:34.368 (442698708)|HEAP_ALLOCATE|[34]|Bytes:8
08:23:34.368 (442729490)|HEAP_ALLOCATE|[34]|Bytes:193
08:23:34.368 (442795576)|HEAP_ALLOCATE|[34]|Bytes:8
08:23:34.368 (442816862)|HEAP_ALLOCATE|[34]|Bytes:44
08:23:34.368 (442878615)|HEAP_ALLOCATE|[34]|Bytes:28
08:23:34.368 (442898633)|VARIABLE_SCOPE_BEGIN|[34]|cg|CollaborationGroup|true|false
08:23:34.368 (442947993)|VARIABLE_ASSIGNMENT|[34]|cg|{"s":1,"v":{"Id":"0F936000000BXQICA4","Name":"All Latam","FullPhotoUrl":"/sfsites/c/profileph (21 more) ...","NetworkId":"0DB36000000KzVyGAK","MemberCount":1,"Description":"Everyone in Latin Am (5 more) ..."}}|0x36c6884c
08:23:34.368 (443119095)|STATEMENT_EXECUTE|[35]
08:23:34.368 (443124514)|STATEMENT_EXECUTE|[36]
08:23:34.368 (443176098)|HEAP_ALLOCATE|[EXTERNAL]|Bytes:4
08:23:34.368 (443204871)|METHOD_ENTRY|[33]||Database.QueryLocatorIterator.hasNext()
08:23:34.368 (443256592)|METHOD_EXIT|[33]||Database.QueryLocatorIterator.hasNext()
08:23:34.368 (443269928)|METHOD_ENTRY|[33]||Database.QueryLocatorIterator.next()
08:23:34.368 (443406375)|METHOD_EXIT|[33]||Database.QueryLocatorIterator.next()
08:23:34.368 (443418597)|VARIABLE_SCOPE_BEGIN|[33]|cgm|CollaborationGroupMember|true|false
08:23:34.368 (443442839)|VARIABLE_ASSIGNMENT|[33]|cgm|{"s":1,"v":{"Id":"0FB36000000PWqEGAW","CollaborationGroupId":"0F936000000BdyOCAS"}}|0x742227cd
08:23:34.368 (443448402)|STATEMENT_EXECUTE|[33]
08:23:34.368 (443451118)|STATEMENT_EXECUTE|[34]
08:23:34.368 (443460303)|HEAP_ALLOCATE|[34]|Bytes:4
08:23:34.368 (443987419)|SOQL_EXECUTE_BEGIN|[34]|Aggregations:0|SELECT Id, Name, FullPhotoUrl, NetworkID, MemberCount, InformationTitle, Description FROM CollaborationGroup WHERE Id = :tmpVar1
08:23:34.368 (446816948)|SOQL_EXECUTE_END|[34]|Rows:1
08:23:34.368 (446869190)|HEAP_ALLOCATE|[34]|Bytes:8
08:23:34.368 (446891476)|HEAP_ALLOCATE|[34]|Bytes:233
08:23:34.368 (446912654)|HEAP_ALLOCATE|[34]|Bytes:8
08:23:34.368 (446950022)|HEAP_ALLOCATE|[34]|Bytes:28
08:23:34.368 (446959994)|VARIABLE_SCOPE_BEGIN|[34]|cg|CollaborationGroup|true|false
08:23:34.368 (446986571)|VARIABLE_ASSIGNMENT|[34]|cg|{"s":1,"v":{"Id":"0F936000000BdyOCAS","Name":"Intro to American Hi (5 more) ...","FullPhotoUrl":"/sfsites/c/profileph (9 more) ...","NetworkId":"0DB36000000KzVyGAK","MemberCount":2,"Description":"All materials and to (41 more) ..."}}|0x36c376ca
08:23:34.368 (447029925)|STATEMENT_EXECUTE|[35]
08:23:34.368 (447033119)|STATEMENT_EXECUTE|[36]
08:23:34.368 (447041547)|HEAP_ALLOCATE|[EXTERNAL]|Bytes:4
08:23:34.368 (447053941)|METHOD_ENTRY|[33]||Database.QueryLocatorIterator.hasNext()
08:23:34.368 (447079765)|METHOD_EXIT|[33]||Database.QueryLocatorIterator.hasNext()
08:23:34.368 (447085805)|METHOD_ENTRY|[33]||Database.QueryLocatorIterator.next()
08:23:34.368 (447150018)|METHOD_EXIT|[33]||Database.QueryLocatorIterator.next()
08:23:34.368 (447158164)|VARIABLE_SCOPE_BEGIN|[33]|cgm|CollaborationGroupMember|true|false
08:23:34.368 (447174698)|VARIABLE_ASSIGNMENT|[33]|cgm|{"s":1,"v":{"Id":"0FB36000000CtW7GAK","CollaborationGroupId":"0F936000000FQkLCAW"}}|0x1fb245d0
08:23:34.368 (447181241)|STATEMENT_EXECUTE|[33]
08:23:34.368 (447182588)|STATEMENT_EXECUTE|[34]
08:23:34.368 (447188090)|HEAP_ALLOCATE|[34]|Bytes:4
08:23:34.368 (447464472)|SOQL_EXECUTE_BEGIN|[34]|Aggregations:0|SELECT Id, Name, FullPhotoUrl, NetworkID, MemberCount, InformationTitle, Description FROM CollaborationGroup WHERE Id = :tmpVar1
08:23:34.368 (449447834)|SOQL_EXECUTE_END|[34]|Rows:1
08:23:34.368 (449466828)|HEAP_ALLOCATE|[34]|Bytes:8
08:23:34.368 (449481320)|HEAP_ALLOCATE|[34]|Bytes:253
08:23:34.368 (449495351)|HEAP_ALLOCATE|[34]|Bytes:8
08:23:34.368 (449525888)|HEAP_ALLOCATE|[34]|Bytes:28
08:23:34.368 (449534714)|VARIABLE_SCOPE_BEGIN|[34]|cg|CollaborationGroup|true|false
08:23:34.368 (449558218)|VARIABLE_ASSIGNMENT|[34]|cg|{"s":1,"v":{"Id":"0F936000000FQkLCAW","Name":"Marketing Bootcamp","FullPhotoUrl":"/sfsites/c/profileph (9 more) ...","NetworkId":"0DB36000000KzVyGAK","MemberCount":1,"Description":"Where new marketers  (68 more) ..."}}|0x581e6a4a
08:23:34.368 (449595585)|STATEMENT_EXECUTE|[35]
08:23:34.368 (449597979)|STATEMENT_EXECUTE|[36]
08:23:34.368 (449605760)|HEAP_ALLOCATE|[EXTERNAL]|Bytes:4
08:23:34.368 (449616796)|METHOD_ENTRY|[33]||Database.QueryLocatorIterator.hasNext()
08:23:34.368 (449639550)|METHOD_EXIT|[33]||Database.QueryLocatorIterator.hasNext()
08:23:34.368 (449645284)|METHOD_ENTRY|[33]||Database.QueryLocatorIterator.next()
08:23:34.368 (449711077)|METHOD_EXIT|[33]||Database.QueryLocatorIterator.next()
08:23:34.368 (449719122)|VARIABLE_SCOPE_BEGIN|[33]|cgm|CollaborationGroupMember|true|false
08:23:34.368 (449735721)|VARIABLE_ASSIGNMENT|[33]|cgm|{"s":1,"v":{"Id":"0FB36000000CtX0GAK","CollaborationGroupId":"0F936000000FQxDCAW"}}|0x5dc6f45e
08:23:34.368 (449739155)|STATEMENT_EXECUTE|[33]
08:23:34.368 (449740297)|STATEMENT_EXECUTE|[34]
08:23:34.368 (449744785)|HEAP_ALLOCATE|[34]|Bytes:4
08:23:34.368 (449974669)|SOQL_EXECUTE_BEGIN|[34]|Aggregations:0|SELECT Id, Name, FullPhotoUrl, NetworkID, MemberCount, InformationTitle, Description FROM CollaborationGroup WHERE Id = :tmpVar1
08:23:34.368 (451866688)|SOQL_EXECUTE_END|[34]|Rows:1
08:23:34.368 (451885459)|HEAP_ALLOCATE|[34]|Bytes:8
08:23:34.368 (451899310)|HEAP_ALLOCATE|[34]|Bytes:244
08:23:34.368 (451916013)|HEAP_ALLOCATE|[34]|Bytes:8
08:23:34.368 (451947973)|HEAP_ALLOCATE|[34]|Bytes:28
08:23:34.368 (451956777)|VARIABLE_SCOPE_BEGIN|[34]|cg|CollaborationGroup|true|false
08:23:34.368 (451980852)|VARIABLE_ASSIGNMENT|[34]|cg|{"s":1,"v":{"Id":"0F936000000FQxDCAW","Name":"Any Given Tuesday","FullPhotoUrl":"/sfsites/c/profileph (21 more) ...","NetworkId":"0DB36000000KzVyGAK","MemberCount":2,"Description":"Collaboration about  (48 more) ..."}}|0x24688038
08:23:34.368 (452019367)|STATEMENT_EXECUTE|[35]
08:23:34.368 (452022421)|STATEMENT_EXECUTE|[36]
08:23:34.368 (452030459)|HEAP_ALLOCATE|[EXTERNAL]|Bytes:4
08:23:34.368 (452041475)|METHOD_ENTRY|[33]||Database.QueryLocatorIterator.hasNext()
08:23:34.368 (452064810)|METHOD_EXIT|[33]||Database.QueryLocatorIterator.hasNext()
08:23:34.368 (452092407)|METHOD_ENTRY|[33]||Database.QueryLocatorIterator.next()
08:23:34.368 (452157850)|METHOD_EXIT|[33]||Database.QueryLocatorIterator.next()
08:23:34.368 (452165394)|VARIABLE_SCOPE_BEGIN|[33]|cgm|CollaborationGroupMember|true|false
08:23:34.368 (452182376)|VARIABLE_ASSIGNMENT|[33]|cgm|{"s":1,"v":{"Id":"0FB36000000CtX5GAK","CollaborationGroupId":"0F936000000FQxICAW"}}|0xd56f401
08:23:34.368 (452185690)|STATEMENT_EXECUTE|[33]
08:23:34.368 (452186822)|STATEMENT_EXECUTE|[34]
08:23:34.368 (452191307)|HEAP_ALLOCATE|[34]|Bytes:4
08:23:34.368 (452420719)|SOQL_EXECUTE_BEGIN|[34]|Aggregations:0|SELECT Id, Name, FullPhotoUrl, NetworkID, MemberCount, InformationTitle, Description FROM CollaborationGroup WHERE Id = :tmpVar1
08:23:34.368 (454064146)|SOQL_EXECUTE_END|[34]|Rows:1
08:23:34.368 (454083567)|HEAP_ALLOCATE|[34]|Bytes:8
08:23:34.368 (454096910)|HEAP_ALLOCATE|[34]|Bytes:213
08:23:34.368 (454110655)|HEAP_ALLOCATE|[34]|Bytes:8
08:23:34.368 (454139587)|HEAP_ALLOCATE|[34]|Bytes:28
08:23:34.368 (454148267)|VARIABLE_SCOPE_BEGIN|[34]|cg|CollaborationGroup|true|false
08:23:34.368 (454171125)|VARIABLE_ASSIGNMENT|[34]|cg|{"s":1,"v":{"Id":"0F936000000FQxICAW","Name":"LATAM Marketing","FullPhotoUrl":"/sfsites/c/profileph (21 more) ...","NetworkId":"0DB36000000KzVyGAK","MemberCount":4,"Description":"Marketing with a foc (19 more) ..."}}|0x24893c48
08:23:34.368 (454207782)|STATEMENT_EXECUTE|[35]
08:23:34.368 (454210434)|STATEMENT_EXECUTE|[36]
08:23:34.368 (454218048)|HEAP_ALLOCATE|[EXTERNAL]|Bytes:4
08:23:34.368 (454228520)|METHOD_ENTRY|[33]||Database.QueryLocatorIterator.hasNext()
08:23:34.368 (454250817)|METHOD_EXIT|[33]||Database.QueryLocatorIterator.hasNext()
08:23:34.368 (454256764)|METHOD_ENTRY|[33]||Database.QueryLocatorIterator.next()
08:23:34.368 (454332649)|METHOD_EXIT|[33]||Database.QueryLocatorIterator.next()
08:23:34.368 (454340436)|VARIABLE_SCOPE_BEGIN|[33]|cgm|CollaborationGroupMember|true|false
08:23:34.368 (454357100)|VARIABLE_ASSIGNMENT|[33]|cgm|{"s":1,"v":{"Id":"0FB36000000CtXAGA0","CollaborationGroupId":"0F936000000FQxNCAW"}}|0x156927c4
08:23:34.368 (454360553)|STATEMENT_EXECUTE|[33]
08:23:34.368 (454361744)|STATEMENT_EXECUTE|[34]
08:23:34.368 (454366280)|HEAP_ALLOCATE|[34]|Bytes:4
08:23:34.368 (454592636)|SOQL_EXECUTE_BEGIN|[34]|Aggregations:0|SELECT Id, Name, FullPhotoUrl, NetworkID, MemberCount, InformationTitle, Description FROM CollaborationGroup WHERE Id = :tmpVar1
08:23:34.368 (456815618)|SOQL_EXECUTE_END|[34]|Rows:1
08:23:34.368 (456844771)|HEAP_ALLOCATE|[34]|Bytes:8
08:23:34.368 (456862829)|HEAP_ALLOCATE|[34]|Bytes:247
08:23:34.368 (456881392)|HEAP_ALLOCATE|[34]|Bytes:8
08:23:34.368 (456935476)|HEAP_ALLOCATE|[34]|Bytes:28
08:23:34.368 (456950216)|VARIABLE_SCOPE_BEGIN|[34]|cg|CollaborationGroup|true|false
08:23:34.368 (456983117)|VARIABLE_ASSIGNMENT|[34]|cg|{"s":1,"v":{"Id":"0F936000000FQxNCAW","Name":"Customer Interaction (8 more) ...","FullPhotoUrl":"/sfsites/c/profileph (21 more) ...","NetworkId":"0DB36000000KzVyGAK","MemberCount":1,"Description":"Planning for the fut (40 more) ..."}}|0x60613e6f
08:23:34.368 (457040778)|STATEMENT_EXECUTE|[35]
08:23:34.368 (457045097)|STATEMENT_EXECUTE|[36]
08:23:34.368 (457058002)|HEAP_ALLOCATE|[EXTERNAL]|Bytes:4
08:23:34.368 (457075003)|METHOD_ENTRY|[33]||Database.QueryLocatorIterator.hasNext()
08:23:34.368 (457110839)|METHOD_EXIT|[33]||Database.QueryLocatorIterator.hasNext()
08:23:34.368 (457120333)|METHOD_ENTRY|[33]||Database.QueryLocatorIterator.next()
08:23:34.368 (457215473)|METHOD_EXIT|[33]||Database.QueryLocatorIterator.next()
08:23:34.368 (457226553)|VARIABLE_SCOPE_BEGIN|[33]|cgm|CollaborationGroupMember|true|false
08:23:34.368 (457249868)|VARIABLE_ASSIGNMENT|[33]|cgm|{"s":1,"v":{"Id":"0FB36000000CtfiGAC","CollaborationGroupId":"0F936000000FSYcCAO"}}|0x52a09e95
08:23:34.368 (457255497)|STATEMENT_EXECUTE|[33]
08:23:34.368 (457257495)|STATEMENT_EXECUTE|[34]
08:23:34.368 (457263876)|HEAP_ALLOCATE|[34]|Bytes:4
08:23:34.368 (457703686)|SOQL_EXECUTE_BEGIN|[34]|Aggregations:0|SELECT Id, Name, FullPhotoUrl, NetworkID, MemberCount, InformationTitle, Description FROM CollaborationGroup WHERE Id = :tmpVar1
08:23:34.368 (459920552)|SOQL_EXECUTE_END|[34]|Rows:1
08:23:34.368 (459944744)|HEAP_ALLOCATE|[34]|Bytes:8
08:23:34.368 (459959258)|HEAP_ALLOCATE|[34]|Bytes:248
08:23:34.368 (459975135)|HEAP_ALLOCATE|[34]|Bytes:8
08:23:34.368 (460008425)|HEAP_ALLOCATE|[34]|Bytes:28
08:23:34.368 (460022074)|VARIABLE_SCOPE_BEGIN|[34]|cg|CollaborationGroup|true|false
08:23:34.368 (460055960)|VARIABLE_ASSIGNMENT|[34]|cg|{"s":1,"v":{"Id":"0F936000000FSYcCAO","Name":"Aspect Design Group  (14 more) ...","FullPhotoUrl":"/sfsites/c/profileph (9 more) ...","NetworkId":"0DB36000000KzVyGAK","MemberCount":1,"Description":"Working with our adv (47 more) ..."}}|0x1e745edf
08:23:34.368 (460100970)|STATEMENT_EXECUTE|[35]
08:23:34.368 (460103576)|STATEMENT_EXECUTE|[36]
08:23:34.368 (460111686)|HEAP_ALLOCATE|[EXTERNAL]|Bytes:4
08:23:34.368 (460123479)|METHOD_ENTRY|[33]||Database.QueryLocatorIterator.hasNext()
08:23:34.368 (460147650)|METHOD_EXIT|[33]||Database.QueryLocatorIterator.hasNext()
08:23:34.368 (460153926)|METHOD_ENTRY|[33]||Database.QueryLocatorIterator.next()
08:23:34.368 (460252775)|METHOD_EXIT|[33]||Database.QueryLocatorIterator.next()
08:23:34.368 (460263825)|VARIABLE_SCOPE_BEGIN|[33]|cgm|CollaborationGroupMember|true|false
08:23:34.368 (460281899)|VARIABLE_ASSIGNMENT|[33]|cgm|{"s":1,"v":{"Id":"0FB36000000CtnIGAS","CollaborationGroupId":"0F936000000FTOaCAO"}}|0x3f11afdc
08:23:34.368 (460285211)|STATEMENT_EXECUTE|[33]
08:23:34.368 (460286446)|STATEMENT_EXECUTE|[34]
08:23:34.368 (460291185)|HEAP_ALLOCATE|[34]|Bytes:4
08:23:34.368 (460552426)|SOQL_EXECUTE_BEGIN|[34]|Aggregations:0|SELECT Id, Name, FullPhotoUrl, NetworkID, MemberCount, InformationTitle, Description FROM CollaborationGroup WHERE Id = :tmpVar1
08:23:34.368 (462635473)|SOQL_EXECUTE_END|[34]|Rows:1
08:23:34.368 (462662848)|HEAP_ALLOCATE|[34]|Bytes:8
08:23:34.368 (462678703)|HEAP_ALLOCATE|[34]|Bytes:260
08:23:34.368 (462694726)|HEAP_ALLOCATE|[34]|Bytes:8
08:23:34.368 (462729098)|HEAP_ALLOCATE|[34]|Bytes:28
08:23:34.368 (462738418)|VARIABLE_SCOPE_BEGIN|[34]|cg|CollaborationGroup|true|false
08:23:34.368 (462763165)|VARIABLE_ASSIGNMENT|[34]|cg|{"s":1,"v":{"Id":"0F936000000FTOaCAO","Name":"FIFA WC Freestyle Eq (18 more) ...","FullPhotoUrl":"/sfsites/c/profileph (21 more) ...","NetworkId":"0DB36000000KzVyGAK","MemberCount":3,"Description":"Customizing the Free (43 more) ..."}}|0x222c1cc2
08:23:34.368 (462832371)|STATEMENT_EXECUTE|[35]
08:23:34.368 (462836270)|STATEMENT_EXECUTE|[36]
08:23:34.368 (462850152)|HEAP_ALLOCATE|[EXTERNAL]|Bytes:4
08:23:34.368 (462869839)|METHOD_ENTRY|[33]||Database.QueryLocatorIterator.hasNext()
08:23:34.368 (462897671)|METHOD_EXIT|[33]||Database.QueryLocatorIterator.hasNext()
08:23:34.368 (462903835)|METHOD_ENTRY|[33]||Database.QueryLocatorIterator.next()
08:23:34.368 (462970847)|METHOD_EXIT|[33]||Database.QueryLocatorIterator.next()
08:23:34.368 (462979169)|VARIABLE_SCOPE_BEGIN|[33]|cgm|CollaborationGroupMember|true|false
08:23:34.368 (462996002)|VARIABLE_ASSIGNMENT|[33]|cgm|{"s":1,"v":{"Id":"0FB36000000CtpOGAS","CollaborationGroupId":"0F936000000FTgJCAW"}}|0x7295c855
08:23:34.368 (463014777)|STATEMENT_EXECUTE|[33]
08:23:34.368 (463016832)|STATEMENT_EXECUTE|[34]
08:23:34.368 (463021699)|HEAP_ALLOCATE|[34]|Bytes:4
08:23:34.368 (463298241)|SOQL_EXECUTE_BEGIN|[34]|Aggregations:0|SELECT Id, Name, FullPhotoUrl, NetworkID, MemberCount, InformationTitle, Description FROM CollaborationGroup WHERE Id = :tmpVar1
08:23:34.368 (465314986)|SOQL_EXECUTE_END|[34]|Rows:1
08:23:34.368 (465345617)|HEAP_ALLOCATE|[34]|Bytes:8
08:23:34.368 (465364856)|HEAP_ALLOCATE|[34]|Bytes:233
08:23:34.368 (465385086)|HEAP_ALLOCATE|[34]|Bytes:8
08:23:34.368 (465429717)|HEAP_ALLOCATE|[34]|Bytes:28
08:23:34.368 (465444138)|VARIABLE_SCOPE_BEGIN|[34]|cg|CollaborationGroup|true|false
08:23:34.368 (465479313)|VARIABLE_ASSIGNMENT|[34]|cg|{"s":1,"v":{"Id":"0F936000000FTgJCAW","Name":"RIO WC VIP Event Pla (5 more) ...","FullPhotoUrl":"/sfsites/c/profileph (21 more) ...","NetworkId":"0DB36000000KzVyGAK","MemberCount":1,"Description":"Customer Event Plann (29 more) ..."}}|0x2b454bb8
08:23:34.368 (465538013)|STATEMENT_EXECUTE|[35]
08:23:34.368 (465541866)|STATEMENT_EXECUTE|[36]
08:23:34.368 (465555829)|HEAP_ALLOCATE|[EXTERNAL]|Bytes:4
08:23:34.368 (465575637)|METHOD_ENTRY|[33]||Database.QueryLocatorIterator.hasNext()
08:23:34.368 (465626168)|METHOD_EXIT|[33]||Database.QueryLocatorIterator.hasNext()
08:23:34.368 (465639977)|METHOD_ENTRY|[33]||Database.QueryLocatorIterator.next()
08:23:34.368 (465758640)|METHOD_EXIT|[33]||Database.QueryLocatorIterator.next()
08:23:34.368 (465771511)|VARIABLE_SCOPE_BEGIN|[33]|cgm|CollaborationGroupMember|true|false
08:23:34.368 (465796895)|VARIABLE_ASSIGNMENT|[33]|cgm|{"s":1,"v":{"Id":"0FB36000000J2nDGAS","CollaborationGroupId":"0F936000000RiS3CAK"}}|0x2c80f195
08:23:34.368 (465802708)|STATEMENT_EXECUTE|[33]
08:23:34.368 (465804912)|STATEMENT_EXECUTE|[34]
08:23:34.368 (465811414)|HEAP_ALLOCATE|[34]|Bytes:4
08:23:34.368 (466363961)|SOQL_EXECUTE_BEGIN|[34]|Aggregations:0|SELECT Id, Name, FullPhotoUrl, NetworkID, MemberCount, InformationTitle, Description FROM CollaborationGroup WHERE Id = :tmpVar1
08:23:34.368 (468459973)|SOQL_EXECUTE_END|[34]|Rows:1
08:23:34.368 (468480709)|HEAP_ALLOCATE|[34]|Bytes:8
08:23:34.368 (468494574)|HEAP_ALLOCATE|[34]|Bytes:753
08:23:34.368 (468509266)|HEAP_ALLOCATE|[34]|Bytes:8
08:23:34.368 (468539360)|HEAP_ALLOCATE|[34]|Bytes:24
08:23:34.368 (468548174)|VARIABLE_SCOPE_BEGIN|[34]|cg|CollaborationGroup|true|false
08:23:34.368 (468571769)|VARIABLE_ASSIGNMENT|[34]|cg|{"s":1,"v":{"Id":"0F936000000RiS3CAK","Name":"United Partners Glob (15 more) ...","FullPhotoUrl":"/sfsites/c/profileph (21 more) ...","MemberCount":6,"Description":"With this group the  (570 more) ..."}}|0x4d676eaa
08:23:34.368 (468585714)|STATEMENT_EXECUTE|[35]
08:23:34.368 (468595987)|METHOD_ENTRY|[33]||Database.QueryLocatorIterator.hasNext()
08:23:34.368 (468621708)|METHOD_EXIT|[33]||Database.QueryLocatorIterator.hasNext()
08:23:34.368 (468631528)|METHOD_ENTRY|[33]||Database.QueryLocatorIterator.next()
08:23:34.368 (468693216)|METHOD_EXIT|[33]||Database.QueryLocatorIterator.next()
08:23:34.368 (468705239)|VARIABLE_SCOPE_BEGIN|[33]|cgm|CollaborationGroupMember|true|false
08:23:34.368 (468721611)|VARIABLE_ASSIGNMENT|[33]|cgm|{"s":1,"v":{"Id":"0FB36000000J2m4GAC","CollaborationGroupId":"0F936000000RiS4CAK"}}|0x212984aa
08:23:34.368 (468725012)|STATEMENT_EXECUTE|[33]
08:23:34.368 (468726348)|STATEMENT_EXECUTE|[34]
08:23:34.368 (468730910)|HEAP_ALLOCATE|[34]|Bytes:4
08:23:34.368 (468967616)|SOQL_EXECUTE_BEGIN|[34]|Aggregations:0|SELECT Id, Name, FullPhotoUrl, NetworkID, MemberCount, InformationTitle, Description FROM CollaborationGroup WHERE Id = :tmpVar1
08:23:34.368 (470865219)|SOQL_EXECUTE_END|[34]|Rows:1
08:23:34.368 (470885527)|HEAP_ALLOCATE|[34]|Bytes:8
08:23:34.368 (470899813)|HEAP_ALLOCATE|[34]|Bytes:450
08:23:34.368 (470915888)|HEAP_ALLOCATE|[34]|Bytes:8
08:23:34.368 (470947263)|HEAP_ALLOCATE|[34]|Bytes:28
08:23:34.368 (470955702)|VARIABLE_SCOPE_BEGIN|[34]|cg|CollaborationGroup|true|false
08:23:34.368 (470978595)|VARIABLE_ASSIGNMENT|[34]|cg|{"s":1,"v":{"Id":"0F936000000RiS4CAK","Name":"Beta Program","FullPhotoUrl":"/sfsites/c/profileph (21 more) ...","NetworkId":"0DB36000000HTZuGAO","MemberCount":5,"Description":"Welcome to the Beta  (259 more) ..."}}|0x6ae2cdab
08:23:34.368 (471016589)|STATEMENT_EXECUTE|[35]
08:23:34.368 (471026113)|METHOD_ENTRY|[33]||Database.QueryLocatorIterator.hasNext()
08:23:34.368 (471050280)|METHOD_EXIT|[33]||Database.QueryLocatorIterator.hasNext()
08:23:34.368 (471056516)|METHOD_ENTRY|[33]||Database.QueryLocatorIterator.next()
08:23:34.368 (471115837)|METHOD_EXIT|[33]||Database.QueryLocatorIterator.next()
08:23:34.368 (471123242)|VARIABLE_SCOPE_BEGIN|[33]|cgm|CollaborationGroupMember|true|false
08:23:34.368 (471139265)|VARIABLE_ASSIGNMENT|[33]|cgm|{"s":1,"v":{"Id":"0FB36000000J2kIGAS","CollaborationGroupId":"0F936000000RiS9CAK"}}|0x11ead3f4
08:23:34.368 (471142609)|STATEMENT_EXECUTE|[33]
08:23:34.368 (471143820)|STATEMENT_EXECUTE|[34]
08:23:34.368 (471148209)|HEAP_ALLOCATE|[34]|Bytes:4
08:23:34.368 (471378568)|SOQL_EXECUTE_BEGIN|[34]|Aggregations:0|SELECT Id, Name, FullPhotoUrl, NetworkID, MemberCount, InformationTitle, Description FROM CollaborationGroup WHERE Id = :tmpVar1
08:23:34.368 (473103091)|SOQL_EXECUTE_END|[34]|Rows:1
08:23:34.368 (473123120)|HEAP_ALLOCATE|[34]|Bytes:8
08:23:34.368 (473136689)|HEAP_ALLOCATE|[34]|Bytes:181
08:23:34.368 (473150531)|HEAP_ALLOCATE|[34]|Bytes:8
08:23:34.368 (473180381)|HEAP_ALLOCATE|[34]|Bytes:24
08:23:34.368 (473189369)|VARIABLE_SCOPE_BEGIN|[34]|cg|CollaborationGroup|true|false
08:23:34.368 (473211251)|VARIABLE_ASSIGNMENT|[34]|cg|{"s":1,"v":{"Id":"0F936000000RiS9CAK","Name":"Sales Strategy","FullPhotoUrl":"/sfsites/c/profileph (21 more) ...","MemberCount":7,"Description":"Get deal support fro (19 more) ..."}}|0x36e301c6
08:23:34.368 (473224383)|STATEMENT_EXECUTE|[35]
08:23:34.368 (473237667)|METHOD_ENTRY|[33]||Database.QueryLocatorIterator.hasNext()
08:23:34.368 (473263963)|METHOD_EXIT|[33]||Database.QueryLocatorIterator.hasNext()
08:23:34.368 (473270070)|METHOD_ENTRY|[33]||Database.QueryLocatorIterator.next()
08:23:34.368 (473332491)|METHOD_EXIT|[33]||Database.QueryLocatorIterator.next()
08:23:34.368 (473340107)|VARIABLE_SCOPE_BEGIN|[33]|cgm|CollaborationGroupMember|true|false
08:23:34.368 (473355628)|VARIABLE_ASSIGNMENT|[33]|cgm|{"s":1,"v":{"Id":"0FB36000000J2l4GAC","CollaborationGroupId":"0F936000000RiSACA0"}}|0x2c6c23f9
08:23:34.368 (473359120)|STATEMENT_EXECUTE|[33]
08:23:34.368 (473360327)|STATEMENT_EXECUTE|[34]
08:23:34.368 (473364650)|HEAP_ALLOCATE|[34]|Bytes:4
08:23:34.368 (473596928)|SOQL_EXECUTE_BEGIN|[34]|Aggregations:0|SELECT Id, Name, FullPhotoUrl, NetworkID, MemberCount, InformationTitle, Description FROM CollaborationGroup WHERE Id = :tmpVar1
08:23:34.368 (475477039)|SOQL_EXECUTE_END|[34]|Rows:1
08:23:34.368 (475497442)|HEAP_ALLOCATE|[34]|Bytes:8
08:23:34.368 (475511390)|HEAP_ALLOCATE|[34]|Bytes:322
08:23:34.368 (475526154)|HEAP_ALLOCATE|[34]|Bytes:8
08:23:34.368 (475556581)|HEAP_ALLOCATE|[34]|Bytes:32
08:23:34.368 (475565511)|VARIABLE_SCOPE_BEGIN|[34]|cg|CollaborationGroup|true|false
08:23:34.368 (475595210)|VARIABLE_ASSIGNMENT|[34]|cg|{"s":1,"v":{"Id":"0F936000000RiSACA0","Name":"Conferencing Solutio (2 more) ...","FullPhotoUrl":"/sfsites/c/profileph (21 more) ...","NetworkId":"0DB36000000HTZwGAO","MemberCount":8,"InformationTitle":"Important Links","Description":"Chat here about all  (86 more) ..."}}|0x27b7b6ef
08:23:34.368 (475635910)|STATEMENT_EXECUTE|[35]
08:23:34.368 (475644509)|METHOD_ENTRY|[33]||Database.QueryLocatorIterator.hasNext()
08:23:34.368 (475667860)|METHOD_EXIT|[33]||Database.QueryLocatorIterator.hasNext()
08:23:34.368 (475673847)|METHOD_ENTRY|[33]||Database.QueryLocatorIterator.next()
08:23:34.368 (475739411)|METHOD_EXIT|[33]||Database.QueryLocatorIterator.next()
08:23:34.368 (475747218)|VARIABLE_SCOPE_BEGIN|[33]|cgm|CollaborationGroupMember|true|false
08:23:34.368 (475763973)|VARIABLE_ASSIGNMENT|[33]|cgm|{"s":1,"v":{"Id":"0FB36000000J2lAGAS","CollaborationGroupId":"0F936000000RiSBCA0"}}|0x6d50af71
08:23:34.368 (475767392)|STATEMENT_EXECUTE|[33]
08:23:34.368 (475768626)|STATEMENT_EXECUTE|[34]
08:23:34.368 (475773231)|HEAP_ALLOCATE|[34]|Bytes:4
08:23:34.368 (475996540)|SOQL_EXECUTE_BEGIN|[34]|Aggregations:0|SELECT Id, Name, FullPhotoUrl, NetworkID, MemberCount, InformationTitle, Description FROM CollaborationGroup WHERE Id = :tmpVar1
08:23:34.368 (477763281)|SOQL_EXECUTE_END|[34]|Rows:1
08:23:34.368 (477783313)|HEAP_ALLOCATE|[34]|Bytes:8
08:23:34.368 (477798020)|HEAP_ALLOCATE|[34]|Bytes:339
08:23:34.368 (477812067)|HEAP_ALLOCATE|[34]|Bytes:8
08:23:34.368 (477843272)|HEAP_ALLOCATE|[34]|Bytes:32
08:23:34.368 (477852104)|VARIABLE_SCOPE_BEGIN|[34]|cg|CollaborationGroup|true|false
08:23:34.368 (477877409)|VARIABLE_ASSIGNMENT|[34]|cg|{"s":1,"v":{"Id":"0F936000000RiSBCA0","Name":"Speakers & Headphone (1 more) ...","FullPhotoUrl":"/sfsites/c/profileph (21 more) ...","NetworkId":"0DB36000000HTZwGAO","MemberCount":7,"InformationTitle":"Important Links","Description":"Chat about our speak (104 more) ..."}}|0x5e0f2cb1
08:23:34.368 (477915994)|STATEMENT_EXECUTE|[35]
08:23:34.368 (477924829)|METHOD_ENTRY|[33]||Database.QueryLocatorIterator.hasNext()
08:23:34.368 (477949637)|METHOD_EXIT|[33]||Database.QueryLocatorIterator.hasNext()
08:23:34.368 (477955557)|METHOD_ENTRY|[33]||Database.QueryLocatorIterator.next()
08:23:34.368 (478016770)|METHOD_EXIT|[33]||Database.QueryLocatorIterator.next()
08:23:34.368 (478025414)|VARIABLE_SCOPE_BEGIN|[33]|cgm|CollaborationGroupMember|true|false
08:23:34.368 (478041850)|VARIABLE_ASSIGNMENT|[33]|cgm|{"s":1,"v":{"Id":"0FB36000000J2lMGAS","CollaborationGroupId":"0F936000000RiSCCA0"}}|0x41266634
08:23:34.368 (478045098)|STATEMENT_EXECUTE|[33]
08:23:34.368 (478046295)|STATEMENT_EXECUTE|[34]
08:23:34.368 (478050649)|HEAP_ALLOCATE|[34]|Bytes:4
08:23:34.368 (478275278)|SOQL_EXECUTE_BEGIN|[34]|Aggregations:0|SELECT Id, Name, FullPhotoUrl, NetworkID, MemberCount, InformationTitle, Description FROM CollaborationGroup WHERE Id = :tmpVar1
08:23:34.368 (480111327)|SOQL_EXECUTE_END|[34]|Rows:1
08:23:34.368 (480130441)|HEAP_ALLOCATE|[34]|Bytes:8
08:23:34.368 (480145135)|HEAP_ALLOCATE|[34]|Bytes:315
08:23:34.368 (480159343)|HEAP_ALLOCATE|[34]|Bytes:8
08:23:34.368 (480189421)|HEAP_ALLOCATE|[34]|Bytes:32
08:23:34.368 (480197978)|VARIABLE_SCOPE_BEGIN|[34]|cg|CollaborationGroup|true|false
08:23:34.368 (480227494)|VARIABLE_ASSIGNMENT|[34]|cg|{"s":1,"v":{"Id":"0F936000000RiSCCA0","Name":"Partner Connect Conf (6 more) ...","FullPhotoUrl":"/sfsites/c/profileph (21 more) ...","NetworkId":"0DB36000000HTZvGAO","MemberCount":6,"InformationTitle":"Conference Informati (2 more) ...","Description":"Get the latest news, (68 more) ..."}}|0x4c21e3dc
08:23:34.368 (480265468)|STATEMENT_EXECUTE|[35]
08:23:34.368 (480274041)|METHOD_ENTRY|[33]||Database.QueryLocatorIterator.hasNext()
08:23:34.368 (480298373)|METHOD_EXIT|[33]||Database.QueryLocatorIterator.hasNext()
08:23:34.368 (480304363)|METHOD_ENTRY|[33]||Database.QueryLocatorIterator.next()
08:23:34.368 (480364582)|METHOD_EXIT|[33]||Database.QueryLocatorIterator.next()
08:23:34.368 (480372272)|VARIABLE_SCOPE_BEGIN|[33]|cgm|CollaborationGroupMember|true|false
08:23:34.368 (480388685)|VARIABLE_ASSIGNMENT|[33]|cgm|{"s":1,"v":{"Id":"0FB36000000J2lLGAS","CollaborationGroupId":"0F936000000RiSDCA0"}}|0x368d86c5
08:23:34.368 (480391955)|STATEMENT_EXECUTE|[33]
08:23:34.368 (480393150)|STATEMENT_EXECUTE|[34]
08:23:34.368 (480397533)|HEAP_ALLOCATE|[34]|Bytes:4
08:23:34.368 (480620074)|SOQL_EXECUTE_BEGIN|[34]|Aggregations:0|SELECT Id, Name, FullPhotoUrl, NetworkID, MemberCount, InformationTitle, Description FROM CollaborationGroup WHERE Id = :tmpVar1
08:23:34.368 (482323673)|SOQL_EXECUTE_END|[34]|Rows:1
08:23:34.368 (482343767)|HEAP_ALLOCATE|[34]|Bytes:8
08:23:34.368 (482358086)|HEAP_ALLOCATE|[34]|Bytes:297
08:23:34.368 (482372067)|HEAP_ALLOCATE|[34]|Bytes:8
08:23:34.368 (482402189)|HEAP_ALLOCATE|[34]|Bytes:32
08:23:34.368 (482411043)|VARIABLE_SCOPE_BEGIN|[34]|cg|CollaborationGroup|true|false
08:23:34.368 (482435120)|VARIABLE_ASSIGNMENT|[34]|cg|{"s":1,"v":{"Id":"0F936000000RiSDCA0","Name":"Selling: Conference  (8 more) ...","FullPhotoUrl":"/sfsites/c/profileph (21 more) ...","NetworkId":"0DB36000000HTZvGAO","MemberCount":8,"InformationTitle":"Key Materials","Description":"Get advice and discu (57 more) ..."}}|0x554f8403
08:23:34.368 (482471489)|STATEMENT_EXECUTE|[35]
08:23:34.368 (482479911)|METHOD_ENTRY|[33]||Database.QueryLocatorIterator.hasNext()
08:23:34.368 (482504082)|METHOD_EXIT|[33]||Database.QueryLocatorIterator.hasNext()
08:23:34.368 (482509883)|METHOD_ENTRY|[33]||Database.QueryLocatorIterator.next()
08:23:34.368 (482569422)|METHOD_EXIT|[33]||Database.QueryLocatorIterator.next()
08:23:34.368 (482576842)|VARIABLE_SCOPE_BEGIN|[33]|cgm|CollaborationGroupMember|true|false
08:23:34.368 (482593109)|VARIABLE_ASSIGNMENT|[33]|cgm|{"s":1,"v":{"Id":"0FB36000000J2mZGAS","CollaborationGroupId":"0F936000000RiSGCA0"}}|0x39a64ed2
08:23:34.368 (482596420)|STATEMENT_EXECUTE|[33]
08:23:34.368 (482597598)|STATEMENT_EXECUTE|[34]
08:23:34.368 (482601967)|HEAP_ALLOCATE|[34]|Bytes:4
08:23:34.368 (482838725)|SOQL_EXECUTE_BEGIN|[34]|Aggregations:0|SELECT Id, Name, FullPhotoUrl, NetworkID, MemberCount, InformationTitle, Description FROM CollaborationGroup WHERE Id = :tmpVar1
08:23:34.368 (484741276)|SOQL_EXECUTE_END|[34]|Rows:1
08:23:34.368 (484761056)|HEAP_ALLOCATE|[34]|Bytes:8
08:23:34.368 (484775564)|HEAP_ALLOCATE|[34]|Bytes:257
08:23:34.368 (484790958)|HEAP_ALLOCATE|[34]|Bytes:8
08:23:34.368 (484822615)|HEAP_ALLOCATE|[34]|Bytes:28
08:23:34.368 (484831817)|VARIABLE_SCOPE_BEGIN|[34]|cg|CollaborationGroup|true|false
08:23:34.368 (484859058)|VARIABLE_ASSIGNMENT|[34]|cg|{"s":1,"v":{"Id":"0F936000000RiSGCA0","Name":"Home Theater Design","FullPhotoUrl":"/sfsites/c/profileph (21 more) ...","NetworkId":"0DB36000000HTZsGAO","MemberCount":6,"Description":"A group dedicated to (59 more) ..."}}|0x47a1218c
08:23:34.368 (484897767)|STATEMENT_EXECUTE|[35]
08:23:34.368 (484906790)|METHOD_ENTRY|[33]||Database.QueryLocatorIterator.hasNext()
08:23:34.368 (484931741)|METHOD_EXIT|[33]||Database.QueryLocatorIterator.hasNext()
08:23:34.368 (484937411)|METHOD_ENTRY|[33]||Database.QueryLocatorIterator.next()
08:23:34.368 (485000249)|METHOD_EXIT|[33]||Database.QueryLocatorIterator.next()
08:23:34.368 (485008948)|VARIABLE_SCOPE_BEGIN|[33]|cgm|CollaborationGroupMember|true|false
08:23:34.368 (485025114)|VARIABLE_ASSIGNMENT|[33]|cgm|{"s":1,"v":{"Id":"0FB36000000J2kmGAC","CollaborationGroupId":"0F936000000RiSHCA0"}}|0x1944c167
08:23:34.368 (485028472)|STATEMENT_EXECUTE|[33]
08:23:34.368 (485029651)|STATEMENT_EXECUTE|[34]
08:23:34.368 (485034071)|HEAP_ALLOCATE|[34]|Bytes:4
08:23:34.368 (485274363)|SOQL_EXECUTE_BEGIN|[34]|Aggregations:0|SELECT Id, Name, FullPhotoUrl, NetworkID, MemberCount, InformationTitle, Description FROM CollaborationGroup WHERE Id = :tmpVar1
08:23:34.368 (487179023)|SOQL_EXECUTE_END|[34]|Rows:1
08:23:34.368 (487199502)|HEAP_ALLOCATE|[34]|Bytes:8
08:23:34.368 (487212451)|HEAP_ALLOCATE|[34]|Bytes:136
08:23:34.368 (487226196)|HEAP_ALLOCATE|[34]|Bytes:8
08:23:34.368 (487256348)|HEAP_ALLOCATE|[34]|Bytes:20
08:23:34.368 (487265437)|VARIABLE_SCOPE_BEGIN|[34]|cg|CollaborationGroup|true|false
08:23:34.368 (487287026)|VARIABLE_ASSIGNMENT|[34]|cg|{"s":1,"v":{"Id":"0F936000000RiSHCA0","Name":"Support Management T (3 more) ...","FullPhotoUrl":"/sfsites/c/profileph (21 more) ...","MemberCount":6}}|0x4435354e
08:23:34.368 (487300363)|STATEMENT_EXECUTE|[35]
08:23:34.368 (487310491)|METHOD_ENTRY|[33]||Database.QueryLocatorIterator.hasNext()
08:23:34.368 (487339981)|METHOD_EXIT|[33]||Database.QueryLocatorIterator.hasNext()
08:23:34.368 (487346525)|METHOD_ENTRY|[33]||Database.QueryLocatorIterator.next()
08:23:34.368 (487406831)|METHOD_EXIT|[33]||Database.QueryLocatorIterator.next()
08:23:34.368 (487414213)|VARIABLE_SCOPE_BEGIN|[33]|cgm|CollaborationGroupMember|true|false
08:23:34.368 (487430325)|VARIABLE_ASSIGNMENT|[33]|cgm|{"s":1,"v":{"Id":"0FB36000000J2nIGAS","CollaborationGroupId":"0F936000000RiSICA0"}}|0x74455e18
08:23:34.368 (487433804)|STATEMENT_EXECUTE|[33]
08:23:34.368 (487435024)|STATEMENT_EXECUTE|[34]
08:23:34.368 (487439723)|HEAP_ALLOCATE|[34]|Bytes:4
08:23:34.368 (487664804)|SOQL_EXECUTE_BEGIN|[34]|Aggregations:0|SELECT Id, Name, FullPhotoUrl, NetworkID, MemberCount, InformationTitle, Description FROM CollaborationGroup WHERE Id = :tmpVar1
08:23:34.368 (489573328)|SOQL_EXECUTE_END|[34]|Rows:1
08:23:34.368 (489593493)|HEAP_ALLOCATE|[34]|Bytes:8
08:23:34.368 (489608428)|HEAP_ALLOCATE|[34]|Bytes:296
08:23:34.368 (489623581)|HEAP_ALLOCATE|[34]|Bytes:8
08:23:34.368 (489655938)|HEAP_ALLOCATE|[34]|Bytes:28
08:23:34.368 (489664743)|VARIABLE_SCOPE_BEGIN|[34]|cg|CollaborationGroup|true|false
08:23:34.368 (489688667)|VARIABLE_ASSIGNMENT|[34]|cg|{"s":1,"v":{"Id":"0F936000000RiSICA0","Name":"Product Help","FullPhotoUrl":"/sfsites/c/profileph (21 more) ...","NetworkId":"0DB36000000HTZwGAO","MemberCount":10,"Description":"This is the place to (105 more) ..."}}|0x4c24daf7
08:23:34.368 (489742923)|STATEMENT_EXECUTE|[35]
08:23:34.368 (489752858)|METHOD_ENTRY|[33]||Database.QueryLocatorIterator.hasNext()
08:23:34.368 (489779071)|METHOD_EXIT|[33]||Database.QueryLocatorIterator.hasNext()
08:23:34.368 (489785148)|METHOD_ENTRY|[33]||Database.QueryLocatorIterator.next()
08:23:34.368 (489848337)|METHOD_EXIT|[33]||Database.QueryLocatorIterator.next()
08:23:34.368 (489856696)|VARIABLE_SCOPE_BEGIN|[33]|cgm|CollaborationGroupMember|true|false
08:23:34.368 (489873294)|VARIABLE_ASSIGNMENT|[33]|cgm|{"s":1,"v":{"Id":"0FB36000000J2nJGAS","CollaborationGroupId":"0F936000000RiSJCA0"}}|0x7cc0f25d
08:23:34.368 (489876748)|STATEMENT_EXECUTE|[33]
08:23:34.368 (489878064)|STATEMENT_EXECUTE|[34]
08:23:34.368 (489882911)|HEAP_ALLOCATE|[34]|Bytes:4
08:23:34.368 (490123918)|SOQL_EXECUTE_BEGIN|[34]|Aggregations:0|SELECT Id, Name, FullPhotoUrl, NetworkID, MemberCount, InformationTitle, Description FROM CollaborationGroup WHERE Id = :tmpVar1
08:23:34.368 (492058671)|SOQL_EXECUTE_END|[34]|Rows:1
08:23:34.368 (492096176)|HEAP_ALLOCATE|[34]|Bytes:8
08:23:34.368 (492111511)|HEAP_ALLOCATE|[34]|Bytes:454
08:23:34.368 (492127207)|HEAP_ALLOCATE|[34]|Bytes:8
08:23:34.368 (492159443)|HEAP_ALLOCATE|[34]|Bytes:28
08:23:34.368 (492168414)|VARIABLE_SCOPE_BEGIN|[34]|cg|CollaborationGroup|true|false
08:23:34.368 (492192678)|VARIABLE_ASSIGNMENT|[34]|cg|{"s":1,"v":{"Id":"0F936000000RiSJCA0","Name":"Beta Program","FullPhotoUrl":"/sfsites/c/profileph (21 more) ...","NetworkId":"0DB36000000HTZwGAO","MemberCount":5,"Description":"Welcome to the Beta  (263 more) ..."}}|0x68ee645a
08:23:34.368 (492234420)|STATEMENT_EXECUTE|[35]
08:23:34.368 (492244361)|METHOD_ENTRY|[33]||Database.QueryLocatorIterator.hasNext()
08:23:34.368 (492269714)|METHOD_EXIT|[33]||Database.QueryLocatorIterator.hasNext()
08:23:34.368 (492279725)|METHOD_ENTRY|[33]||Database.QueryLocatorIterator.next()
08:23:34.368 (492344856)|METHOD_EXIT|[33]||Database.QueryLocatorIterator.next()
08:23:34.368 (492352322)|VARIABLE_SCOPE_BEGIN|[33]|cgm|CollaborationGroupMember|true|false
08:23:34.368 (492368321)|VARIABLE_ASSIGNMENT|[33]|cgm|{"s":1,"v":{"Id":"0FB36000000J2kJGAS","CollaborationGroupId":"0F936000000RiSLCA0"}}|0x38c3e161
08:23:34.368 (492371759)|STATEMENT_EXECUTE|[33]
08:23:34.368 (492372917)|STATEMENT_EXECUTE|[34]
08:23:34.368 (492377398)|HEAP_ALLOCATE|[34]|Bytes:4
08:23:34.368 (492609416)|SOQL_EXECUTE_BEGIN|[34]|Aggregations:0|SELECT Id, Name, FullPhotoUrl, NetworkID, MemberCount, InformationTitle, Description FROM CollaborationGroup WHERE Id = :tmpVar1
08:23:34.368 (494370593)|SOQL_EXECUTE_END|[34]|Rows:1
08:23:34.368 (494391272)|HEAP_ALLOCATE|[34]|Bytes:8
08:23:34.368 (494405619)|HEAP_ALLOCATE|[34]|Bytes:192
08:23:34.368 (494420993)|HEAP_ALLOCATE|[34]|Bytes:8
08:23:34.368 (494451844)|HEAP_ALLOCATE|[34]|Bytes:24
08:23:34.368 (494460770)|VARIABLE_SCOPE_BEGIN|[34]|cg|CollaborationGroup|true|false
08:23:34.368 (494484315)|VARIABLE_ASSIGNMENT|[34]|cg|{"s":1,"v":{"Id":"0F936000000RiSLCA0","Name":"Competitive Experts","FullPhotoUrl":"/sfsites/c/profileph (21 more) ...","MemberCount":11,"Description":"Get deal support fro (25 more) ..."}}|0x73a0f94b
08:23:34.368 (494498140)|STATEMENT_EXECUTE|[35]
08:23:34.368 (494508878)|METHOD_ENTRY|[33]||Database.QueryLocatorIterator.hasNext()
08:23:34.368 (494538889)|METHOD_EXIT|[33]||Database.QueryLocatorIterator.hasNext()
08:23:34.368 (494545420)|METHOD_ENTRY|[33]||Database.QueryLocatorIterator.next()
08:23:34.368 (494623887)|METHOD_EXIT|[33]||Database.QueryLocatorIterator.next()
08:23:34.368 (494631969)|VARIABLE_SCOPE_BEGIN|[33]|cgm|CollaborationGroupMember|true|false
08:23:34.368 (494648153)|VARIABLE_ASSIGNMENT|[33]|cgm|{"s":1,"v":{"Id":"0FB36000000J2ndGAC","CollaborationGroupId":"0F936000000RiSNCA0"}}|0x764e28d
08:23:34.368 (494651580)|STATEMENT_EXECUTE|[33]
08:23:34.368 (494652797)|STATEMENT_EXECUTE|[34]
08:23:34.368 (494657420)|HEAP_ALLOCATE|[34]|Bytes:4
08:23:34.368 (494914992)|SOQL_EXECUTE_BEGIN|[34]|Aggregations:0|SELECT Id, Name, FullPhotoUrl, NetworkID, MemberCount, InformationTitle, Description FROM CollaborationGroup WHERE Id = :tmpVar1
08:23:34.368 (496540880)|SOQL_EXECUTE_END|[34]|Rows:1
08:23:34.368 (496561768)|HEAP_ALLOCATE|[34]|Bytes:8
08:23:34.368 (496576713)|HEAP_ALLOCATE|[34]|Bytes:467
08:23:34.368 (496594846)|HEAP_ALLOCATE|[34]|Bytes:8
08:23:34.368 (496626523)|HEAP_ALLOCATE|[34]|Bytes:28
08:23:34.368 (496635435)|VARIABLE_SCOPE_BEGIN|[34]|cg|CollaborationGroup|true|false
08:23:34.368 (496662453)|VARIABLE_ASSIGNMENT|[34]|cg|{"s":1,"v":{"Id":"0F936000000RiSNCA0","Name":"Community MVPs","FullPhotoUrl":"/sfsites/c/profileph (21 more) ...","NetworkId":"0DB36000000HTZuGAO","MemberCount":8,"Description":"This program recogni (274 more) ..."}}|0x78166640
08:23:34.368 (496729441)|STATEMENT_EXECUTE|[35]
08:23:34.368 (496739159)|METHOD_ENTRY|[33]||Database.QueryLocatorIterator.hasNext()
08:23:34.368 (496764483)|METHOD_EXIT|[33]||Database.QueryLocatorIterator.hasNext()
08:23:34.368 (496770333)|METHOD_ENTRY|[33]||Database.QueryLocatorIterator.next()
08:23:34.368 (496851773)|METHOD_EXIT|[33]||Database.QueryLocatorIterator.next()
08:23:34.368 (496859528)|VARIABLE_SCOPE_BEGIN|[33]|cgm|CollaborationGroupMember|true|false
08:23:34.368 (496887546)|VARIABLE_ASSIGNMENT|[33]|cgm|{"s":1,"v":{"Id":"0FB36000000J2kNGAS","CollaborationGroupId":"0F936000000RiSPCA0"}}|0x477ed8fd
08:23:34.368 (496891674)|STATEMENT_EXECUTE|[33]
08:23:34.368 (496892907)|STATEMENT_EXECUTE|[34]
08:23:34.368 (496897698)|HEAP_ALLOCATE|[34]|Bytes:4
08:23:34.368 (497135075)|SOQL_EXECUTE_BEGIN|[34]|Aggregations:0|SELECT Id, Name, FullPhotoUrl, NetworkID, MemberCount, InformationTitle, Description FROM CollaborationGroup WHERE Id = :tmpVar1
08:23:34.368 (498887171)|SOQL_EXECUTE_END|[34]|Rows:1
08:23:34.368 (498910671)|HEAP_ALLOCATE|[34]|Bytes:8
08:23:34.368 (498927129)|HEAP_ALLOCATE|[34]|Bytes:179
08:23:34.368 (498942739)|HEAP_ALLOCATE|[34]|Bytes:8
08:23:34.368 (498974742)|HEAP_ALLOCATE|[34]|Bytes:24
08:23:34.368 (498983924)|VARIABLE_SCOPE_BEGIN|[34]|cg|CollaborationGroup|true|false
08:23:34.368 (499006696)|VARIABLE_ASSIGNMENT|[34]|cg|{"s":1,"v":{"Id":"0F936000000RiSPCA0","Name":"Product Experts","FullPhotoUrl":"/sfsites/c/profileph (21 more) ...","MemberCount":9,"Description":"Get product support  (16 more) ..."}}|0x7834a713
08:23:34.368 (499020910)|STATEMENT_EXECUTE|[35]
08:23:34.368 (499031767)|METHOD_ENTRY|[33]||Database.QueryLocatorIterator.hasNext()
08:23:34.368 (499058050)|METHOD_EXIT|[33]||Database.QueryLocatorIterator.hasNext()
08:23:34.368 (499064011)|METHOD_ENTRY|[33]||Database.QueryLocatorIterator.next()
08:23:34.368 (499124667)|METHOD_EXIT|[33]||Database.QueryLocatorIterator.next()
08:23:34.368 (499132147)|VARIABLE_SCOPE_BEGIN|[33]|cgm|CollaborationGroupMember|true|false
08:23:34.368 (499148369)|VARIABLE_ASSIGNMENT|[33]|cgm|{"s":1,"v":{"Id":"0FB36000000J2kcGAC","CollaborationGroupId":"0F936000000RiSQCA0"}}|0x5c3417d2
08:23:34.368 (499151700)|STATEMENT_EXECUTE|[33]
08:23:34.368 (499152976)|STATEMENT_EXECUTE|[34]
08:23:34.368 (499157797)|HEAP_ALLOCATE|[34]|Bytes:4
08:23:34.368 (499387559)|SOQL_EXECUTE_BEGIN|[34]|Aggregations:0|SELECT Id, Name, FullPhotoUrl, NetworkID, MemberCount, InformationTitle, Description FROM CollaborationGroup WHERE Id = :tmpVar1
08:23:34.368 (501425821)|SOQL_EXECUTE_END|[34]|Rows:1
08:23:34.368 (501446362)|HEAP_ALLOCATE|[34]|Bytes:8
08:23:34.368 (501460725)|HEAP_ALLOCATE|[34]|Bytes:215
08:23:34.368 (501474981)|HEAP_ALLOCATE|[34]|Bytes:8
08:23:34.368 (501507025)|HEAP_ALLOCATE|[34]|Bytes:24
08:23:34.368 (501516267)|VARIABLE_SCOPE_BEGIN|[34]|cg|CollaborationGroup|true|false
08:23:34.368 (501540888)|VARIABLE_ASSIGNMENT|[34]|cg|{"s":1,"v":{"Id":"0F936000000RiSQCA0","Name":"Customer Collaborati (2 more) ...","FullPhotoUrl":"/sfsites/c/profileph (21 more) ...","MemberCount":9,"Description":"This Group is used t (45 more) ..."}}|0x4b2bc2da
08:23:34.368 (501554290)|STATEMENT_EXECUTE|[35]
08:23:34.368 (501565057)|METHOD_ENTRY|[33]||Database.QueryLocatorIterator.hasNext()
08:23:34.368 (501590245)|METHOD_EXIT|[33]||Database.QueryLocatorIterator.hasNext()
08:23:34.368 (501596211)|METHOD_ENTRY|[33]||Database.QueryLocatorIterator.next()
08:23:34.368 (501660936)|METHOD_EXIT|[33]||Database.QueryLocatorIterator.next()
08:23:34.368 (501668595)|VARIABLE_SCOPE_BEGIN|[33]|cgm|CollaborationGroupMember|true|false
08:23:34.368 (501684961)|VARIABLE_ASSIGNMENT|[33]|cgm|{"s":1,"v":{"Id":"0FB36000000J2lGGAS","CollaborationGroupId":"0F936000000RiSSCA0"}}|0x7bd8192c
08:23:34.368 (501688267)|STATEMENT_EXECUTE|[33]
08:23:34.368 (501689457)|STATEMENT_EXECUTE|[34]
08:23:34.368 (501693980)|HEAP_ALLOCATE|[34]|Bytes:4
08:23:34.368 (501935699)|SOQL_EXECUTE_BEGIN|[34]|Aggregations:0|SELECT Id, Name, FullPhotoUrl, NetworkID, MemberCount, InformationTitle, Description FROM CollaborationGroup WHERE Id = :tmpVar1
08:23:34.368 (503671282)|SOQL_EXECUTE_END|[34]|Rows:1
08:23:34.368 (503690780)|HEAP_ALLOCATE|[34]|Bytes:8
08:23:34.368 (503709165)|HEAP_ALLOCATE|[34]|Bytes:337
08:23:34.368 (503723590)|HEAP_ALLOCATE|[34]|Bytes:8
08:23:34.368 (503753736)|HEAP_ALLOCATE|[34]|Bytes:32
08:23:34.368 (503762573)|VARIABLE_SCOPE_BEGIN|[34]|cg|CollaborationGroup|true|false
08:23:34.368 (503786405)|VARIABLE_ASSIGNMENT|[34]|cg|{"s":1,"v":{"Id":"0F936000000RiSSCA0","Name":"Hotspot Services","FullPhotoUrl":"/sfsites/c/profileph (21 more) ...","NetworkId":"0DB36000000HTZwGAO","MemberCount":5,"InformationTitle":"Service Plans","Description":"Own one of our conne (109 more) ..."}}|0x5e22930
08:23:34.368 (503831636)|STATEMENT_EXECUTE|[35]
08:23:34.368 (503840390)|METHOD_ENTRY|[33]||Database.QueryLocatorIterator.hasNext()
08:23:34.368 (503865005)|METHOD_EXIT|[33]||Database.QueryLocatorIterator.hasNext()
08:23:34.368 (503871005)|METHOD_ENTRY|[33]||Database.QueryLocatorIterator.next()
08:23:34.368 (503935933)|METHOD_EXIT|[33]||Database.QueryLocatorIterator.next()
08:23:34.368 (503943635)|VARIABLE_SCOPE_BEGIN|[33]|cgm|CollaborationGroupMember|true|false
08:23:34.368 (503959970)|VARIABLE_ASSIGNMENT|[33]|cgm|{"s":1,"v":{"Id":"0FB36000000J2lkGAC","CollaborationGroupId":"0F936000000RiSTCA0"}}|0x7a8aff33
08:23:34.368 (503963312)|STATEMENT_EXECUTE|[33]
08:23:34.368 (503964616)|STATEMENT_EXECUTE|[34]
08:23:34.368 (503969072)|HEAP_ALLOCATE|[34]|Bytes:4
08:23:34.368 (504190068)|SOQL_EXECUTE_BEGIN|[34]|Aggregations:0|SELECT Id, Name, FullPhotoUrl, NetworkID, MemberCount, InformationTitle, Description FROM CollaborationGroup WHERE Id = :tmpVar1
08:23:34.368 (505895751)|SOQL_EXECUTE_END|[34]|Rows:1
08:23:34.368 (505916202)|HEAP_ALLOCATE|[34]|Bytes:8
08:23:34.368 (505930219)|HEAP_ALLOCATE|[34]|Bytes:123
08:23:34.368 (505944158)|HEAP_ALLOCATE|[34]|Bytes:8
08:23:34.368 (505974301)|HEAP_ALLOCATE|[34]|Bytes:20
08:23:34.368 (505983230)|VARIABLE_SCOPE_BEGIN|[34]|cg|CollaborationGroup|true|false
08:23:34.368 (506004799)|VARIABLE_ASSIGNMENT|[34]|cg|{"s":1,"v":{"Id":"0F936000000RiSTCA0","Name":"Chatter Marquee Aler (2 more) ...","FullPhotoUrl":"/sfsites/c/profileph (9 more) ...","MemberCount":15}}|0x2f202c6a
08:23:34.368 (506018609)|STATEMENT_EXECUTE|[35]
08:23:34.368 (506029064)|METHOD_ENTRY|[33]||Database.QueryLocatorIterator.hasNext()
08:23:34.368 (506045622)|METHOD_EXIT|[33]||Database.QueryLocatorIterator.hasNext()
08:23:34.368 (506054204)|VARIABLE_ASSIGNMENT|[33]|cgm|null|
08:23:34.368 (506077864)|STATEMENT_EXECUTE|[46]
08:23:34.368 (506085490)|SYSTEM_MODE_EXIT|false
08:23:34.506 (506131402)|CUMULATIVE_LIMIT_USAGE
08:23:34.506 (506131402)|LIMIT_USAGE_FOR_NS|(default)|
  Number of SOQL queries: 31 out of 100
  Number of query rows: 62 out of 50000
  Number of SOSL queries: 0 out of 20
  Number of DML statements: 0 out of 150
  Number of DML rows: 0 out of 10000
  Maximum CPU time: 6 out of 10000
  Maximum heap size: 0 out of 6000000
  Number of callouts: 0 out of 100
  Number of Email Invocations: 0 out of 10
  Number of future calls: 0 out of 50
  Number of queueable jobs added to the queue: 0 out of 50
  Number of Mobile Apex push calls: 0 out of 10

08:23:34.506 (506131402)|CUMULATIVE_LIMIT_USAGE_END

08:23:34.368 (506177932)|CODE_UNIT_FINISHED|communityChatterGroups.getUserGroups
08:23:34.368 (508123328)|EXECUTION_FINISHED
08:23:34.538 (538828098)|USER_INFO|[EXTERNAL]|00536000001rY1L|dscruggs@kocollaboration.demo|Eastern Standard Time|GMT-05:00
08:23:34.538 (538854073)|EXECUTION_STARTED
08:23:34.538 (538860748)|CODE_UNIT_STARTED|[EXTERNAL]|01p3600000Armth|MyTeamController.getHierarchy
08:23:34.538 (538950716)|HEAP_ALLOCATE|[EXTERNAL]|Bytes:10
08:23:34.538 (538960746)|HEAP_ALLOCATE|[EXTERNAL]|Bytes:2
08:23:34.538 (538976200)|METHOD_ENTRY|[1]|01p3600000Armth|MyTeamController.MyTeamController()
08:23:34.538 (538980266)|STATEMENT_EXECUTE|[1]
08:23:34.538 (538986565)|STATEMENT_EXECUTE|[1]
08:23:34.538 (538998106)|SYSTEM_MODE_ENTER|false
08:23:34.538 (539006522)|HEAP_ALLOCATE|[EXTERNAL]|Bytes:5
08:23:34.538 (539014273)|SYSTEM_MODE_EXIT|false
08:23:34.538 (539023514)|METHOD_EXIT|[1]|MyTeamController
08:23:34.538 (539028970)|HEAP_ALLOCATE|[EXTERNAL]|Bytes:5
08:23:34.538 (539036972)|SYSTEM_MODE_ENTER|false
08:23:34.538 (539048751)|VARIABLE_SCOPE_BEGIN|[3]|userid|String|false|false
08:23:34.538 (539080233)|VARIABLE_ASSIGNMENT|[3]|userid|null
08:23:34.538 (539085277)|VARIABLE_SCOPE_BEGIN|[3]|useContacts|Boolean|false|false
08:23:34.538 (539090907)|VARIABLE_ASSIGNMENT|[3]|useContacts|true
08:23:34.538 (539104041)|HEAP_ALLOCATE|[4]|Bytes:5
08:23:34.538 (539109126)|STATEMENT_EXECUTE|[3]
08:23:34.538 (539112762)|STATEMENT_EXECUTE|[5]
08:23:34.538 (539129969)|METHOD_ENTRY|[5]||System.UserInfo.getUserId()
08:23:34.538 (539168224)|METHOD_EXIT|[5]||System.UserInfo.getUserId()
08:23:34.538 (539179724)|VARIABLE_ASSIGNMENT|[5]|userid|"00536000001rY1LAAU"
08:23:34.538 (539182905)|STATEMENT_EXECUTE|[6]
08:23:34.538 (539195511)|HEAP_ALLOCATE|[6]|Bytes:4
08:23:34.538 (539212315)|METHOD_ENTRY|[6]|01p3600000Armth|MyTeamController.getFocusUser(Id)
08:23:34.538 (539231690)|VARIABLE_SCOPE_BEGIN|[23]|currentFocusUserId|Id|false|false
08:23:34.538 (539344790)|VARIABLE_ASSIGNMENT|[23]|currentFocusUserId|"00536000001rY1LAAU"
08:23:34.538 (539354909)|HEAP_ALLOCATE|[24]|Bytes:5
08:23:34.538 (539359166)|STATEMENT_EXECUTE|[23]
08:23:34.538 (539360571)|STATEMENT_EXECUTE|[24]
08:23:34.538 (539364699)|HEAP_ALLOCATE|[24]|Bytes:279
08:23:34.538 (539377651)|HEAP_ALLOCATE|[24]|Bytes:4
08:23:34.538 (540233679)|SOQL_EXECUTE_BEGIN|[24]|Aggregations:0|SELECT Id, Name, ContactId, ReportsToContact__c, FirstName, LastName, UserRoleId, UserRole.Name, Title, ProfileId, ManagerId, Manager.Name, Manager.Email, Manager.Phone, Manager.Title, Manager.SmallPhotoUrl, FullPhotoUrl, SmallPhotoUrl, Phone, Email FROM User WHERE Id = :tmpVar1
08:23:34.538 (603409506)|SOQL_EXECUTE_END|[24]|Rows:1
08:23:34.538 (603451956)|HEAP_ALLOCATE|[24]|Bytes:8
08:23:34.538 (603489129)|HEAP_ALLOCATE|[24]|Bytes:615
08:23:34.538 (603528678)|HEAP_ALLOCATE|[24]|Bytes:8
08:23:34.538 (603598254)|HEAP_ALLOCATE|[24]|Bytes:56
08:23:34.538 (603616507)|VARIABLE_SCOPE_BEGIN|[24]|u|User|true|false
08:23:34.538 (603677542)|VARIABLE_ASSIGNMENT|[24]|u|{"s":1,"v":{"Id":"00536000001rY1LAAU","Name":"David Scruggs","FirstName":"David","LastName":"Scruggs","UserRoleId":"00E36000000fTqqEAE","Title":"VP Marketing, Coca-C (11 more) ...","ProfileId":"00e36000001H2QqAAK","ManagerId":"00536000001zklcAAA","FullPhotoUrl":"/sfsites/c/profileph (21 more) ...","SmallPhotoUrl":"/sfsites/c/profileph (21 more) ...","Email":"dscruggs@salesforce. (3 more) ...","UserRole":{"s":2,"v":{"Name":"VP of Sales","Id":"00E36000000fTqqEAE"}},"Manager":{"s":3,"v":{"Name":"Elliot Executive","Email":"eexec@example.com","Phone":"(187) 555-0197","Title":"SVP Sales","SmallPhotoUrl":"/sfsites/c/profileph (21 more) ...","Id":"00536000001zklcAAA"}}}}|0x79b700e1
08:23:34.538 (603688657)|STATEMENT_EXECUTE|[27]
08:23:34.538 (603716820)|METHOD_EXIT|[6]|01p3600000Armth|MyTeamController.getFocusUser(Id)
08:23:34.538 (603725088)|VARIABLE_SCOPE_BEGIN|[6]|currentUser|User|true|false
08:23:34.538 (603769130)|VARIABLE_ASSIGNMENT|[6]|currentUser|{"s":1,"v":{"Id":"00536000001rY1LAAU","Name":"David Scruggs","FirstName":"David","LastName":"Scruggs","UserRoleId":"00E36000000fTqqEAE","Title":"VP Marketing, Coca-C (11 more) ...","ProfileId":"00e36000001H2QqAAK","ManagerId":"00536000001zklcAAA","FullPhotoUrl":"/sfsites/c/profileph (21 more) ...","SmallPhotoUrl":"/sfsites/c/profileph (21 more) ...","Email":"dscruggs@salesforce. (3 more) ...","UserRole":{"s":2,"v":{"Name":"VP of Sales","Id":"00E36000000fTqqEAE"}},"Manager":{"s":3,"v":{"Name":"Elliot Executive","Email":"eexec@example.com","Phone":"(187) 555-0197","Title":"SVP Sales","SmallPhotoUrl":"/sfsites/c/profileph (21 more) ...","Id":"00536000001zklcAAA"}}}}|0x79b700e1
08:23:34.538 (603778421)|STATEMENT_EXECUTE|[7]
08:23:34.538 (603791000)|HEAP_ALLOCATE|[7]|Bytes:4
08:23:34.538 (603809453)|VARIABLE_SCOPE_BEGIN|[7]|JSONHierarchy|Map<String,ANY>|true|false
08:23:34.538 (603835796)|VARIABLE_ASSIGNMENT|[7]|JSONHierarchy|{"s":1,"v":{}}|0x40e62fa5
08:23:34.538 (603855403)|STATEMENT_EXECUTE|[8]
08:23:34.538 (603857281)|STATEMENT_EXECUTE|[17]
08:23:34.538 (603869483)|SYSTEM_MODE_EXIT|false
08:23:34.603 (603919179)|CUMULATIVE_LIMIT_USAGE
08:23:34.603 (603919179)|LIMIT_USAGE_FOR_NS|(default)|
  Number of SOQL queries: 32 out of 100
  Number of query rows: 63 out of 50000
  Number of SOSL queries: 0 out of 20
  Number of DML statements: 0 out of 150
  Number of DML rows: 0 out of 10000
  Maximum CPU time: 6 out of 10000
  Maximum heap size: 0 out of 6000000
  Number of callouts: 0 out of 100
  Number of Email Invocations: 0 out of 10
  Number of future calls: 0 out of 50
  Number of queueable jobs added to the queue: 0 out of 50
  Number of Mobile Apex push calls: 0 out of 10

08:23:34.603 (603919179)|CUMULATIVE_LIMIT_USAGE_END

08:23:34.538 (603966945)|CODE_UNIT_FINISHED|MyTeamController.getHierarchy
08:23:34.538 (606504460)|EXECUTION_FINISHED
